[I 2024-06-14 05:22:04,140] Trial 35 finished with value: 1.0 and parameters: {'num_filters_1': 41, 'num_filters_2': 64, 'num_filters_3': 82, 'kernel_size': (3, 3), 'strides': 2, 'l1_ratio': 0.0001475554550745657, 'l2_ratio': 0.00021711278680663307, 'learning_rate': 0.0001457587807870791}. Best is trial 0 with value: 1.0.
2024-06-14 05:22:04,147 - INFO - Creating model with params: {'num_filters_1': 45, 'num_filters_2': 65, 'num_filters_3': 101, 'kernel_size': (5, 5), 'strides': 2, 'l1_ratio': 0.0007006746917106521, 'l2_ratio': 0.006746065338527412, 'learning_rate': 5.8392070435061984e-05}
2024-06-14 05:22:04,436 - INFO - Training the model
2024-06-14 05:22:49,485 - INFO - Evaluating the model
2024-06-14 05:22:49,886 - INFO - Model accuracy: 1.0
[I 2024-06-14 05:22:49,888] Trial 36 finished with value: 1.0 and parameters: {'num_filters_1': 45, 'num_filters_2': 65, 'num_filters_3': 101, 'kernel_size': (5, 5), 'strides': 2, 'l1_ratio': 0.0007006746917106521, 'l2_ratio': 0.006746065338527412, 'learning_rate': 5.8392070435061984e-05}. Best is trial 0 with value: 1.0.
2024-06-14 05:22:49,897 - INFO - Creating model with params: {'num_filters_1': 16, 'num_filters_2': 112, 'num_filters_3': 85, 'kernel_size': (5, 5), 'strides': 2, 'l1_ratio': 0.0003597432191258311, 'l2_ratio': 1.610484153612276e-05, 'learning_rate': 0.00040627772957721524}
2024-06-14 05:22:50,188 - INFO - Training the model
2024-06-14 05:23:16,853 - INFO - Evaluating the model
2024-06-14 05:23:17,112 - INFO - Model accuracy: 1.0
[I 2024-06-14 05:23:17,114] Trial 37 finished with value: 1.0 and parameters: {'num_filters_1': 16, 'num_filters_2': 112, 'num_filters_3': 85, 'kernel_size': (5, 5), 'strides': 2, 'l1_ratio': 0.0003597432191258311, 'l2_ratio': 1.610484153612276e-05, 'learning_rate': 0.00040627772957721524}. Best is trial 0 with value: 1.0.
2024-06-14 05:23:17,123 - INFO - Creating model with params: {'num_filters_1': 53, 'num_filters_2': 128, 'num_filters_3': 99, 'kernel_size': (5, 5), 'strides': 1, 'l1_ratio': 0.0009902364740721824, 'l2_ratio': 0.00927432378358507, 'learning_rate': 0.00045294026498117896}
2024-06-14 05:23:17,434 - INFO - Training the model
2024-06-14 05:34:28,349 - INFO - Evaluating the model
2024-06-14 05:34:33,042 - INFO - Model accuracy: 1.0
[I 2024-06-14 05:34:33,044] Trial 38 finished with value: 1.0 and parameters: {'num_filters_1': 53, 'num_filters_2': 128, 'num_filters_3': 99, 'kernel_size': (5, 5), 'strides': 1, 'l1_ratio': 0.0009902364740721824, 'l2_ratio': 0.00927432378358507, 'learning_rate': 0.00045294026498117896}. Best is trial 0 with value: 1.0.
2024-06-14 05:34:33,052 - INFO - Creating model with params: {'num_filters_1': 38, 'num_filters_2': 127, 'num_filters_3': 109, 'kernel_size': (5, 5), 'strides': 1, 'l1_ratio': 0.00038545541221349374, 'l2_ratio': 0.0047189679858091315, 'learning_rate': 5.821627783965702e-05}
2024-06-14 05:34:33,363 - INFO - Training the model
2024-06-14 05:43:49,022 - INFO - Evaluating the model
2024-06-14 05:43:53,128 - INFO - Model accuracy: 1.0
[I 2024-06-14 05:43:53,131] Trial 39 finished with value: 1.0 and parameters: {'num_filters_1': 38, 'num_filters_2': 127, 'num_filters_3': 109, 'kernel_size': (5, 5), 'strides': 1, 'l1_ratio': 0.00038545541221349374, 'l2_ratio': 0.0047189679858091315, 'learning_rate': 5.821627783965702e-05}. Best is trial 0 with value: 1.0.
2024-06-14 05:43:53,139 - INFO - Creating model with params: {'num_filters_1': 42, 'num_filters_2': 101, 'num_filters_3': 73, 'kernel_size': (5, 5), 'strides': 1, 'l1_ratio': 2.5661155858514227e-06, 'l2_ratio': 0.0012760630696908406, 'learning_rate': 0.0007930802239581767}
2024-06-14 05:43:53,447 - INFO - Training the model
2024-06-14 05:52:16,460 - INFO - Evaluating the model
2024-06-14 05:52:20,087 - INFO - Model accuracy: 1.0
[I 2024-06-14 05:52:20,090] Trial 40 finished with value: 1.0 and parameters: {'num_filters_1': 42, 'num_filters_2': 101, 'num_filters_3': 73, 'kernel_size': (5, 5), 'strides': 1, 'l1_ratio': 2.5661155858514227e-06, 'l2_ratio': 0.0012760630696908406, 'learning_rate': 0.0007930802239581767}. Best is trial 0 with value: 1.0.
2024-06-14 05:52:20,099 - INFO - Creating model with params: {'num_filters_1': 38, 'num_filters_2': 123, 'num_filters_3': 111, 'kernel_size': (5, 5), 'strides': 1, 'l1_ratio': 0.0007435394075284939, 'l2_ratio': 0.0035289241592846464, 'learning_rate': 0.00038444378838769925}
2024-06-14 05:52:20,407 - INFO - Training the model
2024-06-14 06:01:21,063 - INFO - Evaluating the model
2024-06-14 06:01:25,088 - INFO - Model accuracy: 1.0
[I 2024-06-14 06:01:25,090] Trial 41 finished with value: 1.0 and parameters: {'num_filters_1': 38, 'num_filters_2': 123, 'num_filters_3': 111, 'kernel_size': (5, 5), 'strides': 1, 'l1_ratio': 0.0007435394075284939, 'l2_ratio': 0.0035289241592846464, 'learning_rate': 0.00038444378838769925}. Best is trial 0 with value: 1.0.
2024-06-14 06:01:25,099 - INFO - Creating model with params: {'num_filters_1': 24, 'num_filters_2': 96, 'num_filters_3': 40, 'kernel_size': (5, 5), 'strides': 1, 'l1_ratio': 1.500465720122894e-06, 'l2_ratio': 5.380579317013535e-06, 'learning_rate': 0.0001850229534255451}
2024-06-14 06:01:25,394 - INFO - Training the model
2024-06-14 06:06:12,966 - INFO - Evaluating the model
2024-06-14 06:06:15,088 - INFO - Model accuracy: 1.0
[I 2024-06-14 06:06:15,091] Trial 42 finished with value: 1.0 and parameters: {'num_filters_1': 24, 'num_filters_2': 96, 'num_filters_3': 40, 'kernel_size': (5, 5), 'strides': 1, 'l1_ratio': 1.500465720122894e-06, 'l2_ratio': 5.380579317013535e-06, 'learning_rate': 0.0001850229534255451}. Best is trial 0 with value: 1.0.
2024-06-14 06:06:15,100 - INFO - Creating model with params: {'num_filters_1': 20, 'num_filters_2': 114, 'num_filters_3': 38, 'kernel_size': (5, 5), 'strides': 1, 'l1_ratio': 2.073272673897128e-06, 'l2_ratio': 4.8423653271510485e-06, 'learning_rate': 0.0017887576660596846}
2024-06-14 06:06:15,393 - INFO - Training the model
2024-06-14 06:11:28,455 - INFO - Evaluating the model
2024-06-14 06:11:30,740 - INFO - Model accuracy: 1.0
[I 2024-06-14 06:11:30,742] Trial 43 finished with value: 1.0 and parameters: {'num_filters_1': 20, 'num_filters_2': 114, 'num_filters_3': 38, 'kernel_size': (5, 5), 'strides': 1, 'l1_ratio': 2.073272673897128e-06, 'l2_ratio': 4.8423653271510485e-06, 'learning_rate': 0.0017887576660596846}. Best is trial 0 with value: 1.0.
2024-06-14 06:11:30,751 - INFO - Creating model with params: {'num_filters_1': 30, 'num_filters_2': 99, 'num_filters_3': 118, 'kernel_size': (5, 5), 'strides': 1, 'l1_ratio': 0.0023777130845924286, 'l2_ratio': 0.00233164841713113, 'learning_rate': 0.0002957979902431913}
2024-06-14 06:11:31,067 - INFO - Training the model
2024-06-14 06:18:34,423 - INFO - Evaluating the model
2024-06-14 06:18:37,653 - INFO - Model accuracy: 1.0
[I 2024-06-14 06:18:37,656] Trial 44 finished with value: 1.0 and parameters: {'num_filters_1': 30, 'num_filters_2': 99, 'num_filters_3': 118, 'kernel_size': (5, 5), 'strides': 1, 'l1_ratio': 0.0023777130845924286, 'l2_ratio': 0.00233164841713113, 'learning_rate': 0.0002957979902431913}. Best is trial 0 with value: 1.0.
2024-06-14 06:18:37,664 - INFO - Creating model with params: {'num_filters_1': 27, 'num_filters_2': 101, 'num_filters_3': 114, 'kernel_size': (5, 5), 'strides': 1, 'l1_ratio': 0.004869469355042719, 'l2_ratio': 0.0009127344701818486, 'learning_rate': 0.006412436012583574}
2024-06-14 06:18:37,973 - INFO - Training the model
2024-06-14 06:25:27,470 - INFO - Evaluating the model
2024-06-14 06:25:30,561 - INFO - Model accuracy: 1.0
[I 2024-06-14 06:25:30,564] Trial 45 finished with value: 1.0 and parameters: {'num_filters_1': 27, 'num_filters_2': 101, 'num_filters_3': 114, 'kernel_size': (5, 5), 'strides': 1, 'l1_ratio': 0.004869469355042719, 'l2_ratio': 0.0009127344701818486, 'learning_rate': 0.006412436012583574}. Best is trial 0 with value: 1.0.
2024-06-14 06:25:30,572 - INFO - Creating model with params: {'num_filters_1': 35, 'num_filters_2': 119, 'num_filters_3': 123, 'kernel_size': (5, 5), 'strides': 1, 'l1_ratio': 0.0027025883766952936, 'l2_ratio': 0.0017066398996232516, 'learning_rate': 0.0002668917967909936}
2024-06-14 06:25:30,885 - INFO - Training the model
2024-06-14 06:34:26,626 - INFO - Evaluating the model
2024-06-14 06:34:30,627 - INFO - Model accuracy: 1.0
[I 2024-06-14 06:34:30,630] Trial 46 finished with value: 1.0 and parameters: {'num_filters_1': 35, 'num_filters_2': 119, 'num_filters_3': 123, 'kernel_size': (5, 5), 'strides': 1, 'l1_ratio': 0.0027025883766952936, 'l2_ratio': 0.0017066398996232516, 'learning_rate': 0.0002668917967909936}. Best is trial 0 with value: 1.0.
2024-06-14 06:34:30,639 - INFO - Creating model with params: {'num_filters_1': 32, 'num_filters_2': 116, 'num_filters_3': 128, 'kernel_size': (5, 5), 'strides': 1, 'l1_ratio': 8.876636856706768e-05, 'l2_ratio': 0.004819182030462207, 'learning_rate': 0.0022422173094171624}
2024-06-14 06:34:30,946 - INFO - Training the model
2024-06-14 06:41:48,119 - INFO - Evaluating the model
2024-06-14 06:41:51,526 - INFO - Model accuracy: 1.0
[I 2024-06-14 06:41:51,530] Trial 47 finished with value: 1.0 and parameters: {'num_filters_1': 32, 'num_filters_2': 116, 'num_filters_3': 128, 'kernel_size': (5, 5), 'strides': 1, 'l1_ratio': 8.876636856706768e-05, 'l2_ratio': 0.004819182030462207, 'learning_rate': 0.0022422173094171624}. Best is trial 0 with value: 1.0.
2024-06-14 06:41:51,538 - INFO - Creating model with params: {'num_filters_1': 21, 'num_filters_2': 76, 'num_filters_3': 47, 'kernel_size': (5, 5), 'strides': 1, 'l1_ratio': 9.41783101859327e-06, 'l2_ratio': 1.0892495698810277e-05, 'learning_rate': 0.0010678069251736809}
2024-06-14 06:41:51,837 - INFO - Training the model
2024-06-14 06:46:14,496 - INFO - Evaluating the model
2024-06-14 06:46:16,512 - INFO - Model accuracy: 1.0
[I 2024-06-14 06:46:16,514] Trial 48 finished with value: 1.0 and parameters: {'num_filters_1': 21, 'num_filters_2': 76, 'num_filters_3': 47, 'kernel_size': (5, 5), 'strides': 1, 'l1_ratio': 9.41783101859327e-06, 'l2_ratio': 1.0892495698810277e-05, 'learning_rate': 0.0010678069251736809}. Best is trial 0 with value: 1.0.
2024-06-14 06:46:16,523 - INFO - Creating model with params: {'num_filters_1': 18, 'num_filters_2': 88, 'num_filters_3': 36, 'kernel_size': (5, 5), 'strides': 1, 'l1_ratio': 5.0256237724069516e-05, 'l2_ratio': 6.397321326816584e-05, 'learning_rate': 0.0013007855322352611}
2024-06-14 06:46:16,821 - INFO - Training the model
2024-06-14 06:50:29,943 - INFO - Evaluating the model
2024-06-14 06:50:31,921 - INFO - Model accuracy: 1.0
[I 2024-06-14 06:50:31,923] Trial 49 finished with value: 1.0 and parameters: {'num_filters_1': 18, 'num_filters_2': 88, 'num_filters_3': 36, 'kernel_size': (5, 5), 'strides': 1, 'l1_ratio': 5.0256237724069516e-05, 'l2_ratio': 6.397321326816584e-05, 'learning_rate': 0.0013007855322352611}. Best is trial 0 with value: 1.0.
2024-06-14 06:50:31,923 - INFO - Optimal parameters for scenario IM: {'num_filters_1': 36, 'num_filters_2': 95, 'num_filters_3': 32, 'kernel_size': (5, 5), 'strides': 1, 'l1_ratio': 0.00027691648092956716, 'l2_ratio': 0.004765535619749082, 'learning_rate': 0.0012889402043744138}
2024-06-14 06:50:31,924 - INFO - Starting optimization for scenario: IS
2024-06-14 06:50:31,924 - INFO - Processing: /data/home/ha231431/EvoNet-CNN-Insight/IS/Simulations1
2024-06-14 06:51:05,949 - INFO - Processing: /data/home/ha231431/EvoNet-CNN-Insight/IS/Simulations2
2024-06-14 06:51:40,370 - INFO - Processing: /data/home/ha231431/EvoNet-CNN-Insight/IS/Simulations3
2024-06-14 06:52:14,909 - INFO - Processing: /data/home/ha231431/EvoNet-CNN-Insight/IS/Simulations4
2024-06-14 06:52:49,687 - INFO - Processing: /data/home/ha231431/EvoNet-CNN-Insight/IS/Simulations5
2024-06-14 06:53:24,369 - INFO - Total data shape: (5000, 198, 192, 1)
2024-06-14 06:53:24,369 - INFO - Total targets shape: (5000,)
[I 2024-06-14 06:53:24,373] A new study created in memory with name: no-name-6015fa1c-170b-4739-b3b0-091b2cea40e1
2024-06-14 06:53:24,376 - INFO - Creating model with params: {'num_filters_1': 24, 'num_filters_2': 43, 'num_filters_3': 35, 'kernel_size': (3, 3), 'strides': 2, 'l1_ratio': 1.3345014851985675e-06, 'l2_ratio': 0.004966127273989159, 'learning_rate': 3.926915566272965e-05}
2024-06-14 06:53:24,661 - INFO - Training the model
2024-06-14 06:53:43,166 - INFO - Evaluating the model
2024-06-14 06:53:43,393 - INFO - Model accuracy: 1.0
[I 2024-06-14 06:53:43,395] Trial 0 finished with value: 1.0 and parameters: {'num_filters_1': 24, 'num_filters_2': 43, 'num_filters_3': 35, 'kernel_size': (3, 3), 'strides': 2, 'l1_ratio': 1.3345014851985675e-06, 'l2_ratio': 0.004966127273989159, 'learning_rate': 3.926915566272965e-05}. Best is trial 0 with value: 1.0.
2024-06-14 06:53:43,396 - INFO - Creating model with params: {'num_filters_1': 26, 'num_filters_2': 103, 'num_filters_3': 80, 'kernel_size': (5, 5), 'strides': 1, 'l1_ratio': 2.790647690557472e-06, 'l2_ratio': 0.0011209121803847492, 'learning_rate': 6.0032568741552474e-05}
2024-06-14 06:53:43,699 - INFO - Training the model
2024-06-14 07:00:05,958 - INFO - Evaluating the model
2024-06-14 07:00:08,813 - INFO - Model accuracy: 1.0
[I 2024-06-14 07:00:08,815] Trial 1 finished with value: 1.0 and parameters: {'num_filters_1': 26, 'num_filters_2': 103, 'num_filters_3': 80, 'kernel_size': (5, 5), 'strides': 1, 'l1_ratio': 2.790647690557472e-06, 'l2_ratio': 0.0011209121803847492, 'learning_rate': 6.0032568741552474e-05}. Best is trial 0 with value: 1.0.
2024-06-14 07:00:08,817 - INFO - Creating model with params: {'num_filters_1': 20, 'num_filters_2': 107, 'num_filters_3': 73, 'kernel_size': (5, 5), 'strides': 1, 'l1_ratio': 0.00024502326889657046, 'l2_ratio': 0.00017851764724431955, 'learning_rate': 0.00030057903355245393}
2024-06-14 07:00:09,121 - INFO - Training the model
2024-06-14 07:05:49,009 - INFO - Evaluating the model
2024-06-14 07:05:51,616 - INFO - Model accuracy: 1.0
[I 2024-06-14 07:05:51,619] Trial 2 finished with value: 1.0 and parameters: {'num_filters_1': 20, 'num_filters_2': 107, 'num_filters_3': 73, 'kernel_size': (5, 5), 'strides': 1, 'l1_ratio': 0.00024502326889657046, 'l2_ratio': 0.00017851764724431955, 'learning_rate': 0.00030057903355245393}. Best is trial 0 with value: 1.0.
2024-06-14 07:05:51,621 - INFO - Creating model with params: {'num_filters_1': 59, 'num_filters_2': 120, 'num_filters_3': 50, 'kernel_size': (5, 5), 'strides': 2, 'l1_ratio': 9.351008351365326e-05, 'l2_ratio': 0.0002381590978035764, 'learning_rate': 1.617680657122664e-05}
2024-06-14 07:05:51,913 - INFO - Training the model
2024-06-14 07:06:52,306 - INFO - Evaluating the model
2024-06-14 07:06:52,851 - INFO - Model accuracy: 1.0
[I 2024-06-14 07:06:52,854] Trial 3 finished with value: 1.0 and parameters: {'num_filters_1': 59, 'num_filters_2': 120, 'num_filters_3': 50, 'kernel_size': (5, 5), 'strides': 2, 'l1_ratio': 9.351008351365326e-05, 'l2_ratio': 0.0002381590978035764, 'learning_rate': 1.617680657122664e-05}. Best is trial 0 with value: 1.0.
2024-06-14 07:06:52,855 - INFO - Creating model with params: {'num_filters_1': 23, 'num_filters_2': 107, 'num_filters_3': 87, 'kernel_size': (3, 3), 'strides': 1, 'l1_ratio': 1.1674543238823876e-05, 'l2_ratio': 1.721983233872498e-05, 'learning_rate': 0.0009092735629989056}
2024-06-14 07:06:53,163 - INFO - Training the model
2024-06-14 07:10:23,132 - INFO - Evaluating the model
2024-06-14 07:10:24,913 - INFO - Model accuracy: 1.0
[I 2024-06-14 07:10:24,916] Trial 4 finished with value: 1.0 and parameters: {'num_filters_1': 23, 'num_filters_2': 107, 'num_filters_3': 87, 'kernel_size': (3, 3), 'strides': 1, 'l1_ratio': 1.1674543238823876e-05, 'l2_ratio': 1.721983233872498e-05, 'learning_rate': 0.0009092735629989056}. Best is trial 0 with value: 1.0.
2024-06-14 07:10:24,917 - INFO - Creating model with params: {'num_filters_1': 62, 'num_filters_2': 58, 'num_filters_3': 78, 'kernel_size': (5, 5), 'strides': 1, 'l1_ratio': 0.003843471209149687, 'l2_ratio': 0.0008355806227641206, 'learning_rate': 4.9997266278125765e-05}
2024-06-14 07:10:25,229 - INFO - Training the model
2024-06-14 07:19:06,714 - INFO - Evaluating the model
2024-06-14 07:19:10,270 - INFO - Model accuracy: 1.0
[I 2024-06-14 07:19:10,273] Trial 5 finished with value: 1.0 and parameters: {'num_filters_1': 62, 'num_filters_2': 58, 'num_filters_3': 78, 'kernel_size': (5, 5), 'strides': 1, 'l1_ratio': 0.003843471209149687, 'l2_ratio': 0.0008355806227641206, 'learning_rate': 4.9997266278125765e-05}. Best is trial 0 with value: 1.0.
2024-06-14 07:19:10,274 - INFO - Creating model with params: {'num_filters_1': 48, 'num_filters_2': 76, 'num_filters_3': 92, 'kernel_size': (5, 5), 'strides': 1, 'l1_ratio': 8.118594030186566e-06, 'l2_ratio': 0.0044895526102600915, 'learning_rate': 0.00016446662023582252}
2024-06-14 07:19:10,579 - INFO - Training the model
2024-06-14 07:26:14,163 - INFO - Evaluating the model
2024-06-14 07:26:17,115 - INFO - Model accuracy: 1.0
[I 2024-06-14 07:26:17,118] Trial 6 finished with value: 1.0 and parameters: {'num_filters_1': 48, 'num_filters_2': 76, 'num_filters_3': 92, 'kernel_size': (5, 5), 'strides': 1, 'l1_ratio': 8.118594030186566e-06, 'l2_ratio': 0.0044895526102600915, 'learning_rate': 0.00016446662023582252}. Best is trial 0 with value: 1.0.
2024-06-14 07:26:17,119 - INFO - Creating model with params: {'num_filters_1': 34, 'num_filters_2': 77, 'num_filters_3': 94, 'kernel_size': (3, 3), 'strides': 1, 'l1_ratio': 2.885317681340011e-05, 'l2_ratio': 0.007655996144344526, 'learning_rate': 0.0016317011782124673}
2024-06-14 07:26:17,423 - INFO - Training the model
2024-06-14 07:29:43,284 - INFO - Evaluating the model
2024-06-14 07:29:44,924 - INFO - Model accuracy: 1.0
[I 2024-06-14 07:29:44,926] Trial 7 finished with value: 1.0 and parameters: {'num_filters_1': 34, 'num_filters_2': 77, 'num_filters_3': 94, 'kernel_size': (3, 3), 'strides': 1, 'l1_ratio': 2.885317681340011e-05, 'l2_ratio': 0.007655996144344526, 'learning_rate': 0.0016317011782124673}. Best is trial 0 with value: 1.0.
2024-06-14 07:29:44,928 - INFO - Creating model with params: {'num_filters_1': 29, 'num_filters_2': 42, 'num_filters_3': 58, 'kernel_size': (5, 5), 'strides': 2, 'l1_ratio': 4.7922262070826066e-05, 'l2_ratio': 2.636906841432075e-05, 'learning_rate': 0.0014219959354928814}
2024-06-14 07:29:45,225 - INFO - Training the model
2024-06-14 07:30:16,872 - INFO - Evaluating the model
2024-06-14 07:30:17,220 - INFO - Model accuracy: 1.0
[I 2024-06-14 07:30:17,223] Trial 8 finished with value: 1.0 and parameters: {'num_filters_1': 29, 'num_filters_2': 42, 'num_filters_3': 58, 'kernel_size': (5, 5), 'strides': 2, 'l1_ratio': 4.7922262070826066e-05, 'l2_ratio': 2.636906841432075e-05, 'learning_rate': 0.0014219959354928814}. Best is trial 0 with value: 1.0.
2024-06-14 07:30:17,225 - INFO - Creating model with params: {'num_filters_1': 51, 'num_filters_2': 84, 'num_filters_3': 101, 'kernel_size': (5, 5), 'strides': 2, 'l1_ratio': 0.0001591582530318536, 'l2_ratio': 0.005937027190801421, 'learning_rate': 1.6569825782243733e-05}
2024-06-14 07:30:17,511 - INFO - Training the model
2024-06-14 07:31:08,469 - INFO - Evaluating the model
2024-06-14 07:31:08,931 - INFO - Model accuracy: 1.0
[I 2024-06-14 07:31:08,933] Trial 9 finished with value: 1.0 and parameters: {'num_filters_1': 51, 'num_filters_2': 84, 'num_filters_3': 101, 'kernel_size': (5, 5), 'strides': 2, 'l1_ratio': 0.0001591582530318536, 'l2_ratio': 0.005937027190801421, 'learning_rate': 1.6569825782243733e-05}. Best is trial 0 with value: 1.0.
2024-06-14 07:31:08,940 - INFO - Creating model with params: {'num_filters_1': 17, 'num_filters_2': 34, 'num_filters_3': 123, 'kernel_size': (3, 3), 'strides': 2, 'l1_ratio': 1.4748356793639946e-06, 'l2_ratio': 1.1353184129712305e-06, 'learning_rate': 1.0912942667245574e-05}
2024-06-14 07:31:09,225 - INFO - Training the model
2024-06-14 07:31:25,257 - INFO - Evaluating the model
2024-06-14 07:31:25,476 - INFO - Model accuracy: 1.0
[I 2024-06-14 07:31:25,478] Trial 10 finished with value: 1.0 and parameters: {'num_filters_1': 17, 'num_filters_2': 34, 'num_filters_3': 123, 'kernel_size': (3, 3), 'strides': 2, 'l1_ratio': 1.4748356793639946e-06, 'l2_ratio': 1.1353184129712305e-06, 'learning_rate': 1.0912942667245574e-05}. Best is trial 0 with value: 1.0.
2024-06-14 07:31:25,484 - INFO - Creating model with params: {'num_filters_1': 31, 'num_filters_2': 96, 'num_filters_3': 37, 'kernel_size': (3, 3), 'strides': 2, 'l1_ratio': 1.082159632696083e-06, 'l2_ratio': 0.0009904808944549408, 'learning_rate': 7.568634789999478e-05}
2024-06-14 07:31:25,768 - INFO - Training the model
2024-06-14 07:31:50,788 - INFO - Evaluating the model
2024-06-14 07:31:51,060 - INFO - Model accuracy: 1.0
[I 2024-06-14 07:31:51,062] Trial 11 finished with value: 1.0 and parameters: {'num_filters_1': 31, 'num_filters_2': 96, 'num_filters_3': 37, 'kernel_size': (3, 3), 'strides': 2, 'l1_ratio': 1.082159632696083e-06, 'l2_ratio': 0.0009904808944549408, 'learning_rate': 7.568634789999478e-05}. Best is trial 0 with value: 1.0.
2024-06-14 07:31:51,068 - INFO - Creating model with params: {'num_filters_1': 40, 'num_filters_2': 54, 'num_filters_3': 114, 'kernel_size': (3, 3), 'strides': 1, 'l1_ratio': 2.8966572029396836e-06, 'l2_ratio': 0.0015339299939185831, 'learning_rate': 5.320916426970277e-05}
2024-06-14 07:31:51,375 - INFO - Training the model
2024-06-14 07:35:08,700 - INFO - Evaluating the model
2024-06-14 07:35:10,328 - INFO - Model accuracy: 1.0
