[I 2024-06-14 02:38:48,869] Trial 6 finished with value: 1.0 and parameters: {'num_filters_1': 18, 'num_filters_2': 42, 'num_filters_3': 77, 'kernel_size': (3, 3), 'strides': 2, 'l1_ratio': 7.265610374708653e-05, 'l2_ratio': 0.00047663643590395357, 'learning_rate': 3.2642960803027136e-05}. Best is trial 0 with value: 1.0.
2024-06-14 02:38:48,870 - INFO - Creating model with params: {'num_filters_1': 48, 'num_filters_2': 54, 'num_filters_3': 41, 'kernel_size': (5, 5), 'strides': 1, 'l1_ratio': 1.1467622019039684e-06, 'l2_ratio': 0.0012688694379605545, 'learning_rate': 2.4920934688304628e-05}
2024-06-14 02:38:49,169 - INFO - Training the model
2024-06-14 02:45:00,559 - INFO - Evaluating the model
2024-06-14 02:45:03,187 - INFO - Model accuracy: 1.0
[I 2024-06-14 02:45:03,189] Trial 7 finished with value: 1.0 and parameters: {'num_filters_1': 48, 'num_filters_2': 54, 'num_filters_3': 41, 'kernel_size': (5, 5), 'strides': 1, 'l1_ratio': 1.1467622019039684e-06, 'l2_ratio': 0.0012688694379605545, 'learning_rate': 2.4920934688304628e-05}. Best is trial 0 with value: 1.0.
2024-06-14 02:45:03,191 - INFO - Creating model with params: {'num_filters_1': 31, 'num_filters_2': 89, 'num_filters_3': 50, 'kernel_size': (5, 5), 'strides': 2, 'l1_ratio': 3.4647564150065893e-06, 'l2_ratio': 0.0011300577016702476, 'learning_rate': 1.0354722854478665e-05}
2024-06-14 02:45:03,482 - INFO - Training the model
2024-06-14 02:45:40,270 - INFO - Evaluating the model
2024-06-14 02:45:40,598 - INFO - Model accuracy: 1.0
[I 2024-06-14 02:45:40,600] Trial 8 finished with value: 1.0 and parameters: {'num_filters_1': 31, 'num_filters_2': 89, 'num_filters_3': 50, 'kernel_size': (5, 5), 'strides': 2, 'l1_ratio': 3.4647564150065893e-06, 'l2_ratio': 0.0011300577016702476, 'learning_rate': 1.0354722854478665e-05}. Best is trial 0 with value: 1.0.
2024-06-14 02:45:40,602 - INFO - Creating model with params: {'num_filters_1': 19, 'num_filters_2': 49, 'num_filters_3': 60, 'kernel_size': (3, 3), 'strides': 1, 'l1_ratio': 0.00024482682295039833, 'l2_ratio': 3.3153116308065256e-05, 'learning_rate': 1.2713022696867038e-05}
2024-06-14 02:45:40,901 - INFO - Training the model
2024-06-14 02:47:54,663 - INFO - Evaluating the model
2024-06-14 02:47:55,809 - INFO - Model accuracy: 1.0
[I 2024-06-14 02:47:55,811] Trial 9 finished with value: 1.0 and parameters: {'num_filters_1': 19, 'num_filters_2': 49, 'num_filters_3': 60, 'kernel_size': (3, 3), 'strides': 1, 'l1_ratio': 0.00024482682295039833, 'l2_ratio': 3.3153116308065256e-05, 'learning_rate': 1.2713022696867038e-05}. Best is trial 0 with value: 1.0.
2024-06-14 02:47:55,818 - INFO - Creating model with params: {'num_filters_1': 32, 'num_filters_2': 121, 'num_filters_3': 124, 'kernel_size': (5, 5), 'strides': 1, 'l1_ratio': 1.060170931143486e-05, 'l2_ratio': 1.7597964340577067e-06, 'learning_rate': 0.0027210689569574053}
2024-06-14 02:47:56,125 - INFO - Training the model
2024-06-14 02:55:43,948 - INFO - Evaluating the model
2024-06-14 02:55:47,558 - INFO - Model accuracy: 1.0
[I 2024-06-14 02:55:47,560] Trial 10 finished with value: 1.0 and parameters: {'num_filters_1': 32, 'num_filters_2': 121, 'num_filters_3': 124, 'kernel_size': (5, 5), 'strides': 1, 'l1_ratio': 1.060170931143486e-05, 'l2_ratio': 1.7597964340577067e-06, 'learning_rate': 0.0027210689569574053}. Best is trial 0 with value: 1.0.
2024-06-14 02:55:47,567 - INFO - Creating model with params: {'num_filters_1': 33, 'num_filters_2': 92, 'num_filters_3': 125, 'kernel_size': (5, 5), 'strides': 2, 'l1_ratio': 2.942135390431742e-05, 'l2_ratio': 0.009863101441751026, 'learning_rate': 0.001413923699659831}
2024-06-14 02:55:47,866 - INFO - Training the model
2024-06-14 02:56:26,825 - INFO - Evaluating the model
2024-06-14 02:56:27,174 - INFO - Model accuracy: 1.0
[I 2024-06-14 02:56:27,177] Trial 11 finished with value: 1.0 and parameters: {'num_filters_1': 33, 'num_filters_2': 92, 'num_filters_3': 125, 'kernel_size': (5, 5), 'strides': 2, 'l1_ratio': 2.942135390431742e-05, 'l2_ratio': 0.009863101441751026, 'learning_rate': 0.001413923699659831}. Best is trial 0 with value: 1.0.
2024-06-14 02:56:27,183 - INFO - Creating model with params: {'num_filters_1': 57, 'num_filters_2': 109, 'num_filters_3': 72, 'kernel_size': (5, 5), 'strides': 1, 'l1_ratio': 0.0016170008660873643, 'l2_ratio': 0.00015561351364309095, 'learning_rate': 0.0011249855487839896}
2024-06-14 02:56:27,486 - INFO - Training the model
2024-06-14 03:07:19,006 - INFO - Evaluating the model
2024-06-14 03:07:23,444 - INFO - Model accuracy: 1.0
[I 2024-06-14 03:07:23,447] Trial 12 finished with value: 1.0 and parameters: {'num_filters_1': 57, 'num_filters_2': 109, 'num_filters_3': 72, 'kernel_size': (5, 5), 'strides': 1, 'l1_ratio': 0.0016170008660873643, 'l2_ratio': 0.00015561351364309095, 'learning_rate': 0.0011249855487839896}. Best is trial 0 with value: 1.0.
2024-06-14 03:07:23,454 - INFO - Creating model with params: {'num_filters_1': 40, 'num_filters_2': 71, 'num_filters_3': 106, 'kernel_size': (3, 3), 'strides': 2, 'l1_ratio': 0.00040800570366592617, 'l2_ratio': 3.0130076658201133e-06, 'learning_rate': 0.0006398060165075192}
2024-06-14 03:07:23,747 - INFO - Training the model
2024-06-14 03:07:51,471 - INFO - Evaluating the model
2024-06-14 03:07:51,797 - INFO - Model accuracy: 1.0
[I 2024-06-14 03:07:51,800] Trial 13 finished with value: 1.0 and parameters: {'num_filters_1': 40, 'num_filters_2': 71, 'num_filters_3': 106, 'kernel_size': (3, 3), 'strides': 2, 'l1_ratio': 0.00040800570366592617, 'l2_ratio': 3.0130076658201133e-06, 'learning_rate': 0.0006398060165075192}. Best is trial 0 with value: 1.0.
2024-06-14 03:07:51,806 - INFO - Creating model with params: {'num_filters_1': 27, 'num_filters_2': 71, 'num_filters_3': 35, 'kernel_size': (3, 3), 'strides': 2, 'l1_ratio': 2.1482222999490542e-05, 'l2_ratio': 0.0001354763243555823, 'learning_rate': 0.004348088209541446}
2024-06-14 03:07:52,095 - INFO - Training the model
2024-06-14 03:08:13,829 - INFO - Evaluating the model
2024-06-14 03:08:14,072 - INFO - Model accuracy: 1.0
[I 2024-06-14 03:08:14,075] Trial 14 finished with value: 1.0 and parameters: {'num_filters_1': 27, 'num_filters_2': 71, 'num_filters_3': 35, 'kernel_size': (3, 3), 'strides': 2, 'l1_ratio': 2.1482222999490542e-05, 'l2_ratio': 0.0001354763243555823, 'learning_rate': 0.004348088209541446}. Best is trial 0 with value: 1.0.
2024-06-14 03:08:14,081 - INFO - Creating model with params: {'num_filters_1': 49, 'num_filters_2': 106, 'num_filters_3': 91, 'kernel_size': (5, 5), 'strides': 1, 'l1_ratio': 0.001536086004403836, 'l2_ratio': 0.006039740015791336, 'learning_rate': 9.753799455086884e-05}
2024-06-14 03:08:14,383 - INFO - Training the model
2024-06-14 03:17:58,372 - INFO - Evaluating the model
2024-06-14 03:18:02,443 - INFO - Model accuracy: 1.0
[I 2024-06-14 03:18:02,445] Trial 15 finished with value: 1.0 and parameters: {'num_filters_1': 49, 'num_filters_2': 106, 'num_filters_3': 91, 'kernel_size': (5, 5), 'strides': 1, 'l1_ratio': 0.001536086004403836, 'l2_ratio': 0.006039740015791336, 'learning_rate': 9.753799455086884e-05}. Best is trial 0 with value: 1.0.
2024-06-14 03:18:02,452 - INFO - Creating model with params: {'num_filters_1': 44, 'num_filters_2': 80, 'num_filters_3': 65, 'kernel_size': (3, 3), 'strides': 1, 'l1_ratio': 0.0001615670391631527, 'l2_ratio': 0.00033609194249591807, 'learning_rate': 0.0007091963789563105}
2024-06-14 03:18:02,752 - INFO - Training the model
2024-06-14 03:21:45,870 - INFO - Evaluating the model
2024-06-14 03:21:47,701 - INFO - Model accuracy: 1.0
[I 2024-06-14 03:21:47,703] Trial 16 finished with value: 1.0 and parameters: {'num_filters_1': 44, 'num_filters_2': 80, 'num_filters_3': 65, 'kernel_size': (3, 3), 'strides': 1, 'l1_ratio': 0.0001615670391631527, 'l2_ratio': 0.00033609194249591807, 'learning_rate': 0.0007091963789563105}. Best is trial 0 with value: 1.0.
2024-06-14 03:21:47,710 - INFO - Creating model with params: {'num_filters_1': 25, 'num_filters_2': 72, 'num_filters_3': 32, 'kernel_size': (5, 5), 'strides': 2, 'l1_ratio': 1.7515766782974478e-05, 'l2_ratio': 4.118794458745731e-05, 'learning_rate': 0.008079809547135853}
2024-06-14 03:21:48,007 - INFO - Training the model
2024-06-14 03:22:18,742 - INFO - Evaluating the model
2024-06-14 03:22:19,065 - INFO - Model accuracy: 1.0
[I 2024-06-14 03:22:19,068] Trial 17 finished with value: 1.0 and parameters: {'num_filters_1': 25, 'num_filters_2': 72, 'num_filters_3': 32, 'kernel_size': (5, 5), 'strides': 2, 'l1_ratio': 1.7515766782974478e-05, 'l2_ratio': 4.118794458745731e-05, 'learning_rate': 0.008079809547135853}. Best is trial 0 with value: 1.0.
2024-06-14 03:22:19,074 - INFO - Creating model with params: {'num_filters_1': 53, 'num_filters_2': 109, 'num_filters_3': 95, 'kernel_size': (5, 5), 'strides': 1, 'l1_ratio': 0.0014070897521446261, 'l2_ratio': 0.009288339212398572, 'learning_rate': 8.848992865539637e-05}
2024-06-14 03:22:19,388 - INFO - Training the model
2024-06-14 03:33:05,384 - INFO - Evaluating the model
2024-06-14 03:33:09,967 - INFO - Model accuracy: 1.0
[I 2024-06-14 03:33:09,970] Trial 18 finished with value: 1.0 and parameters: {'num_filters_1': 53, 'num_filters_2': 109, 'num_filters_3': 95, 'kernel_size': (5, 5), 'strides': 1, 'l1_ratio': 0.0014070897521446261, 'l2_ratio': 0.009288339212398572, 'learning_rate': 8.848992865539637e-05}. Best is trial 0 with value: 1.0.
2024-06-14 03:33:09,978 - INFO - Creating model with params: {'num_filters_1': 37, 'num_filters_2': 89, 'num_filters_3': 63, 'kernel_size': (3, 3), 'strides': 1, 'l1_ratio': 0.00019568900060512652, 'l2_ratio': 0.00040627874844676045, 'learning_rate': 0.0006480088034346658}
2024-06-14 03:33:10,278 - INFO - Training the model
2024-06-14 03:37:05,642 - INFO - Evaluating the model
2024-06-14 03:37:07,615 - INFO - Model accuracy: 1.0
[I 2024-06-14 03:37:07,618] Trial 19 finished with value: 1.0 and parameters: {'num_filters_1': 37, 'num_filters_2': 89, 'num_filters_3': 63, 'kernel_size': (3, 3), 'strides': 1, 'l1_ratio': 0.00019568900060512652, 'l2_ratio': 0.00040627874844676045, 'learning_rate': 0.0006480088034346658}. Best is trial 0 with value: 1.0.
2024-06-14 03:37:07,625 - INFO - Creating model with params: {'num_filters_1': 25, 'num_filters_2': 68, 'num_filters_3': 32, 'kernel_size': (5, 5), 'strides': 2, 'l1_ratio': 6.273921054659371e-06, 'l2_ratio': 3.3685658814318854e-05, 'learning_rate': 0.009631897513789307}
2024-06-14 03:37:07,916 - INFO - Training the model
2024-06-14 03:37:38,432 - INFO - Evaluating the model
2024-06-14 03:37:38,724 - INFO - Model accuracy: 1.0
[I 2024-06-14 03:37:38,727] Trial 20 finished with value: 1.0 and parameters: {'num_filters_1': 25, 'num_filters_2': 68, 'num_filters_3': 32, 'kernel_size': (5, 5), 'strides': 2, 'l1_ratio': 6.273921054659371e-06, 'l2_ratio': 3.3685658814318854e-05, 'learning_rate': 0.009631897513789307}. Best is trial 0 with value: 1.0.
2024-06-14 03:37:38,734 - INFO - Creating model with params: {'num_filters_1': 63, 'num_filters_2': 104, 'num_filters_3': 95, 'kernel_size': (5, 5), 'strides': 1, 'l1_ratio': 0.001236475423039715, 'l2_ratio': 0.0025932085869816183, 'learning_rate': 0.00011847923474903025}
2024-06-14 03:37:39,036 - INFO - Training the model
2024-06-14 03:49:20,504 - INFO - Evaluating the model
2024-06-14 03:49:25,412 - INFO - Model accuracy: 1.0
[I 2024-06-14 03:49:25,414] Trial 21 finished with value: 1.0 and parameters: {'num_filters_1': 63, 'num_filters_2': 104, 'num_filters_3': 95, 'kernel_size': (5, 5), 'strides': 1, 'l1_ratio': 0.001236475423039715, 'l2_ratio': 0.0025932085869816183, 'learning_rate': 0.00011847923474903025}. Best is trial 0 with value: 1.0.
2024-06-14 03:49:25,421 - INFO - Creating model with params: {'num_filters_1': 36, 'num_filters_2': 127, 'num_filters_3': 110, 'kernel_size': (5, 5), 'strides': 1, 'l1_ratio': 0.0006231250744512232, 'l2_ratio': 0.00928665294135457, 'learning_rate': 0.0005402158520069287}
2024-06-14 03:49:25,729 - INFO - Training the model
2024-06-14 03:58:14,347 - INFO - Evaluating the model
2024-06-14 03:58:18,313 - INFO - Model accuracy: 1.0
[I 2024-06-14 03:58:18,315] Trial 22 finished with value: 1.0 and parameters: {'num_filters_1': 36, 'num_filters_2': 127, 'num_filters_3': 110, 'kernel_size': (5, 5), 'strides': 1, 'l1_ratio': 0.0006231250744512232, 'l2_ratio': 0.00928665294135457, 'learning_rate': 0.0005402158520069287}. Best is trial 0 with value: 1.0.
2024-06-14 03:58:18,323 - INFO - Creating model with params: {'num_filters_1': 24, 'num_filters_2': 94, 'num_filters_3': 32, 'kernel_size': (5, 5), 'strides': 1, 'l1_ratio': 5.134250677200062e-06, 'l2_ratio': 6.105376771854873e-06, 'learning_rate': 0.002290613531441391}
2024-06-14 03:58:18,621 - INFO - Training the model
2024-06-14 04:03:02,706 - INFO - Evaluating the model
2024-06-14 04:03:04,707 - INFO - Model accuracy: 1.0
[I 2024-06-14 04:03:04,710] Trial 23 finished with value: 1.0 and parameters: {'num_filters_1': 24, 'num_filters_2': 94, 'num_filters_3': 32, 'kernel_size': (5, 5), 'strides': 1, 'l1_ratio': 5.134250677200062e-06, 'l2_ratio': 6.105376771854873e-06, 'learning_rate': 0.002290613531441391}. Best is trial 0 with value: 1.0.
2024-06-14 04:03:04,717 - INFO - Creating model with params: {'num_filters_1': 62, 'num_filters_2': 101, 'num_filters_3': 117, 'kernel_size': (5, 5), 'strides': 1, 'l1_ratio': 0.004051658098288153, 'l2_ratio': 0.002931845822725972, 'learning_rate': 0.00018014129483227273}
2024-06-14 04:03:05,023 - INFO - Training the model
2024-06-14 04:14:38,289 - INFO - Evaluating the model
2024-06-14 04:14:43,433 - INFO - Model accuracy: 1.0
[I 2024-06-14 04:14:43,436] Trial 24 finished with value: 1.0 and parameters: {'num_filters_1': 62, 'num_filters_2': 101, 'num_filters_3': 117, 'kernel_size': (5, 5), 'strides': 1, 'l1_ratio': 0.004051658098288153, 'l2_ratio': 0.002931845822725972, 'learning_rate': 0.00018014129483227273}. Best is trial 0 with value: 1.0.
2024-06-14 04:14:43,444 - INFO - Creating model with params: {'num_filters_1': 37, 'num_filters_2': 121, 'num_filters_3': 112, 'kernel_size': (5, 5), 'strides': 1, 'l1_ratio': 0.0007265056611707587, 'l2_ratio': 0.0036618757170427288, 'learning_rate': 0.00039571176299342786}
2024-06-14 04:14:43,748 - INFO - Training the model
2024-06-14 04:23:45,887 - INFO - Evaluating the model
2024-06-14 04:23:49,769 - INFO - Model accuracy: 1.0
[I 2024-06-14 04:23:49,771] Trial 25 finished with value: 1.0 and parameters: {'num_filters_1': 37, 'num_filters_2': 121, 'num_filters_3': 112, 'kernel_size': (5, 5), 'strides': 1, 'l1_ratio': 0.0007265056611707587, 'l2_ratio': 0.0036618757170427288, 'learning_rate': 0.00039571176299342786}. Best is trial 0 with value: 1.0.
2024-06-14 04:23:49,778 - INFO - Creating model with params: {'num_filters_1': 22, 'num_filters_2': 96, 'num_filters_3': 40, 'kernel_size': (5, 5), 'strides': 1, 'l1_ratio': 1.199634219849112e-06, 'l2_ratio': 6.078451121536539e-06, 'learning_rate': 0.0014701002992033728}
2024-06-14 04:23:50,072 - INFO - Training the model
2024-06-14 04:28:36,919 - INFO - Evaluating the model
2024-06-14 04:28:39,054 - INFO - Model accuracy: 1.0
[I 2024-06-14 04:28:39,057] Trial 26 finished with value: 1.0 and parameters: {'num_filters_1': 22, 'num_filters_2': 96, 'num_filters_3': 40, 'kernel_size': (5, 5), 'strides': 1, 'l1_ratio': 1.199634219849112e-06, 'l2_ratio': 6.078451121536539e-06, 'learning_rate': 0.0014701002992033728}. Best is trial 0 with value: 1.0.
2024-06-14 04:28:39,064 - INFO - Creating model with params: {'num_filters_1': 29, 'num_filters_2': 99, 'num_filters_3': 117, 'kernel_size': (5, 5), 'strides': 1, 'l1_ratio': 0.004019626614604014, 'l2_ratio': 0.0022040553152977136, 'learning_rate': 0.0021567842462364025}
2024-06-14 04:28:39,379 - INFO - Training the model
2024-06-14 04:35:51,637 - INFO - Evaluating the model
2024-06-14 04:35:54,901 - INFO - Model accuracy: 1.0
[I 2024-06-14 04:35:54,903] Trial 27 finished with value: 1.0 and parameters: {'num_filters_1': 29, 'num_filters_2': 99, 'num_filters_3': 117, 'kernel_size': (5, 5), 'strides': 1, 'l1_ratio': 0.004019626614604014, 'l2_ratio': 0.0022040553152977136, 'learning_rate': 0.0021567842462364025}. Best is trial 0 with value: 1.0.
2024-06-14 04:35:54,911 - INFO - Creating model with params: {'num_filters_1': 37, 'num_filters_2': 118, 'num_filters_3': 117, 'kernel_size': (5, 5), 'strides': 1, 'l1_ratio': 0.0035717802334727664, 'l2_ratio': 0.003106107008560151, 'learning_rate': 0.0002655429744798961}
2024-06-14 04:35:55,221 - INFO - Training the model
2024-06-14 04:44:43,240 - INFO - Evaluating the model
2024-06-14 04:44:47,134 - INFO - Model accuracy: 1.0
[I 2024-06-14 04:44:47,137] Trial 28 finished with value: 1.0 and parameters: {'num_filters_1': 37, 'num_filters_2': 118, 'num_filters_3': 117, 'kernel_size': (5, 5), 'strides': 1, 'l1_ratio': 0.0035717802334727664, 'l2_ratio': 0.003106107008560151, 'learning_rate': 0.0002655429744798961}. Best is trial 0 with value: 1.0.
2024-06-14 04:44:47,145 - INFO - Creating model with params: {'num_filters_1': 22, 'num_filters_2': 81, 'num_filters_3': 41, 'kernel_size': (5, 5), 'strides': 1, 'l1_ratio': 4.361446643757816e-05, 'l2_ratio': 6.628471219959624e-05, 'learning_rate': 0.0012046861772726345}
2024-06-14 04:44:47,440 - INFO - Training the model
2024-06-14 04:49:41,697 - INFO - Evaluating the model
2024-06-14 04:49:43,984 - INFO - Model accuracy: 1.0
[I 2024-06-14 04:49:43,986] Trial 29 finished with value: 1.0 and parameters: {'num_filters_1': 22, 'num_filters_2': 81, 'num_filters_3': 41, 'kernel_size': (5, 5), 'strides': 1, 'l1_ratio': 4.361446643757816e-05, 'l2_ratio': 6.628471219959624e-05, 'learning_rate': 0.0012046861772726345}. Best is trial 0 with value: 1.0.
2024-06-14 04:49:43,994 - INFO - Creating model with params: {'num_filters_1': 29, 'num_filters_2': 95, 'num_filters_3': 55, 'kernel_size': (5, 5), 'strides': 1, 'l1_ratio': 0.006331878339739861, 'l2_ratio': 1.079669915414158e-06, 'learning_rate': 0.0026380335220246164}
2024-06-14 04:49:44,291 - INFO - Training the model
2024-06-14 04:56:04,857 - INFO - Evaluating the model
2024-06-14 04:56:07,640 - INFO - Model accuracy: 1.0
[I 2024-06-14 04:56:07,642] Trial 30 finished with value: 1.0 and parameters: {'num_filters_1': 29, 'num_filters_2': 95, 'num_filters_3': 55, 'kernel_size': (5, 5), 'strides': 1, 'l1_ratio': 0.006331878339739861, 'l2_ratio': 1.079669915414158e-06, 'learning_rate': 0.0026380335220246164}. Best is trial 0 with value: 1.0.
2024-06-14 04:56:07,650 - INFO - Creating model with params: {'num_filters_1': 34, 'num_filters_2': 118, 'num_filters_3': 128, 'kernel_size': (5, 5), 'strides': 1, 'l1_ratio': 0.002739793333712676, 'l2_ratio': 0.0007541451009967216, 'learning_rate': 0.0016016697399315034}
2024-06-14 04:56:07,959 - INFO - Training the model
2024-06-14 05:04:10,626 - INFO - Evaluating the model
2024-06-14 05:04:14,299 - INFO - Model accuracy: 1.0
[I 2024-06-14 05:04:14,301] Trial 31 finished with value: 1.0 and parameters: {'num_filters_1': 34, 'num_filters_2': 118, 'num_filters_3': 128, 'kernel_size': (5, 5), 'strides': 1, 'l1_ratio': 0.002739793333712676, 'l2_ratio': 0.0007541451009967216, 'learning_rate': 0.0016016697399315034}. Best is trial 0 with value: 1.0.
2024-06-14 05:04:14,310 - INFO - Creating model with params: {'num_filters_1': 29, 'num_filters_2': 82, 'num_filters_3': 118, 'kernel_size': (5, 5), 'strides': 1, 'l1_ratio': 5.797155770136204e-05, 'l2_ratio': 0.0018785527125139883, 'learning_rate': 0.0009872801169944637}
2024-06-14 05:04:14,621 - INFO - Training the model
2024-06-14 05:10:24,795 - INFO - Evaluating the model
2024-06-14 05:10:27,522 - INFO - Model accuracy: 1.0
[I 2024-06-14 05:10:27,524] Trial 32 finished with value: 1.0 and parameters: {'num_filters_1': 29, 'num_filters_2': 82, 'num_filters_3': 118, 'kernel_size': (5, 5), 'strides': 1, 'l1_ratio': 5.797155770136204e-05, 'l2_ratio': 0.0018785527125139883, 'learning_rate': 0.0009872801169944637}. Best is trial 0 with value: 1.0.
2024-06-14 05:10:27,532 - INFO - Creating model with params: {'num_filters_1': 21, 'num_filters_2': 83, 'num_filters_3': 54, 'kernel_size': (5, 5), 'strides': 1, 'l1_ratio': 3.898103778454885e-05, 'l2_ratio': 6.61424916610324e-05, 'learning_rate': 0.0041589818577579775}
2024-06-14 05:10:27,829 - INFO - Training the model
2024-06-14 05:15:19,825 - INFO - Evaluating the model
2024-06-14 05:15:22,108 - INFO - Model accuracy: 1.0
[I 2024-06-14 05:15:22,111] Trial 33 finished with value: 1.0 and parameters: {'num_filters_1': 21, 'num_filters_2': 83, 'num_filters_3': 54, 'kernel_size': (5, 5), 'strides': 1, 'l1_ratio': 3.898103778454885e-05, 'l2_ratio': 6.61424916610324e-05, 'learning_rate': 0.0041589818577579775}. Best is trial 0 with value: 1.0.
2024-06-14 05:15:22,119 - INFO - Creating model with params: {'num_filters_1': 34, 'num_filters_2': 86, 'num_filters_3': 45, 'kernel_size': (5, 5), 'strides': 1, 'l1_ratio': 0.007730246436353084, 'l2_ratio': 0.0006333354305386404, 'learning_rate': 0.0035939591898535186}
2024-06-14 05:15:22,419 - INFO - Training the model
2024-06-14 05:21:31,795 - INFO - Evaluating the model
2024-06-14 05:21:34,389 - INFO - Model accuracy: 1.0
[I 2024-06-14 05:21:34,392] Trial 34 finished with value: 1.0 and parameters: {'num_filters_1': 34, 'num_filters_2': 86, 'num_filters_3': 45, 'kernel_size': (5, 5), 'strides': 1, 'l1_ratio': 0.007730246436353084, 'l2_ratio': 0.0006333354305386404, 'learning_rate': 0.0035939591898535186}. Best is trial 0 with value: 1.0.
2024-06-14 05:21:34,400 - INFO - Creating model with params: {'num_filters_1': 41, 'num_filters_2': 64, 'num_filters_3': 82, 'kernel_size': (3, 3), 'strides': 2, 'l1_ratio': 0.0001475554550745657, 'l2_ratio': 0.00021711278680663307, 'learning_rate': 0.0001457587807870791}
2024-06-14 05:21:34,689 - INFO - Training the model
2024-06-14 05:22:03,823 - INFO - Evaluating the model
2024-06-14 05:22:04,138 - INFO - Model accuracy: 1.0
