[I 2024-06-14 08:12:06,702] Trial 41 finished with value: 1.0 and parameters: {'num_filters_1': 46, 'num_filters_2': 47, 'num_filters_3': 56, 'kernel_size': (3, 3), 'strides': 2, 'l1_ratio': 0.009906782978877843, 'l2_ratio': 1.0703409893733102e-06, 'learning_rate': 0.001119337965909718}. Best is trial 0 with value: 1.0.
2024-06-14 08:12:06,711 - INFO - Creating model with params: {'num_filters_1': 57, 'num_filters_2': 59, 'num_filters_3': 68, 'kernel_size': (3, 3), 'strides': 2, 'l1_ratio': 0.0005187565333674173, 'l2_ratio': 3.4862675195573523e-06, 'learning_rate': 0.0023087463586028948}
2024-06-14 08:12:06,997 - INFO - Training the model
2024-06-14 08:12:44,442 - INFO - Evaluating the model
2024-06-14 08:12:44,829 - INFO - Model accuracy: 1.0
[I 2024-06-14 08:12:44,831] Trial 42 finished with value: 1.0 and parameters: {'num_filters_1': 57, 'num_filters_2': 59, 'num_filters_3': 68, 'kernel_size': (3, 3), 'strides': 2, 'l1_ratio': 0.0005187565333674173, 'l2_ratio': 3.4862675195573523e-06, 'learning_rate': 0.0023087463586028948}. Best is trial 0 with value: 1.0.
2024-06-14 08:12:44,839 - INFO - Creating model with params: {'num_filters_1': 52, 'num_filters_2': 35, 'num_filters_3': 40, 'kernel_size': (3, 3), 'strides': 2, 'l1_ratio': 8.533161063636976e-05, 'l2_ratio': 1.886838892434055e-06, 'learning_rate': 0.002954764635810546}
2024-06-14 08:12:45,125 - INFO - Training the model
2024-06-14 08:13:18,129 - INFO - Evaluating the model
2024-06-14 08:13:18,484 - INFO - Model accuracy: 1.0
[I 2024-06-14 08:13:18,487] Trial 43 finished with value: 1.0 and parameters: {'num_filters_1': 52, 'num_filters_2': 35, 'num_filters_3': 40, 'kernel_size': (3, 3), 'strides': 2, 'l1_ratio': 8.533161063636976e-05, 'l2_ratio': 1.886838892434055e-06, 'learning_rate': 0.002954764635810546}. Best is trial 0 with value: 1.0.
2024-06-14 08:13:18,495 - INFO - Creating model with params: {'num_filters_1': 24, 'num_filters_2': 54, 'num_filters_3': 52, 'kernel_size': (3, 3), 'strides': 2, 'l1_ratio': 0.004977481158591998, 'l2_ratio': 8.22029722526167e-06, 'learning_rate': 0.005606723620923256}
2024-06-14 08:13:18,781 - INFO - Training the model
2024-06-14 08:13:37,403 - INFO - Evaluating the model
2024-06-14 08:13:37,624 - INFO - Model accuracy: 1.0
[I 2024-06-14 08:13:37,626] Trial 44 finished with value: 1.0 and parameters: {'num_filters_1': 24, 'num_filters_2': 54, 'num_filters_3': 52, 'kernel_size': (3, 3), 'strides': 2, 'l1_ratio': 0.004977481158591998, 'l2_ratio': 8.22029722526167e-06, 'learning_rate': 0.005606723620923256}. Best is trial 0 with value: 1.0.
2024-06-14 08:13:37,634 - INFO - Creating model with params: {'num_filters_1': 64, 'num_filters_2': 52, 'num_filters_3': 78, 'kernel_size': (3, 3), 'strides': 2, 'l1_ratio': 0.004506765562459191, 'l2_ratio': 1.1227243940878908e-05, 'learning_rate': 0.004436878350365343}
2024-06-14 08:13:37,918 - INFO - Training the model
2024-06-14 08:14:15,386 - INFO - Evaluating the model
2024-06-14 08:14:15,780 - INFO - Model accuracy: 1.0
[I 2024-06-14 08:14:15,783] Trial 45 finished with value: 1.0 and parameters: {'num_filters_1': 64, 'num_filters_2': 52, 'num_filters_3': 78, 'kernel_size': (3, 3), 'strides': 2, 'l1_ratio': 0.004506765562459191, 'l2_ratio': 1.1227243940878908e-05, 'learning_rate': 0.004436878350365343}. Best is trial 0 with value: 1.0.
2024-06-14 08:14:15,791 - INFO - Creating model with params: {'num_filters_1': 48, 'num_filters_2': 59, 'num_filters_3': 60, 'kernel_size': (3, 3), 'strides': 2, 'l1_ratio': 0.00041366730618875105, 'l2_ratio': 1.3904275163618988e-06, 'learning_rate': 0.0006803164111998028}
2024-06-14 08:14:16,077 - INFO - Training the model
2024-06-14 08:14:45,575 - INFO - Evaluating the model
2024-06-14 08:14:45,909 - INFO - Model accuracy: 1.0
[I 2024-06-14 08:14:45,912] Trial 46 finished with value: 1.0 and parameters: {'num_filters_1': 48, 'num_filters_2': 59, 'num_filters_3': 60, 'kernel_size': (3, 3), 'strides': 2, 'l1_ratio': 0.00041366730618875105, 'l2_ratio': 1.3904275163618988e-06, 'learning_rate': 0.0006803164111998028}. Best is trial 0 with value: 1.0.
2024-06-14 08:14:45,921 - INFO - Creating model with params: {'num_filters_1': 51, 'num_filters_2': 75, 'num_filters_3': 66, 'kernel_size': (3, 3), 'strides': 2, 'l1_ratio': 0.00013451049726699593, 'l2_ratio': 3.2280323969799494e-06, 'learning_rate': 0.0007747268109670307}
2024-06-14 08:14:46,209 - INFO - Training the model
2024-06-14 08:15:21,835 - INFO - Evaluating the model
2024-06-14 08:15:22,194 - INFO - Model accuracy: 1.0
[I 2024-06-14 08:15:22,197] Trial 47 finished with value: 1.0 and parameters: {'num_filters_1': 51, 'num_filters_2': 75, 'num_filters_3': 66, 'kernel_size': (3, 3), 'strides': 2, 'l1_ratio': 0.00013451049726699593, 'l2_ratio': 3.2280323969799494e-06, 'learning_rate': 0.0007747268109670307}. Best is trial 0 with value: 1.0.
2024-06-14 08:15:22,205 - INFO - Creating model with params: {'num_filters_1': 54, 'num_filters_2': 39, 'num_filters_3': 32, 'kernel_size': (3, 3), 'strides': 2, 'l1_ratio': 7.194455608869845e-05, 'l2_ratio': 2.1616513867427992e-06, 'learning_rate': 0.0015416677281106517}
2024-06-14 08:15:22,495 - INFO - Training the model
2024-06-14 08:15:57,349 - INFO - Evaluating the model
2024-06-14 08:15:57,719 - INFO - Model accuracy: 1.0
[I 2024-06-14 08:15:57,722] Trial 48 finished with value: 1.0 and parameters: {'num_filters_1': 54, 'num_filters_2': 39, 'num_filters_3': 32, 'kernel_size': (3, 3), 'strides': 2, 'l1_ratio': 7.194455608869845e-05, 'l2_ratio': 2.1616513867427992e-06, 'learning_rate': 0.0015416677281106517}. Best is trial 0 with value: 1.0.
2024-06-14 08:15:57,731 - INFO - Creating model with params: {'num_filters_1': 29, 'num_filters_2': 101, 'num_filters_3': 39, 'kernel_size': (3, 3), 'strides': 2, 'l1_ratio': 6.056848481856122e-05, 'l2_ratio': 0.003699082126986518, 'learning_rate': 0.0010696944792613337}
2024-06-14 08:15:58,028 - INFO - Training the model
2024-06-14 08:16:22,681 - INFO - Evaluating the model
2024-06-14 08:16:22,947 - INFO - Model accuracy: 1.0
[I 2024-06-14 08:16:22,949] Trial 49 finished with value: 1.0 and parameters: {'num_filters_1': 29, 'num_filters_2': 101, 'num_filters_3': 39, 'kernel_size': (3, 3), 'strides': 2, 'l1_ratio': 6.056848481856122e-05, 'l2_ratio': 0.003699082126986518, 'learning_rate': 0.0010696944792613337}. Best is trial 0 with value: 1.0.
2024-06-14 08:16:22,949 - INFO - Optimal parameters for scenario IS: {'num_filters_1': 24, 'num_filters_2': 43, 'num_filters_3': 35, 'kernel_size': (3, 3), 'strides': 2, 'l1_ratio': 1.3345014851985675e-06, 'l2_ratio': 0.004966127273989159, 'learning_rate': 3.926915566272965e-05}
2024-06-14 08:16:22,949 - INFO - Starting optimization for scenario: RM
2024-06-14 08:16:22,949 - INFO - Processing: /data/home/ha231431/EvoNet-CNN-Insight/RW/Simulations1
2024-06-14 08:16:59,521 - INFO - Processing: /data/home/ha231431/EvoNet-CNN-Insight/RW/Simulations2
2024-06-14 08:17:36,515 - INFO - Processing: /data/home/ha231431/EvoNet-CNN-Insight/RW/Simulations3
2024-06-14 08:18:12,866 - INFO - Processing: /data/home/ha231431/EvoNet-CNN-Insight/RW/Simulations4
2024-06-14 08:18:49,445 - INFO - Processing: /data/home/ha231431/EvoNet-CNN-Insight/RW/Simulations5
2024-06-14 08:19:26,133 - INFO - Total data shape: (5000, 198, 192, 1)
2024-06-14 08:19:26,134 - INFO - Total targets shape: (5000,)
[I 2024-06-14 08:19:26,137] A new study created in memory with name: no-name-065cb65c-107b-493c-a953-a5936a9d4dcc
2024-06-14 08:19:26,140 - INFO - Creating model with params: {'num_filters_1': 51, 'num_filters_2': 53, 'num_filters_3': 77, 'kernel_size': (3, 3), 'strides': 1, 'l1_ratio': 0.005199611594558027, 'l2_ratio': 0.0008728201451207611, 'learning_rate': 2.37202138432884e-05}
2024-06-14 08:19:26,445 - INFO - Training the model
2024-06-14 08:23:33,208 - INFO - Evaluating the model
2024-06-14 08:23:35,154 - INFO - Model accuracy: 1.0
[I 2024-06-14 08:23:35,157] Trial 0 finished with value: 1.0 and parameters: {'num_filters_1': 51, 'num_filters_2': 53, 'num_filters_3': 77, 'kernel_size': (3, 3), 'strides': 1, 'l1_ratio': 0.005199611594558027, 'l2_ratio': 0.0008728201451207611, 'learning_rate': 2.37202138432884e-05}. Best is trial 0 with value: 1.0.
2024-06-14 08:23:35,158 - INFO - Creating model with params: {'num_filters_1': 26, 'num_filters_2': 37, 'num_filters_3': 115, 'kernel_size': (5, 5), 'strides': 2, 'l1_ratio': 2.5050224509337827e-06, 'l2_ratio': 6.3687333226499395e-06, 'learning_rate': 0.000180262687288775}
2024-06-14 08:23:35,452 - INFO - Training the model
2024-06-14 08:24:05,981 - INFO - Evaluating the model
2024-06-14 08:24:06,287 - INFO - Model accuracy: 1.0
[I 2024-06-14 08:24:06,289] Trial 1 finished with value: 1.0 and parameters: {'num_filters_1': 26, 'num_filters_2': 37, 'num_filters_3': 115, 'kernel_size': (5, 5), 'strides': 2, 'l1_ratio': 2.5050224509337827e-06, 'l2_ratio': 6.3687333226499395e-06, 'learning_rate': 0.000180262687288775}. Best is trial 0 with value: 1.0.
2024-06-14 08:24:06,291 - INFO - Creating model with params: {'num_filters_1': 19, 'num_filters_2': 122, 'num_filters_3': 41, 'kernel_size': (3, 3), 'strides': 1, 'l1_ratio': 0.0067607399158331185, 'l2_ratio': 7.207923451571303e-05, 'learning_rate': 2.0192701262184697e-05}
2024-06-14 08:24:06,585 - INFO - Training the model
2024-06-14 08:27:18,636 - INFO - Evaluating the model
2024-06-14 08:27:20,188 - INFO - Model accuracy: 1.0
[I 2024-06-14 08:27:20,191] Trial 2 finished with value: 1.0 and parameters: {'num_filters_1': 19, 'num_filters_2': 122, 'num_filters_3': 41, 'kernel_size': (3, 3), 'strides': 1, 'l1_ratio': 0.0067607399158331185, 'l2_ratio': 7.207923451571303e-05, 'learning_rate': 2.0192701262184697e-05}. Best is trial 0 with value: 1.0.
2024-06-14 08:27:20,192 - INFO - Creating model with params: {'num_filters_1': 62, 'num_filters_2': 116, 'num_filters_3': 41, 'kernel_size': (5, 5), 'strides': 2, 'l1_ratio': 5.6336478757980015e-06, 'l2_ratio': 1.0703327897039835e-06, 'learning_rate': 1.280620911036921e-05}
2024-06-14 08:27:20,486 - INFO - Training the model
2024-06-14 08:28:21,594 - INFO - Evaluating the model
2024-06-14 08:28:22,122 - INFO - Model accuracy: 1.0
[I 2024-06-14 08:28:22,125] Trial 3 finished with value: 1.0 and parameters: {'num_filters_1': 62, 'num_filters_2': 116, 'num_filters_3': 41, 'kernel_size': (5, 5), 'strides': 2, 'l1_ratio': 5.6336478757980015e-06, 'l2_ratio': 1.0703327897039835e-06, 'learning_rate': 1.280620911036921e-05}. Best is trial 0 with value: 1.0.
2024-06-14 08:28:22,126 - INFO - Creating model with params: {'num_filters_1': 31, 'num_filters_2': 96, 'num_filters_3': 78, 'kernel_size': (5, 5), 'strides': 2, 'l1_ratio': 0.0010269197910716054, 'l2_ratio': 6.8062048798617524e-06, 'learning_rate': 0.008418791597466006}
2024-06-14 08:28:22,418 - INFO - Training the model
2024-06-14 08:28:59,166 - INFO - Evaluating the model
2024-06-14 08:28:59,503 - INFO - Model accuracy: 1.0
[I 2024-06-14 08:28:59,506] Trial 4 finished with value: 1.0 and parameters: {'num_filters_1': 31, 'num_filters_2': 96, 'num_filters_3': 78, 'kernel_size': (5, 5), 'strides': 2, 'l1_ratio': 0.0010269197910716054, 'l2_ratio': 6.8062048798617524e-06, 'learning_rate': 0.008418791597466006}. Best is trial 0 with value: 1.0.
2024-06-14 08:28:59,507 - INFO - Creating model with params: {'num_filters_1': 64, 'num_filters_2': 82, 'num_filters_3': 64, 'kernel_size': (3, 3), 'strides': 2, 'l1_ratio': 0.0016391574279098079, 'l2_ratio': 0.0021349686648822583, 'learning_rate': 0.0039002046664436555}
2024-06-14 08:28:59,805 - INFO - Training the model
2024-06-14 08:29:39,318 - INFO - Evaluating the model
2024-06-14 08:29:39,721 - INFO - Model accuracy: 1.0
[I 2024-06-14 08:29:39,723] Trial 5 finished with value: 1.0 and parameters: {'num_filters_1': 64, 'num_filters_2': 82, 'num_filters_3': 64, 'kernel_size': (3, 3), 'strides': 2, 'l1_ratio': 0.0016391574279098079, 'l2_ratio': 0.0021349686648822583, 'learning_rate': 0.0039002046664436555}. Best is trial 0 with value: 1.0.
2024-06-14 08:29:39,725 - INFO - Creating model with params: {'num_filters_1': 25, 'num_filters_2': 79, 'num_filters_3': 67, 'kernel_size': (3, 3), 'strides': 2, 'l1_ratio': 0.004767321521044517, 'l2_ratio': 3.213268087917385e-05, 'learning_rate': 0.00016134093729821145}
2024-06-14 08:29:40,013 - INFO - Training the model
2024-06-14 08:30:01,469 - INFO - Evaluating the model
2024-06-14 08:30:01,705 - INFO - Model accuracy: 1.0
[I 2024-06-14 08:30:01,707] Trial 6 finished with value: 1.0 and parameters: {'num_filters_1': 25, 'num_filters_2': 79, 'num_filters_3': 67, 'kernel_size': (3, 3), 'strides': 2, 'l1_ratio': 0.004767321521044517, 'l2_ratio': 3.213268087917385e-05, 'learning_rate': 0.00016134093729821145}. Best is trial 0 with value: 1.0.
2024-06-14 08:30:01,708 - INFO - Creating model with params: {'num_filters_1': 50, 'num_filters_2': 120, 'num_filters_3': 40, 'kernel_size': (5, 5), 'strides': 1, 'l1_ratio': 1.8290805301909001e-06, 'l2_ratio': 0.006298408656657038, 'learning_rate': 2.3921596916975616e-05}
2024-06-14 08:30:02,003 - INFO - Training the model
2024-06-14 08:39:34,555 - INFO - Evaluating the model
2024-06-14 08:39:38,542 - INFO - Model accuracy: 1.0
[I 2024-06-14 08:39:38,545] Trial 7 finished with value: 1.0 and parameters: {'num_filters_1': 50, 'num_filters_2': 120, 'num_filters_3': 40, 'kernel_size': (5, 5), 'strides': 1, 'l1_ratio': 1.8290805301909001e-06, 'l2_ratio': 0.006298408656657038, 'learning_rate': 2.3921596916975616e-05}. Best is trial 0 with value: 1.0.
2024-06-14 08:39:38,547 - INFO - Creating model with params: {'num_filters_1': 55, 'num_filters_2': 109, 'num_filters_3': 122, 'kernel_size': (3, 3), 'strides': 1, 'l1_ratio': 5.34536445994791e-06, 'l2_ratio': 3.379160340879943e-05, 'learning_rate': 3.6773763928832e-05}
2024-06-14 08:39:38,854 - INFO - Training the model
2024-06-14 08:45:20,463 - INFO - Evaluating the model
2024-06-14 08:45:23,182 - INFO - Model accuracy: 1.0
[I 2024-06-14 08:45:23,185] Trial 8 finished with value: 1.0 and parameters: {'num_filters_1': 55, 'num_filters_2': 109, 'num_filters_3': 122, 'kernel_size': (3, 3), 'strides': 1, 'l1_ratio': 5.34536445994791e-06, 'l2_ratio': 3.379160340879943e-05, 'learning_rate': 3.6773763928832e-05}. Best is trial 0 with value: 1.0.
2024-06-14 08:45:23,186 - INFO - Creating model with params: {'num_filters_1': 29, 'num_filters_2': 56, 'num_filters_3': 59, 'kernel_size': (3, 3), 'strides': 2, 'l1_ratio': 3.3976110162112405e-05, 'l2_ratio': 2.3524887660103017e-06, 'learning_rate': 0.00013205230727816696}
2024-06-14 08:45:23,472 - INFO - Training the model
2024-06-14 08:45:46,255 - INFO - Evaluating the model
2024-06-14 08:45:46,514 - INFO - Model accuracy: 1.0
[I 2024-06-14 08:45:46,516] Trial 9 finished with value: 1.0 and parameters: {'num_filters_1': 29, 'num_filters_2': 56, 'num_filters_3': 59, 'kernel_size': (3, 3), 'strides': 2, 'l1_ratio': 3.3976110162112405e-05, 'l2_ratio': 2.3524887660103017e-06, 'learning_rate': 0.00013205230727816696}. Best is trial 0 with value: 1.0.
2024-06-14 08:45:46,523 - INFO - Creating model with params: {'num_filters_1': 44, 'num_filters_2': 36, 'num_filters_3': 98, 'kernel_size': (3, 3), 'strides': 1, 'l1_ratio': 0.0002036613540072276, 'l2_ratio': 0.000640037851150875, 'learning_rate': 0.0011508486970902038}
2024-06-14 08:45:46,824 - INFO - Training the model
2024-06-14 08:48:51,706 - INFO - Evaluating the model
2024-06-14 08:48:53,289 - INFO - Model accuracy: 1.0
[I 2024-06-14 08:48:53,292] Trial 10 finished with value: 1.0 and parameters: {'num_filters_1': 44, 'num_filters_2': 36, 'num_filters_3': 98, 'kernel_size': (3, 3), 'strides': 1, 'l1_ratio': 0.0002036613540072276, 'l2_ratio': 0.000640037851150875, 'learning_rate': 0.0011508486970902038}. Best is trial 0 with value: 1.0.
2024-06-14 08:48:53,299 - INFO - Creating model with params: {'num_filters_1': 38, 'num_filters_2': 33, 'num_filters_3': 107, 'kernel_size': (5, 5), 'strides': 1, 'l1_ratio': 5.7980290319449156e-05, 'l2_ratio': 0.00055777116927245, 'learning_rate': 0.0005403696264172167}
2024-06-14 08:48:53,605 - INFO - Training the model
2024-06-14 08:54:27,545 - INFO - Evaluating the model
2024-06-14 08:54:29,871 - INFO - Model accuracy: 1.0
[I 2024-06-14 08:54:29,874] Trial 11 finished with value: 1.0 and parameters: {'num_filters_1': 38, 'num_filters_2': 33, 'num_filters_3': 107, 'kernel_size': (5, 5), 'strides': 1, 'l1_ratio': 5.7980290319449156e-05, 'l2_ratio': 0.00055777116927245, 'learning_rate': 0.0005403696264172167}. Best is trial 0 with value: 1.0.
2024-06-14 08:54:29,881 - INFO - Creating model with params: {'num_filters_1': 40, 'num_filters_2': 51, 'num_filters_3': 97, 'kernel_size': (5, 5), 'strides': 1, 'l1_ratio': 0.000326290083866622, 'l2_ratio': 0.0003998147350747316, 'learning_rate': 7.016875286016672e-05}
2024-06-14 08:54:30,187 - INFO - Training the model
2024-06-14 09:00:25,748 - INFO - Evaluating the model
2024-06-14 09:00:28,320 - INFO - Model accuracy: 1.0
[I 2024-06-14 09:00:28,322] Trial 12 finished with value: 1.0 and parameters: {'num_filters_1': 40, 'num_filters_2': 51, 'num_filters_3': 97, 'kernel_size': (5, 5), 'strides': 1, 'l1_ratio': 0.000326290083866622, 'l2_ratio': 0.0003998147350747316, 'learning_rate': 7.016875286016672e-05}. Best is trial 0 with value: 1.0.
2024-06-14 09:00:28,329 - INFO - Creating model with params: {'num_filters_1': 16, 'num_filters_2': 55, 'num_filters_3': 126, 'kernel_size': (5, 5), 'strides': 2, 'l1_ratio': 1.2911618146007873e-06, 'l2_ratio': 7.417668789063441e-06, 'learning_rate': 0.00048499760345904004}
2024-06-14 09:00:28,621 - INFO - Training the model
2024-06-14 09:00:51,229 - INFO - Evaluating the model
2024-06-14 09:00:51,479 - INFO - Model accuracy: 1.0
[I 2024-06-14 09:00:51,482] Trial 13 finished with value: 1.0 and parameters: {'num_filters_1': 16, 'num_filters_2': 55, 'num_filters_3': 126, 'kernel_size': (5, 5), 'strides': 2, 'l1_ratio': 1.2911618146007873e-06, 'l2_ratio': 7.417668789063441e-06, 'learning_rate': 0.00048499760345904004}. Best is trial 0 with value: 1.0.
2024-06-14 09:00:51,488 - INFO - Creating model with params: {'num_filters_1': 53, 'num_filters_2': 44, 'num_filters_3': 83, 'kernel_size': (5, 5), 'strides': 2, 'l1_ratio': 1.6111522412762818e-05, 'l2_ratio': 0.006752928698284876, 'learning_rate': 7.039014219846314e-05}
2024-06-14 09:00:51,776 - INFO - Training the model
2024-06-14 09:01:40,017 - INFO - Evaluating the model
2024-06-14 09:01:40,441 - INFO - Model accuracy: 1.0
[I 2024-06-14 09:01:40,443] Trial 14 finished with value: 1.0 and parameters: {'num_filters_1': 53, 'num_filters_2': 44, 'num_filters_3': 83, 'kernel_size': (5, 5), 'strides': 2, 'l1_ratio': 1.6111522412762818e-05, 'l2_ratio': 0.006752928698284876, 'learning_rate': 7.039014219846314e-05}. Best is trial 0 with value: 1.0.
2024-06-14 09:01:40,449 - INFO - Creating model with params: {'num_filters_1': 46, 'num_filters_2': 69, 'num_filters_3': 111, 'kernel_size': (3, 3), 'strides': 1, 'l1_ratio': 0.0005174082619104415, 'l2_ratio': 0.00017048378293424605, 'learning_rate': 0.0017327969726501895}
2024-06-14 09:01:40,754 - INFO - Training the model
2024-06-14 09:05:46,906 - INFO - Evaluating the model
2024-06-14 09:05:48,916 - INFO - Model accuracy: 1.0
[I 2024-06-14 09:05:48,918] Trial 15 finished with value: 1.0 and parameters: {'num_filters_1': 46, 'num_filters_2': 69, 'num_filters_3': 111, 'kernel_size': (3, 3), 'strides': 1, 'l1_ratio': 0.0005174082619104415, 'l2_ratio': 0.00017048378293424605, 'learning_rate': 0.0017327969726501895}. Best is trial 0 with value: 1.0.
2024-06-14 09:05:48,925 - INFO - Creating model with params: {'num_filters_1': 58, 'num_filters_2': 65, 'num_filters_3': 80, 'kernel_size': (5, 5), 'strides': 1, 'l1_ratio': 0.0027437477870966348, 'l2_ratio': 0.0018819626062317695, 'learning_rate': 0.00025115915389413906}
2024-06-14 09:05:49,231 - INFO - Training the model
2024-06-14 09:14:39,828 - INFO - Evaluating the model
2024-06-14 09:14:43,556 - INFO - Model accuracy: 1.0
[I 2024-06-14 09:14:43,559] Trial 16 finished with value: 1.0 and parameters: {'num_filters_1': 58, 'num_filters_2': 65, 'num_filters_3': 80, 'kernel_size': (5, 5), 'strides': 1, 'l1_ratio': 0.0027437477870966348, 'l2_ratio': 0.0018819626062317695, 'learning_rate': 0.00025115915389413906}. Best is trial 0 with value: 1.0.
2024-06-14 09:14:43,566 - INFO - Creating model with params: {'num_filters_1': 54, 'num_filters_2': 45, 'num_filters_3': 83, 'kernel_size': (3, 3), 'strides': 2, 'l1_ratio': 2.6721526364961817e-05, 'l2_ratio': 0.00853538896288473, 'learning_rate': 5.859439278487344e-05}
2024-06-14 09:14:43,855 - INFO - Training the model
2024-06-14 09:15:19,406 - INFO - Evaluating the model
2024-06-14 09:15:19,802 - INFO - Model accuracy: 1.0
[I 2024-06-14 09:15:19,805] Trial 17 finished with value: 1.0 and parameters: {'num_filters_1': 54, 'num_filters_2': 45, 'num_filters_3': 83, 'kernel_size': (3, 3), 'strides': 2, 'l1_ratio': 2.6721526364961817e-05, 'l2_ratio': 0.00853538896288473, 'learning_rate': 5.859439278487344e-05}. Best is trial 0 with value: 1.0.
2024-06-14 09:15:19,812 - INFO - Creating model with params: {'num_filters_1': 45, 'num_filters_2': 70, 'num_filters_3': 96, 'kernel_size': (3, 3), 'strides': 1, 'l1_ratio': 0.0006950152518745904, 'l2_ratio': 0.00016619458636480566, 'learning_rate': 0.002032012647652193}
2024-06-14 09:15:20,119 - INFO - Training the model
2024-06-14 09:19:13,273 - INFO - Evaluating the model
2024-06-14 09:19:15,134 - INFO - Model accuracy: 1.0
