[I 2024-06-14 09:19:15,137] Trial 18 finished with value: 1.0 and parameters: {'num_filters_1': 45, 'num_filters_2': 70, 'num_filters_3': 96, 'kernel_size': (3, 3), 'strides': 1, 'l1_ratio': 0.0006950152518745904, 'l2_ratio': 0.00016619458636480566, 'learning_rate': 0.002032012647652193}. Best is trial 0 with value: 1.0.
2024-06-14 09:19:15,144 - INFO - Creating model with params: {'num_filters_1': 60, 'num_filters_2': 65, 'num_filters_3': 75, 'kernel_size': (5, 5), 'strides': 1, 'l1_ratio': 0.002451049262083522, 'l2_ratio': 0.0021406631025733974, 'learning_rate': 1.2454674905491545e-05}
2024-06-14 09:19:15,444 - INFO - Training the model
2024-06-14 09:28:05,680 - INFO - Evaluating the model
2024-06-14 09:28:09,595 - INFO - Model accuracy: 1.0
[I 2024-06-14 09:28:09,597] Trial 19 finished with value: 1.0 and parameters: {'num_filters_1': 60, 'num_filters_2': 65, 'num_filters_3': 75, 'kernel_size': (5, 5), 'strides': 1, 'l1_ratio': 0.002451049262083522, 'l2_ratio': 0.0021406631025733974, 'learning_rate': 1.2454674905491545e-05}. Best is trial 0 with value: 1.0.
2024-06-14 09:28:09,604 - INFO - Creating model with params: {'num_filters_1': 51, 'num_filters_2': 40, 'num_filters_3': 52, 'kernel_size': (3, 3), 'strides': 2, 'l1_ratio': 0.00013140367636499896, 'l2_ratio': 0.00886949183188427, 'learning_rate': 5.419172852125045e-05}
2024-06-14 09:28:09,895 - INFO - Training the model
2024-06-14 09:28:42,689 - INFO - Evaluating the model
2024-06-14 09:28:43,034 - INFO - Model accuracy: 1.0
[I 2024-06-14 09:28:43,037] Trial 20 finished with value: 1.0 and parameters: {'num_filters_1': 51, 'num_filters_2': 40, 'num_filters_3': 52, 'kernel_size': (3, 3), 'strides': 2, 'l1_ratio': 0.00013140367636499896, 'l2_ratio': 0.00886949183188427, 'learning_rate': 5.419172852125045e-05}. Best is trial 0 with value: 1.0.
2024-06-14 09:28:43,044 - INFO - Creating model with params: {'num_filters_1': 48, 'num_filters_2': 75, 'num_filters_3': 94, 'kernel_size': (3, 3), 'strides': 1, 'l1_ratio': 0.0006044888058163771, 'l2_ratio': 0.0001803899856713213, 'learning_rate': 0.009032039742536704}
2024-06-14 09:28:43,346 - INFO - Training the model
2024-06-14 09:32:38,292 - INFO - Evaluating the model
2024-06-14 09:32:40,280 - INFO - Model accuracy: 1.0
[I 2024-06-14 09:32:40,282] Trial 21 finished with value: 1.0 and parameters: {'num_filters_1': 48, 'num_filters_2': 75, 'num_filters_3': 94, 'kernel_size': (3, 3), 'strides': 1, 'l1_ratio': 0.0006044888058163771, 'l2_ratio': 0.0001803899856713213, 'learning_rate': 0.009032039742536704}. Best is trial 0 with value: 1.0.
2024-06-14 09:32:40,289 - INFO - Creating model with params: {'num_filters_1': 60, 'num_filters_2': 89, 'num_filters_3': 91, 'kernel_size': (3, 3), 'strides': 1, 'l1_ratio': 0.0022904846068459613, 'l2_ratio': 0.0015305676517773001, 'learning_rate': 1.1018395211332112e-05}
2024-06-14 09:32:40,594 - INFO - Training the model
2024-06-14 09:37:54,249 - INFO - Evaluating the model
2024-06-14 09:37:56,813 - INFO - Model accuracy: 1.0
[I 2024-06-14 09:37:56,816] Trial 22 finished with value: 1.0 and parameters: {'num_filters_1': 60, 'num_filters_2': 89, 'num_filters_3': 91, 'kernel_size': (3, 3), 'strides': 1, 'l1_ratio': 0.0022904846068459613, 'l2_ratio': 0.0015305676517773001, 'learning_rate': 1.1018395211332112e-05}. Best is trial 0 with value: 1.0.
2024-06-14 09:37:56,823 - INFO - Creating model with params: {'num_filters_1': 58, 'num_filters_2': 63, 'num_filters_3': 53, 'kernel_size': (3, 3), 'strides': 1, 'l1_ratio': 0.00882478707807941, 'l2_ratio': 0.003940847700069583, 'learning_rate': 1.027235917903305e-05}
2024-06-14 09:37:57,126 - INFO - Training the model
2024-06-14 09:42:17,118 - INFO - Evaluating the model
2024-06-14 09:42:19,209 - INFO - Model accuracy: 1.0
[I 2024-06-14 09:42:19,212] Trial 23 finished with value: 1.0 and parameters: {'num_filters_1': 58, 'num_filters_2': 63, 'num_filters_3': 53, 'kernel_size': (3, 3), 'strides': 1, 'l1_ratio': 0.00882478707807941, 'l2_ratio': 0.003940847700069583, 'learning_rate': 1.027235917903305e-05}. Best is trial 0 with value: 1.0.
2024-06-14 09:42:19,219 - INFO - Creating model with params: {'num_filters_1': 49, 'num_filters_2': 47, 'num_filters_3': 52, 'kernel_size': (3, 3), 'strides': 1, 'l1_ratio': 0.00015690131768258608, 'l2_ratio': 0.0003680582206321322, 'learning_rate': 3.193968902613198e-05}
2024-06-14 09:42:19,514 - INFO - Training the model
2024-06-14 09:46:02,761 - INFO - Evaluating the model
2024-06-14 09:46:04,597 - INFO - Model accuracy: 1.0
[I 2024-06-14 09:46:04,600] Trial 24 finished with value: 1.0 and parameters: {'num_filters_1': 49, 'num_filters_2': 47, 'num_filters_3': 52, 'kernel_size': (3, 3), 'strides': 1, 'l1_ratio': 0.00015690131768258608, 'l2_ratio': 0.0003680582206321322, 'learning_rate': 3.193968902613198e-05}. Best is trial 0 with value: 1.0.
2024-06-14 09:46:04,608 - INFO - Creating model with params: {'num_filters_1': 38, 'num_filters_2': 91, 'num_filters_3': 90, 'kernel_size': (3, 3), 'strides': 1, 'l1_ratio': 0.0038746394282539736, 'l2_ratio': 0.001175238751442409, 'learning_rate': 0.008985618559486439}
2024-06-14 09:46:04,911 - INFO - Training the model
2024-06-14 09:50:05,163 - INFO - Evaluating the model
2024-06-14 09:50:07,276 - INFO - Model accuracy: 1.0
[I 2024-06-14 09:50:07,279] Trial 25 finished with value: 1.0 and parameters: {'num_filters_1': 38, 'num_filters_2': 91, 'num_filters_3': 90, 'kernel_size': (3, 3), 'strides': 1, 'l1_ratio': 0.0038746394282539736, 'l2_ratio': 0.001175238751442409, 'learning_rate': 0.008985618559486439}. Best is trial 0 with value: 1.0.
2024-06-14 09:50:07,286 - INFO - Creating model with params: {'num_filters_1': 58, 'num_filters_2': 89, 'num_filters_3': 32, 'kernel_size': (3, 3), 'strides': 1, 'l1_ratio': 0.00828159365545148, 'l2_ratio': 0.0033138032673436487, 'learning_rate': 1.0547449268391238e-05}
2024-06-14 09:50:07,580 - INFO - Training the model
2024-06-14 09:54:56,897 - INFO - Evaluating the model
2024-06-14 09:54:59,210 - INFO - Model accuracy: 1.0
[I 2024-06-14 09:54:59,213] Trial 26 finished with value: 1.0 and parameters: {'num_filters_1': 58, 'num_filters_2': 89, 'num_filters_3': 32, 'kernel_size': (3, 3), 'strides': 1, 'l1_ratio': 0.00828159365545148, 'l2_ratio': 0.0033138032673436487, 'learning_rate': 1.0547449268391238e-05}. Best is trial 0 with value: 1.0.
2024-06-14 09:54:59,220 - INFO - Creating model with params: {'num_filters_1': 41, 'num_filters_2': 59, 'num_filters_3': 52, 'kernel_size': (3, 3), 'strides': 1, 'l1_ratio': 0.00721255092206866, 'l2_ratio': 0.0008388432555157859, 'learning_rate': 2.6765989105237986e-05}
2024-06-14 09:54:59,517 - INFO - Training the model
2024-06-14 09:58:28,694 - INFO - Evaluating the model
2024-06-14 09:58:30,435 - INFO - Model accuracy: 1.0
[I 2024-06-14 09:58:30,438] Trial 27 finished with value: 1.0 and parameters: {'num_filters_1': 41, 'num_filters_2': 59, 'num_filters_3': 52, 'kernel_size': (3, 3), 'strides': 1, 'l1_ratio': 0.00721255092206866, 'l2_ratio': 0.0008388432555157859, 'learning_rate': 2.6765989105237986e-05}. Best is trial 0 with value: 1.0.
2024-06-14 09:58:30,445 - INFO - Creating model with params: {'num_filters_1': 35, 'num_filters_2': 102, 'num_filters_3': 72, 'kernel_size': (3, 3), 'strides': 1, 'l1_ratio': 8.770326194384977e-05, 'l2_ratio': 0.0002917809719196549, 'learning_rate': 0.00010299387447188588}
2024-06-14 09:58:30,744 - INFO - Training the model
2024-06-14 10:02:27,146 - INFO - Evaluating the model
2024-06-14 10:02:29,011 - INFO - Model accuracy: 1.0
[I 2024-06-14 10:02:29,013] Trial 28 finished with value: 1.0 and parameters: {'num_filters_1': 35, 'num_filters_2': 102, 'num_filters_3': 72, 'kernel_size': (3, 3), 'strides': 1, 'l1_ratio': 8.770326194384977e-05, 'l2_ratio': 0.0002917809719196549, 'learning_rate': 0.00010299387447188588}. Best is trial 0 with value: 1.0.
2024-06-14 10:02:29,021 - INFO - Creating model with params: {'num_filters_1': 36, 'num_filters_2': 90, 'num_filters_3': 104, 'kernel_size': (3, 3), 'strides': 1, 'l1_ratio': 0.004308275235488754, 'l2_ratio': 0.00388999338892228, 'learning_rate': 0.004970641940768957}
2024-06-14 10:02:29,328 - INFO - Training the model
2024-06-14 10:06:13,942 - INFO - Evaluating the model
2024-06-14 10:06:15,798 - INFO - Model accuracy: 1.0
[I 2024-06-14 10:06:15,800] Trial 29 finished with value: 1.0 and parameters: {'num_filters_1': 36, 'num_filters_2': 90, 'num_filters_3': 104, 'kernel_size': (3, 3), 'strides': 1, 'l1_ratio': 0.004308275235488754, 'l2_ratio': 0.00388999338892228, 'learning_rate': 0.004970641940768957}. Best is trial 0 with value: 1.0.
2024-06-14 10:06:15,808 - INFO - Creating model with params: {'num_filters_1': 42, 'num_filters_2': 57, 'num_filters_3': 48, 'kernel_size': (3, 3), 'strides': 1, 'l1_ratio': 0.008070403976661315, 'l2_ratio': 0.0008154810544857774, 'learning_rate': 2.3602732662886366e-05}
2024-06-14 10:06:16,102 - INFO - Training the model
2024-06-14 10:09:35,279 - INFO - Evaluating the model
2024-06-14 10:09:36,905 - INFO - Model accuracy: 1.0
[I 2024-06-14 10:09:36,908] Trial 30 finished with value: 1.0 and parameters: {'num_filters_1': 42, 'num_filters_2': 57, 'num_filters_3': 48, 'kernel_size': (3, 3), 'strides': 1, 'l1_ratio': 0.008070403976661315, 'l2_ratio': 0.0008154810544857774, 'learning_rate': 2.3602732662886366e-05}. Best is trial 0 with value: 1.0.
2024-06-14 10:09:36,915 - INFO - Creating model with params: {'num_filters_1': 35, 'num_filters_2': 103, 'num_filters_3': 33, 'kernel_size': (3, 3), 'strides': 1, 'l1_ratio': 6.191136733482255e-05, 'l2_ratio': 0.00026189461463489044, 'learning_rate': 1.71022313864314e-05}
2024-06-14 10:09:37,211 - INFO - Training the model
2024-06-14 10:13:30,094 - INFO - Evaluating the model
2024-06-14 10:13:31,908 - INFO - Model accuracy: 1.0
[I 2024-06-14 10:13:31,910] Trial 31 finished with value: 1.0 and parameters: {'num_filters_1': 35, 'num_filters_2': 103, 'num_filters_3': 33, 'kernel_size': (3, 3), 'strides': 1, 'l1_ratio': 6.191136733482255e-05, 'l2_ratio': 0.00026189461463489044, 'learning_rate': 1.71022313864314e-05}. Best is trial 0 with value: 1.0.
2024-06-14 10:13:31,918 - INFO - Creating model with params: {'num_filters_1': 33, 'num_filters_2': 99, 'num_filters_3': 67, 'kernel_size': (3, 3), 'strides': 1, 'l1_ratio': 0.0012773601367973614, 'l2_ratio': 7.550758396414269e-05, 'learning_rate': 8.910304769934062e-05}
2024-06-14 10:13:32,218 - INFO - Training the model
2024-06-14 10:17:20,294 - INFO - Evaluating the model
2024-06-14 10:17:22,167 - INFO - Model accuracy: 1.0
[I 2024-06-14 10:17:22,170] Trial 32 finished with value: 1.0 and parameters: {'num_filters_1': 33, 'num_filters_2': 99, 'num_filters_3': 67, 'kernel_size': (3, 3), 'strides': 1, 'l1_ratio': 0.0012773601367973614, 'l2_ratio': 7.550758396414269e-05, 'learning_rate': 8.910304769934062e-05}. Best is trial 0 with value: 1.0.
2024-06-14 10:17:22,178 - INFO - Creating model with params: {'num_filters_1': 26, 'num_filters_2': 109, 'num_filters_3': 73, 'kernel_size': (3, 3), 'strides': 1, 'l1_ratio': 0.000297008570607808, 'l2_ratio': 0.0035894329608672708, 'learning_rate': 0.0003700382072337148}
2024-06-14 10:17:22,487 - INFO - Training the model
2024-06-14 10:20:56,053 - INFO - Evaluating the model
2024-06-14 10:20:57,786 - INFO - Model accuracy: 1.0
[I 2024-06-14 10:20:57,788] Trial 33 finished with value: 1.0 and parameters: {'num_filters_1': 26, 'num_filters_2': 109, 'num_filters_3': 73, 'kernel_size': (3, 3), 'strides': 1, 'l1_ratio': 0.000297008570607808, 'l2_ratio': 0.0035894329608672708, 'learning_rate': 0.0003700382072337148}. Best is trial 0 with value: 1.0.
2024-06-14 10:20:57,797 - INFO - Creating model with params: {'num_filters_1': 36, 'num_filters_2': 107, 'num_filters_3': 33, 'kernel_size': (3, 3), 'strides': 1, 'l1_ratio': 0.009994126892676793, 'l2_ratio': 0.0008796559744012348, 'learning_rate': 1.7747544999154497e-05}
2024-06-14 10:20:58,094 - INFO - Training the model
2024-06-14 10:24:53,163 - INFO - Evaluating the model
2024-06-14 10:24:55,166 - INFO - Model accuracy: 1.0
[I 2024-06-14 10:24:55,168] Trial 34 finished with value: 1.0 and parameters: {'num_filters_1': 36, 'num_filters_2': 107, 'num_filters_3': 33, 'kernel_size': (3, 3), 'strides': 1, 'l1_ratio': 0.009994126892676793, 'l2_ratio': 0.0008796559744012348, 'learning_rate': 1.7747544999154497e-05}. Best is trial 0 with value: 1.0.
2024-06-14 10:24:55,176 - INFO - Creating model with params: {'num_filters_1': 49, 'num_filters_2': 41, 'num_filters_3': 75, 'kernel_size': (5, 5), 'strides': 2, 'l1_ratio': 0.0006395356198114883, 'l2_ratio': 4.03196454341589e-05, 'learning_rate': 3.890971519501763e-05}
2024-06-14 10:24:55,473 - INFO - Training the model
2024-06-14 10:25:41,623 - INFO - Evaluating the model
2024-06-14 10:25:42,042 - INFO - Model accuracy: 1.0
[I 2024-06-14 10:25:42,044] Trial 35 finished with value: 1.0 and parameters: {'num_filters_1': 49, 'num_filters_2': 41, 'num_filters_3': 75, 'kernel_size': (5, 5), 'strides': 2, 'l1_ratio': 0.0006395356198114883, 'l2_ratio': 4.03196454341589e-05, 'learning_rate': 3.890971519501763e-05}. Best is trial 0 with value: 1.0.
2024-06-14 10:25:42,053 - INFO - Creating model with params: {'num_filters_1': 63, 'num_filters_2': 73, 'num_filters_3': 89, 'kernel_size': (3, 3), 'strides': 2, 'l1_ratio': 0.001708425625803109, 'l2_ratio': 0.0001519819203321606, 'learning_rate': 1.4901698117770253e-05}
2024-06-14 10:25:42,360 - INFO - Training the model
2024-06-14 10:26:24,115 - INFO - Evaluating the model
2024-06-14 10:26:24,523 - INFO - Model accuracy: 1.0
[I 2024-06-14 10:26:24,525] Trial 36 finished with value: 1.0 and parameters: {'num_filters_1': 63, 'num_filters_2': 73, 'num_filters_3': 89, 'kernel_size': (3, 3), 'strides': 2, 'l1_ratio': 0.001708425625803109, 'l2_ratio': 0.0001519819203321606, 'learning_rate': 1.4901698117770253e-05}. Best is trial 0 with value: 1.0.
2024-06-14 10:26:24,533 - INFO - Creating model with params: {'num_filters_1': 52, 'num_filters_2': 83, 'num_filters_3': 89, 'kernel_size': (3, 3), 'strides': 2, 'l1_ratio': 0.0010134055434713797, 'l2_ratio': 0.0016581418113002927, 'learning_rate': 4.9882052181779705e-05}
2024-06-14 10:26:24,819 - INFO - Training the model
2024-06-14 10:27:00,693 - INFO - Evaluating the model
2024-06-14 10:27:01,079 - INFO - Model accuracy: 1.0
[I 2024-06-14 10:27:01,082] Trial 37 finished with value: 1.0 and parameters: {'num_filters_1': 52, 'num_filters_2': 83, 'num_filters_3': 89, 'kernel_size': (3, 3), 'strides': 2, 'l1_ratio': 0.0010134055434713797, 'l2_ratio': 0.0016581418113002927, 'learning_rate': 4.9882052181779705e-05}. Best is trial 0 with value: 1.0.
2024-06-14 10:27:01,090 - INFO - Creating model with params: {'num_filters_1': 58, 'num_filters_2': 77, 'num_filters_3': 93, 'kernel_size': (3, 3), 'strides': 1, 'l1_ratio': 0.0026361279141654073, 'l2_ratio': 1.4510166951056315e-05, 'learning_rate': 1.1634589921222791e-05}
2024-06-14 10:27:01,393 - INFO - Training the model
2024-06-14 10:31:55,201 - INFO - Evaluating the model
2024-06-14 10:31:57,568 - INFO - Model accuracy: 1.0
[I 2024-06-14 10:31:57,571] Trial 38 finished with value: 1.0 and parameters: {'num_filters_1': 58, 'num_filters_2': 77, 'num_filters_3': 93, 'kernel_size': (3, 3), 'strides': 1, 'l1_ratio': 0.0026361279141654073, 'l2_ratio': 1.4510166951056315e-05, 'learning_rate': 1.1634589921222791e-05}. Best is trial 0 with value: 1.0.
2024-06-14 10:31:57,579 - INFO - Creating model with params: {'num_filters_1': 56, 'num_filters_2': 63, 'num_filters_3': 117, 'kernel_size': (3, 3), 'strides': 1, 'l1_ratio': 0.004746515165105836, 'l2_ratio': 0.001239866297852367, 'learning_rate': 0.0007982128581163334}
2024-06-14 10:31:57,884 - INFO - Training the model
2024-06-14 10:36:20,217 - INFO - Evaluating the model
2024-06-14 10:36:22,367 - INFO - Model accuracy: 1.0
[I 2024-06-14 10:36:22,370] Trial 39 finished with value: 1.0 and parameters: {'num_filters_1': 56, 'num_filters_2': 63, 'num_filters_3': 117, 'kernel_size': (3, 3), 'strides': 1, 'l1_ratio': 0.004746515165105836, 'l2_ratio': 0.001239866297852367, 'learning_rate': 0.0007982128581163334}. Best is trial 0 with value: 1.0.
2024-06-14 10:36:22,378 - INFO - Creating model with params: {'num_filters_1': 61, 'num_filters_2': 49, 'num_filters_3': 58, 'kernel_size': (3, 3), 'strides': 1, 'l1_ratio': 6.281951060523208e-06, 'l2_ratio': 0.00043001090479691684, 'learning_rate': 3.1603807919486245e-05}
2024-06-14 10:36:22,680 - INFO - Training the model
2024-06-14 10:40:43,571 - INFO - Evaluating the model
2024-06-14 10:40:45,654 - INFO - Model accuracy: 1.0
[I 2024-06-14 10:40:45,657] Trial 40 finished with value: 1.0 and parameters: {'num_filters_1': 61, 'num_filters_2': 49, 'num_filters_3': 58, 'kernel_size': (3, 3), 'strides': 1, 'l1_ratio': 6.281951060523208e-06, 'l2_ratio': 0.00043001090479691684, 'learning_rate': 3.1603807919486245e-05}. Best is trial 0 with value: 1.0.
2024-06-14 10:40:45,665 - INFO - Creating model with params: {'num_filters_1': 64, 'num_filters_2': 92, 'num_filters_3': 45, 'kernel_size': (3, 3), 'strides': 1, 'l1_ratio': 0.004392115110586062, 'l2_ratio': 0.001288031938419637, 'learning_rate': 1.0654379158820348e-05}
2024-06-14 10:40:45,965 - INFO - Training the model
2024-06-14 10:45:43,490 - INFO - Evaluating the model
2024-06-14 10:45:45,899 - INFO - Model accuracy: 1.0
[I 2024-06-14 10:45:45,902] Trial 41 finished with value: 1.0 and parameters: {'num_filters_1': 64, 'num_filters_2': 92, 'num_filters_3': 45, 'kernel_size': (3, 3), 'strides': 1, 'l1_ratio': 0.004392115110586062, 'l2_ratio': 0.001288031938419637, 'learning_rate': 1.0654379158820348e-05}. Best is trial 0 with value: 1.0.
2024-06-14 10:45:45,911 - INFO - Creating model with params: {'num_filters_1': 57, 'num_filters_2': 84, 'num_filters_3': 36, 'kernel_size': (3, 3), 'strides': 1, 'l1_ratio': 0.008044930868017613, 'l2_ratio': 0.0029729031933497458, 'learning_rate': 2.0236801589762575e-05}
2024-06-14 10:45:46,209 - INFO - Training the model
2024-06-14 10:50:30,959 - INFO - Evaluating the model
2024-06-14 10:50:33,291 - INFO - Model accuracy: 1.0
[I 2024-06-14 10:50:33,294] Trial 42 finished with value: 1.0 and parameters: {'num_filters_1': 57, 'num_filters_2': 84, 'num_filters_3': 36, 'kernel_size': (3, 3), 'strides': 1, 'l1_ratio': 0.008044930868017613, 'l2_ratio': 0.0029729031933497458, 'learning_rate': 2.0236801589762575e-05}. Best is trial 0 with value: 1.0.
2024-06-14 10:50:33,302 - INFO - Creating model with params: {'num_filters_1': 47, 'num_filters_2': 48, 'num_filters_3': 59, 'kernel_size': (3, 3), 'strides': 1, 'l1_ratio': 0.00602716181325747, 'l2_ratio': 0.004804571423862108, 'learning_rate': 3.7255738491209186e-05}
2024-06-14 10:50:33,601 - INFO - Training the model
2024-06-14 10:53:57,758 - INFO - Evaluating the model
2024-06-14 10:53:59,402 - INFO - Model accuracy: 1.0
[I 2024-06-14 10:53:59,405] Trial 43 finished with value: 1.0 and parameters: {'num_filters_1': 47, 'num_filters_2': 48, 'num_filters_3': 59, 'kernel_size': (3, 3), 'strides': 1, 'l1_ratio': 0.00602716181325747, 'l2_ratio': 0.004804571423862108, 'learning_rate': 3.7255738491209186e-05}. Best is trial 0 with value: 1.0.
2024-06-14 10:53:59,413 - INFO - Creating model with params: {'num_filters_1': 42, 'num_filters_2': 96, 'num_filters_3': 40, 'kernel_size': (3, 3), 'strides': 1, 'l1_ratio': 0.0032159076357026668, 'l2_ratio': 0.0008975041437841928, 'learning_rate': 3.086232285122771e-05}
2024-06-14 10:53:59,704 - INFO - Training the model
2024-06-14 10:57:50,332 - INFO - Evaluating the model
2024-06-14 10:57:52,157 - INFO - Model accuracy: 1.0
[I 2024-06-14 10:57:52,160] Trial 44 finished with value: 1.0 and parameters: {'num_filters_1': 42, 'num_filters_2': 96, 'num_filters_3': 40, 'kernel_size': (3, 3), 'strides': 1, 'l1_ratio': 0.0032159076357026668, 'l2_ratio': 0.0008975041437841928, 'learning_rate': 3.086232285122771e-05}. Best is trial 0 with value: 1.0.
2024-06-14 10:57:52,168 - INFO - Creating model with params: {'num_filters_1': 40, 'num_filters_2': 54, 'num_filters_3': 63, 'kernel_size': (3, 3), 'strides': 1, 'l1_ratio': 0.006395556197970066, 'l2_ratio': 0.000544452632908983, 'learning_rate': 0.00021551785004891126}
2024-06-14 10:57:52,467 - INFO - Training the model
2024-06-14 11:00:57,806 - INFO - Evaluating the model
2024-06-14 11:00:59,413 - INFO - Model accuracy: 1.0
[I 2024-06-14 11:00:59,416] Trial 45 finished with value: 1.0 and parameters: {'num_filters_1': 40, 'num_filters_2': 54, 'num_filters_3': 63, 'kernel_size': (3, 3), 'strides': 1, 'l1_ratio': 0.006395556197970066, 'l2_ratio': 0.000544452632908983, 'learning_rate': 0.00021551785004891126}. Best is trial 0 with value: 1.0.
2024-06-14 11:00:59,425 - INFO - Creating model with params: {'num_filters_1': 28, 'num_filters_2': 117, 'num_filters_3': 69, 'kernel_size': (3, 3), 'strides': 1, 'l1_ratio': 9.499540708429227e-05, 'l2_ratio': 0.000334736404172075, 'learning_rate': 9.414313962848877e-05}
2024-06-14 11:00:59,729 - INFO - Training the model
2024-06-14 11:04:48,402 - INFO - Evaluating the model
2024-06-14 11:04:50,263 - INFO - Model accuracy: 1.0
[I 2024-06-14 11:04:50,266] Trial 46 finished with value: 1.0 and parameters: {'num_filters_1': 28, 'num_filters_2': 117, 'num_filters_3': 69, 'kernel_size': (3, 3), 'strides': 1, 'l1_ratio': 9.499540708429227e-05, 'l2_ratio': 0.000334736404172075, 'learning_rate': 9.414313962848877e-05}. Best is trial 0 with value: 1.0.
2024-06-14 11:04:50,275 - INFO - Creating model with params: {'num_filters_1': 31, 'num_filters_2': 87, 'num_filters_3': 86, 'kernel_size': (3, 3), 'strides': 1, 'l1_ratio': 5.842024767214484e-05, 'l2_ratio': 0.002608092222301573, 'learning_rate': 0.00011552470807346458}
2024-06-14 11:04:50,580 - INFO - Training the model
2024-06-14 11:08:33,299 - INFO - Evaluating the model
2024-06-14 11:08:35,070 - INFO - Model accuracy: 1.0
