[I 2024-06-14 01:54:35,582] Trial 29 finished with value: 1.0 and parameters: {'num_filters_1': 16, 'num_filters_2': 45, 'num_filters_3': 99, 'kernel_size': (3, 3), 'strides': 2, 'l1_ratio': 1.2103975115994197e-06, 'l2_ratio': 0.00499145560306543, 'learning_rate': 0.0021213777590381603}. Best is trial 0 with value: 1.0.
2024-06-14 01:54:35,589 - INFO - Creating model with params: {'num_filters_1': 43, 'num_filters_2': 32, 'num_filters_3': 50, 'kernel_size': (3, 3), 'strides': 2, 'l1_ratio': 0.0002466706716912988, 'l2_ratio': 0.0006842984481629931, 'learning_rate': 0.009730879766356903}
2024-06-14 01:54:35,878 - INFO - Training the model
2024-06-14 01:55:02,652 - INFO - Evaluating the model
2024-06-14 01:55:02,943 - INFO - Model accuracy: 1.0
[I 2024-06-14 01:55:02,945] Trial 30 finished with value: 1.0 and parameters: {'num_filters_1': 43, 'num_filters_2': 32, 'num_filters_3': 50, 'kernel_size': (3, 3), 'strides': 2, 'l1_ratio': 0.0002466706716912988, 'l2_ratio': 0.0006842984481629931, 'learning_rate': 0.009730879766356903}. Best is trial 0 with value: 1.0.
2024-06-14 01:55:02,953 - INFO - Creating model with params: {'num_filters_1': 64, 'num_filters_2': 40, 'num_filters_3': 53, 'kernel_size': (3, 3), 'strides': 2, 'l1_ratio': 0.00020371351899596435, 'l2_ratio': 0.0010980013546128538, 'learning_rate': 0.007346364593889687}
2024-06-14 01:55:03,244 - INFO - Training the model
2024-06-14 01:55:40,059 - INFO - Evaluating the model
2024-06-14 01:55:40,439 - INFO - Model accuracy: 1.0
[I 2024-06-14 01:55:40,442] Trial 31 finished with value: 1.0 and parameters: {'num_filters_1': 64, 'num_filters_2': 40, 'num_filters_3': 53, 'kernel_size': (3, 3), 'strides': 2, 'l1_ratio': 0.00020371351899596435, 'l2_ratio': 0.0010980013546128538, 'learning_rate': 0.007346364593889687}. Best is trial 0 with value: 1.0.
2024-06-14 01:55:40,449 - INFO - Creating model with params: {'num_filters_1': 53, 'num_filters_2': 49, 'num_filters_3': 118, 'kernel_size': (3, 3), 'strides': 2, 'l1_ratio': 0.00042803763787130675, 'l2_ratio': 0.0003035728915465737, 'learning_rate': 0.0018076499511193872}
2024-06-14 01:55:40,737 - INFO - Training the model
2024-06-14 01:56:15,873 - INFO - Evaluating the model
2024-06-14 01:56:16,258 - INFO - Model accuracy: 1.0
[I 2024-06-14 01:56:16,261] Trial 32 finished with value: 1.0 and parameters: {'num_filters_1': 53, 'num_filters_2': 49, 'num_filters_3': 118, 'kernel_size': (3, 3), 'strides': 2, 'l1_ratio': 0.00042803763787130675, 'l2_ratio': 0.0003035728915465737, 'learning_rate': 0.0018076499511193872}. Best is trial 0 with value: 1.0.
2024-06-14 01:56:16,268 - INFO - Creating model with params: {'num_filters_1': 42, 'num_filters_2': 42, 'num_filters_3': 86, 'kernel_size': (3, 3), 'strides': 2, 'l1_ratio': 8.598949553793965e-05, 'l2_ratio': 0.00015595477038189367, 'learning_rate': 0.0014023505131177502}
2024-06-14 01:56:16,554 - INFO - Training the model
2024-06-14 01:56:44,059 - INFO - Evaluating the model
2024-06-14 01:56:44,371 - INFO - Model accuracy: 1.0
[I 2024-06-14 01:56:44,374] Trial 33 finished with value: 1.0 and parameters: {'num_filters_1': 42, 'num_filters_2': 42, 'num_filters_3': 86, 'kernel_size': (3, 3), 'strides': 2, 'l1_ratio': 8.598949553793965e-05, 'l2_ratio': 0.00015595477038189367, 'learning_rate': 0.0014023505131177502}. Best is trial 0 with value: 1.0.
2024-06-14 01:56:44,382 - INFO - Creating model with params: {'num_filters_1': 64, 'num_filters_2': 49, 'num_filters_3': 45, 'kernel_size': (3, 3), 'strides': 2, 'l1_ratio': 0.00025512465260819564, 'l2_ratio': 0.0009923982514181895, 'learning_rate': 0.007563419688493855}
2024-06-14 01:56:44,668 - INFO - Training the model
2024-06-14 01:57:22,057 - INFO - Evaluating the model
2024-06-14 01:57:22,437 - INFO - Model accuracy: 1.0
[I 2024-06-14 01:57:22,439] Trial 34 finished with value: 1.0 and parameters: {'num_filters_1': 64, 'num_filters_2': 49, 'num_filters_3': 45, 'kernel_size': (3, 3), 'strides': 2, 'l1_ratio': 0.00025512465260819564, 'l2_ratio': 0.0009923982514181895, 'learning_rate': 0.007563419688493855}. Best is trial 0 with value: 1.0.
2024-06-14 01:57:22,448 - INFO - Creating model with params: {'num_filters_1': 50, 'num_filters_2': 57, 'num_filters_3': 73, 'kernel_size': (5, 5), 'strides': 2, 'l1_ratio': 1.6642867971747672e-05, 'l2_ratio': 0.001934177293205371, 'learning_rate': 0.0006019220988613277}
2024-06-14 01:57:22,753 - INFO - Training the model
2024-06-14 01:58:09,717 - INFO - Evaluating the model
2024-06-14 01:58:10,137 - INFO - Model accuracy: 1.0
[I 2024-06-14 01:58:10,140] Trial 35 finished with value: 1.0 and parameters: {'num_filters_1': 50, 'num_filters_2': 57, 'num_filters_3': 73, 'kernel_size': (5, 5), 'strides': 2, 'l1_ratio': 1.6642867971747672e-05, 'l2_ratio': 0.001934177293205371, 'learning_rate': 0.0006019220988613277}. Best is trial 0 with value: 1.0.
2024-06-14 01:58:10,147 - INFO - Creating model with params: {'num_filters_1': 48, 'num_filters_2': 81, 'num_filters_3': 107, 'kernel_size': (5, 5), 'strides': 1, 'l1_ratio': 2.5826327532358663e-05, 'l2_ratio': 0.0018432042154960077, 'learning_rate': 0.00047992187031873387}
2024-06-14 01:58:10,452 - INFO - Training the model
2024-06-14 02:06:13,671 - INFO - Evaluating the model
2024-06-14 02:06:17,375 - INFO - Model accuracy: 1.0
[I 2024-06-14 02:06:17,378] Trial 36 finished with value: 1.0 and parameters: {'num_filters_1': 48, 'num_filters_2': 81, 'num_filters_3': 107, 'kernel_size': (5, 5), 'strides': 1, 'l1_ratio': 2.5826327532358663e-05, 'l2_ratio': 0.0018432042154960077, 'learning_rate': 0.00047992187031873387}. Best is trial 0 with value: 1.0.
2024-06-14 02:06:17,386 - INFO - Creating model with params: {'num_filters_1': 57, 'num_filters_2': 106, 'num_filters_3': 58, 'kernel_size': (5, 5), 'strides': 2, 'l1_ratio': 0.005634836967656419, 'l2_ratio': 0.006913019805501668, 'learning_rate': 0.00023448488845535939}
2024-06-14 02:06:17,676 - INFO - Training the model
2024-06-14 02:07:14,345 - INFO - Evaluating the model
2024-06-14 02:07:14,825 - INFO - Model accuracy: 1.0
[I 2024-06-14 02:07:14,827] Trial 37 finished with value: 1.0 and parameters: {'num_filters_1': 57, 'num_filters_2': 106, 'num_filters_3': 58, 'kernel_size': (5, 5), 'strides': 2, 'l1_ratio': 0.005634836967656419, 'l2_ratio': 0.006913019805501668, 'learning_rate': 0.00023448488845535939}. Best is trial 0 with value: 1.0.
2024-06-14 02:07:14,835 - INFO - Creating model with params: {'num_filters_1': 19, 'num_filters_2': 61, 'num_filters_3': 66, 'kernel_size': (5, 5), 'strides': 2, 'l1_ratio': 3.7165206638370282e-06, 'l2_ratio': 0.0077809982080553446, 'learning_rate': 0.004010794273222672}
2024-06-14 02:07:15,122 - INFO - Training the model
2024-06-14 02:07:41,808 - INFO - Evaluating the model
2024-06-14 02:07:42,112 - INFO - Model accuracy: 1.0
[I 2024-06-14 02:07:42,115] Trial 38 finished with value: 1.0 and parameters: {'num_filters_1': 19, 'num_filters_2': 61, 'num_filters_3': 66, 'kernel_size': (5, 5), 'strides': 2, 'l1_ratio': 3.7165206638370282e-06, 'l2_ratio': 0.0077809982080553446, 'learning_rate': 0.004010794273222672}. Best is trial 0 with value: 1.0.
2024-06-14 02:07:42,123 - INFO - Creating model with params: {'num_filters_1': 22, 'num_filters_2': 86, 'num_filters_3': 62, 'kernel_size': (3, 3), 'strides': 1, 'l1_ratio': 1.1105866289625524e-05, 'l2_ratio': 0.002536389007089141, 'learning_rate': 0.00014521590122124766}
2024-06-14 02:07:42,424 - INFO - Training the model
2024-06-14 02:10:33,988 - INFO - Evaluating the model
2024-06-14 02:10:35,471 - INFO - Model accuracy: 1.0
[I 2024-06-14 02:10:35,474] Trial 39 finished with value: 1.0 and parameters: {'num_filters_1': 22, 'num_filters_2': 86, 'num_filters_3': 62, 'kernel_size': (3, 3), 'strides': 1, 'l1_ratio': 1.1105866289625524e-05, 'l2_ratio': 0.002536389007089141, 'learning_rate': 0.00014521590122124766}. Best is trial 0 with value: 1.0.
2024-06-14 02:10:35,483 - INFO - Creating model with params: {'num_filters_1': 34, 'num_filters_2': 53, 'num_filters_3': 119, 'kernel_size': (5, 5), 'strides': 2, 'l1_ratio': 5.022752394033729e-05, 'l2_ratio': 0.009536776384335886, 'learning_rate': 0.0002857090804744453}
2024-06-14 02:10:35,774 - INFO - Training the model
2024-06-14 02:11:12,016 - INFO - Evaluating the model
2024-06-14 02:11:12,337 - INFO - Model accuracy: 1.0
[I 2024-06-14 02:11:12,339] Trial 40 finished with value: 1.0 and parameters: {'num_filters_1': 34, 'num_filters_2': 53, 'num_filters_3': 119, 'kernel_size': (5, 5), 'strides': 2, 'l1_ratio': 5.022752394033729e-05, 'l2_ratio': 0.009536776384335886, 'learning_rate': 0.0002857090804744453}. Best is trial 0 with value: 1.0.
2024-06-14 02:11:12,348 - INFO - Creating model with params: {'num_filters_1': 16, 'num_filters_2': 118, 'num_filters_3': 100, 'kernel_size': (3, 3), 'strides': 2, 'l1_ratio': 2.9765750267026954e-06, 'l2_ratio': 0.004591976935327233, 'learning_rate': 0.0027241718666421396}
2024-06-14 02:11:12,633 - INFO - Training the model
2024-06-14 02:11:29,647 - INFO - Evaluating the model
2024-06-14 02:11:29,872 - INFO - Model accuracy: 1.0
[I 2024-06-14 02:11:29,875] Trial 41 finished with value: 1.0 and parameters: {'num_filters_1': 16, 'num_filters_2': 118, 'num_filters_3': 100, 'kernel_size': (3, 3), 'strides': 2, 'l1_ratio': 2.9765750267026954e-06, 'l2_ratio': 0.004591976935327233, 'learning_rate': 0.0027241718666421396}. Best is trial 0 with value: 1.0.
2024-06-14 02:11:29,883 - INFO - Creating model with params: {'num_filters_1': 23, 'num_filters_2': 39, 'num_filters_3': 69, 'kernel_size': (3, 3), 'strides': 2, 'l1_ratio': 8.033442667754148e-06, 'l2_ratio': 0.0039670206465964725, 'learning_rate': 0.004003585970672549}
2024-06-14 02:11:30,169 - INFO - Training the model
2024-06-14 02:11:49,795 - INFO - Evaluating the model
2024-06-14 02:11:50,033 - INFO - Model accuracy: 1.0
[I 2024-06-14 02:11:50,035] Trial 42 finished with value: 1.0 and parameters: {'num_filters_1': 23, 'num_filters_2': 39, 'num_filters_3': 69, 'kernel_size': (3, 3), 'strides': 2, 'l1_ratio': 8.033442667754148e-06, 'l2_ratio': 0.0039670206465964725, 'learning_rate': 0.004003585970672549}. Best is trial 0 with value: 1.0.
2024-06-14 02:11:50,043 - INFO - Creating model with params: {'num_filters_1': 24, 'num_filters_2': 43, 'num_filters_3': 67, 'kernel_size': (3, 3), 'strides': 2, 'l1_ratio': 6.401064208316773e-06, 'l2_ratio': 0.003186451938080776, 'learning_rate': 0.0029278779574327665}
2024-06-14 02:11:50,329 - INFO - Training the model
2024-06-14 02:12:08,819 - INFO - Evaluating the model
2024-06-14 02:12:09,045 - INFO - Model accuracy: 1.0
[I 2024-06-14 02:12:09,047] Trial 43 finished with value: 1.0 and parameters: {'num_filters_1': 24, 'num_filters_2': 43, 'num_filters_3': 67, 'kernel_size': (3, 3), 'strides': 2, 'l1_ratio': 6.401064208316773e-06, 'l2_ratio': 0.003186451938080776, 'learning_rate': 0.0029278779574327665}. Best is trial 0 with value: 1.0.
2024-06-14 02:12:09,054 - INFO - Creating model with params: {'num_filters_1': 60, 'num_filters_2': 33, 'num_filters_3': 57, 'kernel_size': (3, 3), 'strides': 2, 'l1_ratio': 1.8383512221859105e-06, 'l2_ratio': 0.0008143085645854007, 'learning_rate': 0.005524919158599284}
2024-06-14 02:12:09,340 - INFO - Training the model
2024-06-14 02:12:46,585 - INFO - Evaluating the model
2024-06-14 02:12:46,994 - INFO - Model accuracy: 1.0
[I 2024-06-14 02:12:46,997] Trial 44 finished with value: 1.0 and parameters: {'num_filters_1': 60, 'num_filters_2': 33, 'num_filters_3': 57, 'kernel_size': (3, 3), 'strides': 2, 'l1_ratio': 1.8383512221859105e-06, 'l2_ratio': 0.0008143085645854007, 'learning_rate': 0.005524919158599284}. Best is trial 0 with value: 1.0.
2024-06-14 02:12:47,004 - INFO - Creating model with params: {'num_filters_1': 54, 'num_filters_2': 37, 'num_filters_3': 36, 'kernel_size': (3, 3), 'strides': 2, 'l1_ratio': 1.042952102998885e-06, 'l2_ratio': 0.00040022055945749114, 'learning_rate': 0.0019117129221352298}
2024-06-14 02:12:47,294 - INFO - Training the model
2024-06-14 02:13:22,321 - INFO - Evaluating the model
2024-06-14 02:13:22,715 - INFO - Model accuracy: 1.0
[I 2024-06-14 02:13:22,718] Trial 45 finished with value: 1.0 and parameters: {'num_filters_1': 54, 'num_filters_2': 37, 'num_filters_3': 36, 'kernel_size': (3, 3), 'strides': 2, 'l1_ratio': 1.042952102998885e-06, 'l2_ratio': 0.00040022055945749114, 'learning_rate': 0.0019117129221352298}. Best is trial 0 with value: 1.0.
2024-06-14 02:13:22,725 - INFO - Creating model with params: {'num_filters_1': 57, 'num_filters_2': 32, 'num_filters_3': 83, 'kernel_size': (3, 3), 'strides': 2, 'l1_ratio': 0.00015760214821643933, 'l2_ratio': 0.0016094243296453186, 'learning_rate': 0.001338641350144975}
2024-06-14 02:13:23,012 - INFO - Training the model
2024-06-14 02:13:58,333 - INFO - Evaluating the model
2024-06-14 02:13:58,709 - INFO - Model accuracy: 1.0
[I 2024-06-14 02:13:58,711] Trial 46 finished with value: 1.0 and parameters: {'num_filters_1': 57, 'num_filters_2': 32, 'num_filters_3': 83, 'kernel_size': (3, 3), 'strides': 2, 'l1_ratio': 0.00015760214821643933, 'l2_ratio': 0.0016094243296453186, 'learning_rate': 0.001338641350144975}. Best is trial 0 with value: 1.0.
2024-06-14 02:13:58,720 - INFO - Creating model with params: {'num_filters_1': 63, 'num_filters_2': 46, 'num_filters_3': 98, 'kernel_size': (3, 3), 'strides': 2, 'l1_ratio': 0.0008615317534798691, 'l2_ratio': 0.00047651303272828647, 'learning_rate': 0.0012728683487969058}
2024-06-14 02:13:59,005 - INFO - Training the model
2024-06-14 02:14:38,923 - INFO - Evaluating the model
2024-06-14 02:14:39,296 - INFO - Model accuracy: 1.0
[I 2024-06-14 02:14:39,299] Trial 47 finished with value: 1.0 and parameters: {'num_filters_1': 63, 'num_filters_2': 46, 'num_filters_3': 98, 'kernel_size': (3, 3), 'strides': 2, 'l1_ratio': 0.0008615317534798691, 'l2_ratio': 0.00047651303272828647, 'learning_rate': 0.0012728683487969058}. Best is trial 0 with value: 1.0.
2024-06-14 02:14:39,306 - INFO - Creating model with params: {'num_filters_1': 37, 'num_filters_2': 45, 'num_filters_3': 91, 'kernel_size': (3, 3), 'strides': 1, 'l1_ratio': 1.0387814408234085e-06, 'l2_ratio': 0.005062763140735594, 'learning_rate': 0.0022054908305464433}
2024-06-14 02:14:39,609 - INFO - Training the model
2024-06-14 02:17:47,023 - INFO - Evaluating the model
2024-06-14 02:17:48,664 - INFO - Model accuracy: 1.0
[I 2024-06-14 02:17:48,666] Trial 48 finished with value: 1.0 and parameters: {'num_filters_1': 37, 'num_filters_2': 45, 'num_filters_3': 91, 'kernel_size': (3, 3), 'strides': 1, 'l1_ratio': 1.0387814408234085e-06, 'l2_ratio': 0.005062763140735594, 'learning_rate': 0.0022054908305464433}. Best is trial 0 with value: 1.0.
2024-06-14 02:17:48,675 - INFO - Creating model with params: {'num_filters_1': 52, 'num_filters_2': 62, 'num_filters_3': 83, 'kernel_size': (3, 3), 'strides': 2, 'l1_ratio': 7.044633735471622e-05, 'l2_ratio': 0.005560517403344873, 'learning_rate': 0.006371743031451952}
2024-06-14 02:17:48,979 - INFO - Training the model
2024-06-14 02:18:22,262 - INFO - Evaluating the model
2024-06-14 02:18:22,636 - INFO - Model accuracy: 1.0
[I 2024-06-14 02:18:22,638] Trial 49 finished with value: 1.0 and parameters: {'num_filters_1': 52, 'num_filters_2': 62, 'num_filters_3': 83, 'kernel_size': (3, 3), 'strides': 2, 'l1_ratio': 7.044633735471622e-05, 'l2_ratio': 0.005560517403344873, 'learning_rate': 0.006371743031451952}. Best is trial 0 with value: 1.0.
2024-06-14 02:18:22,639 - INFO - Optimal parameters for scenario AS: {'num_filters_1': 54, 'num_filters_2': 40, 'num_filters_3': 102, 'kernel_size': (5, 5), 'strides': 2, 'l1_ratio': 0.00018717644475867604, 'l2_ratio': 0.002469088212068545, 'learning_rate': 0.000762901446995421}
2024-06-14 02:18:22,639 - INFO - Starting optimization for scenario: IM
2024-06-14 02:18:22,639 - INFO - Processing: /data/home/ha231431/EvoNet-CNN-Insight/IM/Simulations1
2024-06-14 02:18:55,061 - INFO - Processing: /data/home/ha231431/EvoNet-CNN-Insight/IM/Simulations2
2024-06-14 02:19:27,558 - INFO - Processing: /data/home/ha231431/EvoNet-CNN-Insight/IM/Simulations3
2024-06-14 02:20:00,118 - INFO - Processing: /data/home/ha231431/EvoNet-CNN-Insight/IM/Simulations4
2024-06-14 02:20:34,077 - INFO - Processing: /data/home/ha231431/EvoNet-CNN-Insight/IM/Simulations5
2024-06-14 02:21:08,447 - INFO - Total data shape: (5000, 198, 192, 1)
2024-06-14 02:21:08,447 - INFO - Total targets shape: (5000,)
[I 2024-06-14 02:21:08,451] A new study created in memory with name: no-name-b958b90e-742a-4a3d-91ee-f1e33e87f1ed
2024-06-14 02:21:08,454 - INFO - Creating model with params: {'num_filters_1': 36, 'num_filters_2': 95, 'num_filters_3': 32, 'kernel_size': (5, 5), 'strides': 1, 'l1_ratio': 0.00027691648092956716, 'l2_ratio': 0.004765535619749082, 'learning_rate': 0.0012889402043744138}
2024-06-14 02:21:08,750 - INFO - Training the model
2024-06-14 02:27:42,533 - INFO - Evaluating the model
2024-06-14 02:27:45,383 - INFO - Model accuracy: 1.0
[I 2024-06-14 02:27:45,385] Trial 0 finished with value: 1.0 and parameters: {'num_filters_1': 36, 'num_filters_2': 95, 'num_filters_3': 32, 'kernel_size': (5, 5), 'strides': 1, 'l1_ratio': 0.00027691648092956716, 'l2_ratio': 0.004765535619749082, 'learning_rate': 0.0012889402043744138}. Best is trial 0 with value: 1.0.
2024-06-14 02:27:45,386 - INFO - Creating model with params: {'num_filters_1': 45, 'num_filters_2': 55, 'num_filters_3': 79, 'kernel_size': (3, 3), 'strides': 2, 'l1_ratio': 6.379267999993661e-05, 'l2_ratio': 0.0001501422613282505, 'learning_rate': 1.1807535932445712e-05}
2024-06-14 02:27:45,675 - INFO - Training the model
2024-06-14 02:28:16,660 - INFO - Evaluating the model
2024-06-14 02:28:16,991 - INFO - Model accuracy: 1.0
[I 2024-06-14 02:28:16,993] Trial 1 finished with value: 1.0 and parameters: {'num_filters_1': 45, 'num_filters_2': 55, 'num_filters_3': 79, 'kernel_size': (3, 3), 'strides': 2, 'l1_ratio': 6.379267999993661e-05, 'l2_ratio': 0.0001501422613282505, 'learning_rate': 1.1807535932445712e-05}. Best is trial 0 with value: 1.0.
2024-06-14 02:28:16,995 - INFO - Creating model with params: {'num_filters_1': 59, 'num_filters_2': 57, 'num_filters_3': 45, 'kernel_size': (3, 3), 'strides': 2, 'l1_ratio': 0.0005677291245618419, 'l2_ratio': 0.001444292558660743, 'learning_rate': 9.918637341608632e-05}
2024-06-14 02:28:17,287 - INFO - Training the model
2024-06-14 02:28:55,635 - INFO - Evaluating the model
2024-06-14 02:28:56,026 - INFO - Model accuracy: 1.0
[I 2024-06-14 02:28:56,029] Trial 2 finished with value: 1.0 and parameters: {'num_filters_1': 59, 'num_filters_2': 57, 'num_filters_3': 45, 'kernel_size': (3, 3), 'strides': 2, 'l1_ratio': 0.0005677291245618419, 'l2_ratio': 0.001444292558660743, 'learning_rate': 9.918637341608632e-05}. Best is trial 0 with value: 1.0.
2024-06-14 02:28:56,031 - INFO - Creating model with params: {'num_filters_1': 42, 'num_filters_2': 35, 'num_filters_3': 103, 'kernel_size': (3, 3), 'strides': 2, 'l1_ratio': 0.004365664361934539, 'l2_ratio': 1.6083479526707613e-05, 'learning_rate': 0.006085144117866845}
2024-06-14 02:28:56,320 - INFO - Training the model
2024-06-14 02:29:23,164 - INFO - Evaluating the model
2024-06-14 02:29:23,467 - INFO - Model accuracy: 1.0
[I 2024-06-14 02:29:23,469] Trial 3 finished with value: 1.0 and parameters: {'num_filters_1': 42, 'num_filters_2': 35, 'num_filters_3': 103, 'kernel_size': (3, 3), 'strides': 2, 'l1_ratio': 0.004365664361934539, 'l2_ratio': 1.6083479526707613e-05, 'learning_rate': 0.006085144117866845}. Best is trial 0 with value: 1.0.
2024-06-14 02:29:23,470 - INFO - Creating model with params: {'num_filters_1': 17, 'num_filters_2': 54, 'num_filters_3': 91, 'kernel_size': (3, 3), 'strides': 1, 'l1_ratio': 0.008070517345299412, 'l2_ratio': 0.004944851229785943, 'learning_rate': 0.00030533867334838063}
2024-06-14 02:29:23,774 - INFO - Training the model
2024-06-14 02:31:47,684 - INFO - Evaluating the model
2024-06-14 02:31:48,896 - INFO - Model accuracy: 1.0
[I 2024-06-14 02:31:48,899] Trial 4 finished with value: 1.0 and parameters: {'num_filters_1': 17, 'num_filters_2': 54, 'num_filters_3': 91, 'kernel_size': (3, 3), 'strides': 1, 'l1_ratio': 0.008070517345299412, 'l2_ratio': 0.004944851229785943, 'learning_rate': 0.00030533867334838063}. Best is trial 0 with value: 1.0.
2024-06-14 02:31:48,900 - INFO - Creating model with params: {'num_filters_1': 49, 'num_filters_2': 42, 'num_filters_3': 51, 'kernel_size': (5, 5), 'strides': 1, 'l1_ratio': 9.678687138970786e-05, 'l2_ratio': 1.2874589172271906e-05, 'learning_rate': 0.00020983798988323185}
2024-06-14 02:31:49,199 - INFO - Training the model
2024-06-14 02:38:29,436 - INFO - Evaluating the model
2024-06-14 02:38:31,804 - INFO - Model accuracy: 1.0
[I 2024-06-14 02:38:31,806] Trial 5 finished with value: 1.0 and parameters: {'num_filters_1': 49, 'num_filters_2': 42, 'num_filters_3': 51, 'kernel_size': (5, 5), 'strides': 1, 'l1_ratio': 9.678687138970786e-05, 'l2_ratio': 1.2874589172271906e-05, 'learning_rate': 0.00020983798988323185}. Best is trial 0 with value: 1.0.
2024-06-14 02:38:31,808 - INFO - Creating model with params: {'num_filters_1': 18, 'num_filters_2': 42, 'num_filters_3': 77, 'kernel_size': (3, 3), 'strides': 2, 'l1_ratio': 7.265610374708653e-05, 'l2_ratio': 0.00047663643590395357, 'learning_rate': 3.2642960803027136e-05}
2024-06-14 02:38:32,098 - INFO - Training the model
2024-06-14 02:38:48,638 - INFO - Evaluating the model
2024-06-14 02:38:48,866 - INFO - Model accuracy: 1.0
