[I 2024-06-14 11:08:35,072] Trial 47 finished with value: 1.0 and parameters: {'num_filters_1': 31, 'num_filters_2': 87, 'num_filters_3': 86, 'kernel_size': (3, 3), 'strides': 1, 'l1_ratio': 5.842024767214484e-05, 'l2_ratio': 0.002608092222301573, 'learning_rate': 0.00011552470807346458}. Best is trial 0 with value: 1.0.
2024-06-14 11:08:35,081 - INFO - Creating model with params: {'num_filters_1': 35, 'num_filters_2': 100, 'num_filters_3': 102, 'kernel_size': (3, 3), 'strides': 1, 'l1_ratio': 1.316168147747448e-05, 'l2_ratio': 0.005390048053628095, 'learning_rate': 0.00015178387789709005}
2024-06-14 11:08:35,386 - INFO - Training the model
2024-06-14 11:12:39,997 - INFO - Evaluating the model
2024-06-14 11:12:42,000 - INFO - Model accuracy: 1.0
[I 2024-06-14 11:12:42,003] Trial 48 finished with value: 1.0 and parameters: {'num_filters_1': 35, 'num_filters_2': 100, 'num_filters_3': 102, 'kernel_size': (3, 3), 'strides': 1, 'l1_ratio': 1.316168147747448e-05, 'l2_ratio': 0.005390048053628095, 'learning_rate': 0.00015178387789709005}. Best is trial 0 with value: 1.0.
2024-06-14 11:12:42,011 - INFO - Creating model with params: {'num_filters_1': 23, 'num_filters_2': 93, 'num_filters_3': 102, 'kernel_size': (3, 3), 'strides': 1, 'l1_ratio': 0.0003524924458070695, 'l2_ratio': 0.00011150829962384638, 'learning_rate': 0.005763125035774718}
2024-06-14 11:12:42,322 - INFO - Training the model
2024-06-14 11:15:58,794 - INFO - Evaluating the model
2024-06-14 11:16:00,501 - INFO - Model accuracy: 1.0
[I 2024-06-14 11:16:00,503] Trial 49 finished with value: 1.0 and parameters: {'num_filters_1': 23, 'num_filters_2': 93, 'num_filters_3': 102, 'kernel_size': (3, 3), 'strides': 1, 'l1_ratio': 0.0003524924458070695, 'l2_ratio': 0.00011150829962384638, 'learning_rate': 0.005763125035774718}. Best is trial 0 with value: 1.0.
2024-06-14 11:16:00,504 - INFO - Optimal parameters for scenario RM: {'num_filters_1': 51, 'num_filters_2': 53, 'num_filters_3': 77, 'kernel_size': (3, 3), 'strides': 1, 'l1_ratio': 0.005199611594558027, 'l2_ratio': 0.0008728201451207611, 'learning_rate': 2.37202138432884e-05}
2024-06-14 11:16:00,525 - INFO - Completed bayesian_optimization.py script
[ha231431@frontend11 EvoNet-CNN-Insight]$ ^C
[ha231431@frontend11 EvoNet-CNN-Insight]$
