[I 2024-06-13 23:45:13,423] Trial 23 finished with value: 1.0 and parameters: {'num_filters_1': 26, 'num_filters_2': 82, 'num_filters_3': 125, 'kernel_size': (3, 3), 'strides': 1, 'l1_ratio': 8.096670377086945e-05, 'l2_ratio': 0.009429159680653615, 'learning_rate': 0.0014801816690427421}. Best is trial 0 with value: 1.0.
2024-06-13 23:45:13,430 - INFO - Creating model with params: {'num_filters_1': 16, 'num_filters_2': 54, 'num_filters_3': 111, 'kernel_size': (3, 3), 'strides': 1, 'l1_ratio': 6.585817919085837e-06, 'l2_ratio': 3.557734113568462e-05, 'learning_rate': 1.919266712961821e-05}
2024-06-13 23:45:13,750 - INFO - Training the model
2024-06-13 23:47:32,880 - INFO - Evaluating the model
2024-06-13 23:47:34,090 - INFO - Model accuracy: 1.0
[I 2024-06-13 23:47:34,093] Trial 24 finished with value: 1.0 and parameters: {'num_filters_1': 16, 'num_filters_2': 54, 'num_filters_3': 111, 'kernel_size': (3, 3), 'strides': 1, 'l1_ratio': 6.585817919085837e-06, 'l2_ratio': 3.557734113568462e-05, 'learning_rate': 1.919266712961821e-05}. Best is trial 0 with value: 1.0.
2024-06-13 23:47:34,100 - INFO - Creating model with params: {'num_filters_1': 21, 'num_filters_2': 55, 'num_filters_3': 95, 'kernel_size': (3, 3), 'strides': 1, 'l1_ratio': 0.00033098881034261224, 'l2_ratio': 2.7727169007642083e-05, 'learning_rate': 0.0006137912222216743}
2024-06-13 23:47:34,423 - INFO - Training the model
2024-06-13 23:50:14,810 - INFO - Evaluating the model
2024-06-13 23:50:16,199 - INFO - Model accuracy: 1.0
[I 2024-06-13 23:50:16,202] Trial 25 finished with value: 1.0 and parameters: {'num_filters_1': 21, 'num_filters_2': 55, 'num_filters_3': 95, 'kernel_size': (3, 3), 'strides': 1, 'l1_ratio': 0.00033098881034261224, 'l2_ratio': 2.7727169007642083e-05, 'learning_rate': 0.0006137912222216743}. Best is trial 0 with value: 1.0.
2024-06-13 23:50:16,210 - INFO - Creating model with params: {'num_filters_1': 26, 'num_filters_2': 73, 'num_filters_3': 120, 'kernel_size': (3, 3), 'strides': 1, 'l1_ratio': 6.37160767766143e-05, 'l2_ratio': 0.00637171213903358, 'learning_rate': 0.0017848538243585386}
2024-06-13 23:50:16,536 - INFO - Training the model
2024-06-13 23:53:29,835 - INFO - Evaluating the model
2024-06-13 23:53:31,465 - INFO - Model accuracy: 1.0
[I 2024-06-13 23:53:31,467] Trial 26 finished with value: 1.0 and parameters: {'num_filters_1': 26, 'num_filters_2': 73, 'num_filters_3': 120, 'kernel_size': (3, 3), 'strides': 1, 'l1_ratio': 6.37160767766143e-05, 'l2_ratio': 0.00637171213903358, 'learning_rate': 0.0017848538243585386}. Best is trial 0 with value: 1.0.
2024-06-13 23:53:31,475 - INFO - Creating model with params: {'num_filters_1': 18, 'num_filters_2': 32, 'num_filters_3': 113, 'kernel_size': (3, 3), 'strides': 1, 'l1_ratio': 1.039614963792558e-06, 'l2_ratio': 0.006044315504884948, 'learning_rate': 0.00010162820266504994}
2024-06-13 23:53:31,799 - INFO - Training the model
2024-06-13 23:55:36,038 - INFO - Evaluating the model
2024-06-13 23:55:37,146 - INFO - Model accuracy: 1.0
[I 2024-06-13 23:55:37,148] Trial 27 finished with value: 1.0 and parameters: {'num_filters_1': 18, 'num_filters_2': 32, 'num_filters_3': 113, 'kernel_size': (3, 3), 'strides': 1, 'l1_ratio': 1.039614963792558e-06, 'l2_ratio': 0.006044315504884948, 'learning_rate': 0.00010162820266504994}. Best is trial 0 with value: 1.0.
2024-06-13 23:55:37,156 - INFO - Creating model with params: {'num_filters_1': 20, 'num_filters_2': 53, 'num_filters_3': 92, 'kernel_size': (3, 3), 'strides': 1, 'l1_ratio': 9.970202674683554e-06, 'l2_ratio': 2.5512665597047837e-05, 'learning_rate': 0.0001786006705313122}
2024-06-13 23:55:37,474 - INFO - Training the model
2024-06-13 23:58:05,999 - INFO - Evaluating the model
2024-06-13 23:58:07,349 - INFO - Model accuracy: 1.0
[I 2024-06-13 23:58:07,352] Trial 28 finished with value: 1.0 and parameters: {'num_filters_1': 20, 'num_filters_2': 53, 'num_filters_3': 92, 'kernel_size': (3, 3), 'strides': 1, 'l1_ratio': 9.970202674683554e-06, 'l2_ratio': 2.5512665597047837e-05, 'learning_rate': 0.0001786006705313122}. Best is trial 0 with value: 1.0.
2024-06-13 23:58:07,360 - INFO - Creating model with params: {'num_filters_1': 29, 'num_filters_2': 56, 'num_filters_3': 96, 'kernel_size': (3, 3), 'strides': 1, 'l1_ratio': 6.83731123173304e-05, 'l2_ratio': 0.0002715872219076016, 'learning_rate': 0.0022927754574694702}
2024-06-13 23:58:07,678 - INFO - Training the model
2024-06-14 00:01:02,762 - INFO - Evaluating the model
2024-06-14 00:01:04,197 - INFO - Model accuracy: 1.0
[I 2024-06-14 00:01:04,200] Trial 29 finished with value: 1.0 and parameters: {'num_filters_1': 29, 'num_filters_2': 56, 'num_filters_3': 96, 'kernel_size': (3, 3), 'strides': 1, 'l1_ratio': 6.83731123173304e-05, 'l2_ratio': 0.0002715872219076016, 'learning_rate': 0.0022927754574694702}. Best is trial 0 with value: 1.0.
2024-06-14 00:01:04,208 - INFO - Creating model with params: {'num_filters_1': 25, 'num_filters_2': 37, 'num_filters_3': 119, 'kernel_size': (3, 3), 'strides': 1, 'l1_ratio': 1.2907560378211767e-06, 'l2_ratio': 0.009393759484533212, 'learning_rate': 9.845159292849741e-05}
2024-06-14 00:01:04,531 - INFO - Training the model
2024-06-14 00:03:38,148 - INFO - Evaluating the model
2024-06-14 00:03:39,467 - INFO - Model accuracy: 1.0
[I 2024-06-14 00:03:39,470] Trial 30 finished with value: 1.0 and parameters: {'num_filters_1': 25, 'num_filters_2': 37, 'num_filters_3': 119, 'kernel_size': (3, 3), 'strides': 1, 'l1_ratio': 1.2907560378211767e-06, 'l2_ratio': 0.009393759484533212, 'learning_rate': 9.845159292849741e-05}. Best is trial 0 with value: 1.0.
2024-06-14 00:03:39,478 - INFO - Creating model with params: {'num_filters_1': 19, 'num_filters_2': 39, 'num_filters_3': 88, 'kernel_size': (3, 3), 'strides': 1, 'l1_ratio': 8.860650197066465e-06, 'l2_ratio': 0.0037642688022792342, 'learning_rate': 0.00016515037575262547}
2024-06-14 00:03:39,787 - INFO - Training the model
2024-06-14 00:05:49,100 - INFO - Evaluating the model
2024-06-14 00:05:50,367 - INFO - Model accuracy: 1.0
[I 2024-06-14 00:05:50,370] Trial 31 finished with value: 1.0 and parameters: {'num_filters_1': 19, 'num_filters_2': 39, 'num_filters_3': 88, 'kernel_size': (3, 3), 'strides': 1, 'l1_ratio': 8.860650197066465e-06, 'l2_ratio': 0.0037642688022792342, 'learning_rate': 0.00016515037575262547}. Best is trial 0 with value: 1.0.
2024-06-14 00:05:50,378 - INFO - Creating model with params: {'num_filters_1': 29, 'num_filters_2': 52, 'num_filters_3': 99, 'kernel_size': (3, 3), 'strides': 1, 'l1_ratio': 5.0552267865821294e-05, 'l2_ratio': 0.00035407895910636293, 'learning_rate': 6.767715484486852e-05}
2024-06-14 00:05:50,684 - INFO - Training the model
2024-06-14 00:08:42,481 - INFO - Evaluating the model
2024-06-14 00:08:43,925 - INFO - Model accuracy: 1.0
[I 2024-06-14 00:08:43,928] Trial 32 finished with value: 1.0 and parameters: {'num_filters_1': 29, 'num_filters_2': 52, 'num_filters_3': 99, 'kernel_size': (3, 3), 'strides': 1, 'l1_ratio': 5.0552267865821294e-05, 'l2_ratio': 0.00035407895910636293, 'learning_rate': 6.767715484486852e-05}. Best is trial 0 with value: 1.0.
2024-06-14 00:08:43,936 - INFO - Creating model with params: {'num_filters_1': 36, 'num_filters_2': 33, 'num_filters_3': 87, 'kernel_size': (3, 3), 'strides': 1, 'l1_ratio': 2.0080849834548268e-06, 'l2_ratio': 0.002059197560837796, 'learning_rate': 0.00028729887283593424}
2024-06-14 00:08:44,243 - INFO - Training the model
2024-06-14 00:11:31,209 - INFO - Evaluating the model
2024-06-14 00:11:32,707 - INFO - Model accuracy: 1.0
[I 2024-06-14 00:11:32,710] Trial 33 finished with value: 1.0 and parameters: {'num_filters_1': 36, 'num_filters_2': 33, 'num_filters_3': 87, 'kernel_size': (3, 3), 'strides': 1, 'l1_ratio': 2.0080849834548268e-06, 'l2_ratio': 0.002059197560837796, 'learning_rate': 0.00028729887283593424}. Best is trial 0 with value: 1.0.
2024-06-14 00:11:32,718 - INFO - Creating model with params: {'num_filters_1': 41, 'num_filters_2': 38, 'num_filters_3': 75, 'kernel_size': (3, 3), 'strides': 1, 'l1_ratio': 2.3576226258568826e-05, 'l2_ratio': 0.003304932446211246, 'learning_rate': 0.00013964080469390758}
2024-06-14 00:11:33,023 - INFO - Training the model
2024-06-14 00:14:42,133 - INFO - Evaluating the model
2024-06-14 00:14:43,718 - INFO - Model accuracy: 1.0
[I 2024-06-14 00:14:43,720] Trial 34 finished with value: 1.0 and parameters: {'num_filters_1': 41, 'num_filters_2': 38, 'num_filters_3': 75, 'kernel_size': (3, 3), 'strides': 1, 'l1_ratio': 2.3576226258568826e-05, 'l2_ratio': 0.003304932446211246, 'learning_rate': 0.00013964080469390758}. Best is trial 0 with value: 1.0.
2024-06-14 00:14:43,729 - INFO - Creating model with params: {'num_filters_1': 33, 'num_filters_2': 87, 'num_filters_3': 127, 'kernel_size': (5, 5), 'strides': 1, 'l1_ratio': 2.8128066530207924e-06, 'l2_ratio': 6.454769859238594e-05, 'learning_rate': 1.6253047364018928e-05}
2024-06-14 00:14:44,048 - INFO - Training the model
2024-06-14 00:22:00,441 - INFO - Evaluating the model
2024-06-14 00:22:03,671 - INFO - Model accuracy: 1.0
[I 2024-06-14 00:22:03,674] Trial 35 finished with value: 1.0 and parameters: {'num_filters_1': 33, 'num_filters_2': 87, 'num_filters_3': 127, 'kernel_size': (5, 5), 'strides': 1, 'l1_ratio': 2.8128066530207924e-06, 'l2_ratio': 6.454769859238594e-05, 'learning_rate': 1.6253047364018928e-05}. Best is trial 0 with value: 1.0.
2024-06-14 00:22:03,682 - INFO - Creating model with params: {'num_filters_1': 22, 'num_filters_2': 73, 'num_filters_3': 106, 'kernel_size': (5, 5), 'strides': 2, 'l1_ratio': 3.0610688789031275e-06, 'l2_ratio': 0.00020298040601037437, 'learning_rate': 2.3482227767931306e-05}
2024-06-14 00:22:03,988 - INFO - Training the model
2024-06-14 00:22:34,203 - INFO - Evaluating the model
2024-06-14 00:22:34,493 - INFO - Model accuracy: 1.0
[I 2024-06-14 00:22:34,496] Trial 36 finished with value: 1.0 and parameters: {'num_filters_1': 22, 'num_filters_2': 73, 'num_filters_3': 106, 'kernel_size': (5, 5), 'strides': 2, 'l1_ratio': 3.0610688789031275e-06, 'l2_ratio': 0.00020298040601037437, 'learning_rate': 2.3482227767931306e-05}. Best is trial 0 with value: 1.0.
2024-06-14 00:22:34,504 - INFO - Creating model with params: {'num_filters_1': 47, 'num_filters_2': 73, 'num_filters_3': 123, 'kernel_size': (5, 5), 'strides': 1, 'l1_ratio': 2.28233341165768e-05, 'l2_ratio': 1.454830280724349e-05, 'learning_rate': 1.2580771526056516e-05}
2024-06-14 00:22:34,825 - INFO - Training the model
2024-06-14 00:30:50,790 - INFO - Evaluating the model
2024-06-14 00:30:54,238 - INFO - Model accuracy: 1.0
[I 2024-06-14 00:30:54,241] Trial 37 finished with value: 1.0 and parameters: {'num_filters_1': 47, 'num_filters_2': 73, 'num_filters_3': 123, 'kernel_size': (5, 5), 'strides': 1, 'l1_ratio': 2.28233341165768e-05, 'l2_ratio': 1.454830280724349e-05, 'learning_rate': 1.2580771526056516e-05}. Best is trial 0 with value: 1.0.
2024-06-14 00:30:54,250 - INFO - Creating model with params: {'num_filters_1': 23, 'num_filters_2': 82, 'num_filters_3': 101, 'kernel_size': (3, 3), 'strides': 2, 'l1_ratio': 0.0025087441975992957, 'l2_ratio': 3.477062175551289e-06, 'learning_rate': 0.0009804231613619614}
2024-06-14 00:30:54,546 - INFO - Training the model
2024-06-14 00:31:15,111 - INFO - Evaluating the model
2024-06-14 00:31:15,362 - INFO - Model accuracy: 1.0
[I 2024-06-14 00:31:15,364] Trial 38 finished with value: 1.0 and parameters: {'num_filters_1': 23, 'num_filters_2': 82, 'num_filters_3': 101, 'kernel_size': (3, 3), 'strides': 2, 'l1_ratio': 0.0025087441975992957, 'l2_ratio': 3.477062175551289e-06, 'learning_rate': 0.0009804231613619614}. Best is trial 0 with value: 1.0.
2024-06-14 00:31:15,372 - INFO - Creating model with params: {'num_filters_1': 16, 'num_filters_2': 62, 'num_filters_3': 121, 'kernel_size': (3, 3), 'strides': 1, 'l1_ratio': 0.00015102826372974054, 'l2_ratio': 5.817009147162368e-06, 'learning_rate': 0.00041173370335925095}
2024-06-14 00:31:15,685 - INFO - Training the model
2024-06-14 00:33:40,368 - INFO - Evaluating the model
2024-06-14 00:33:41,603 - INFO - Model accuracy: 1.0
[I 2024-06-14 00:33:41,605] Trial 39 finished with value: 1.0 and parameters: {'num_filters_1': 16, 'num_filters_2': 62, 'num_filters_3': 121, 'kernel_size': (3, 3), 'strides': 1, 'l1_ratio': 0.00015102826372974054, 'l2_ratio': 5.817009147162368e-06, 'learning_rate': 0.00041173370335925095}. Best is trial 0 with value: 1.0.
2024-06-14 00:33:41,614 - INFO - Creating model with params: {'num_filters_1': 19, 'num_filters_2': 48, 'num_filters_3': 113, 'kernel_size': (3, 3), 'strides': 1, 'l1_ratio': 0.0010279444862061656, 'l2_ratio': 2.4262696181465702e-06, 'learning_rate': 0.001374349602319462}
2024-06-14 00:33:41,927 - INFO - Training the model
2024-06-14 00:35:56,501 - INFO - Evaluating the model
2024-06-14 00:35:57,713 - INFO - Model accuracy: 1.0
[I 2024-06-14 00:35:57,715] Trial 40 finished with value: 1.0 and parameters: {'num_filters_1': 19, 'num_filters_2': 48, 'num_filters_3': 113, 'kernel_size': (3, 3), 'strides': 1, 'l1_ratio': 0.0010279444862061656, 'l2_ratio': 2.4262696181465702e-06, 'learning_rate': 0.001374349602319462}. Best is trial 0 with value: 1.0.
2024-06-14 00:35:57,724 - INFO - Creating model with params: {'num_filters_1': 21, 'num_filters_2': 57, 'num_filters_3': 110, 'kernel_size': (3, 3), 'strides': 1, 'l1_ratio': 0.00044431284860181895, 'l2_ratio': 2.130817444662561e-05, 'learning_rate': 0.0007673607850205263}
2024-06-14 00:35:58,035 - INFO - Training the model
2024-06-14 00:38:33,712 - INFO - Evaluating the model
2024-06-14 00:38:35,065 - INFO - Model accuracy: 1.0
[I 2024-06-14 00:38:35,067] Trial 41 finished with value: 1.0 and parameters: {'num_filters_1': 21, 'num_filters_2': 57, 'num_filters_3': 110, 'kernel_size': (3, 3), 'strides': 1, 'l1_ratio': 0.00044431284860181895, 'l2_ratio': 2.130817444662561e-05, 'learning_rate': 0.0007673607850205263}. Best is trial 0 with value: 1.0.
2024-06-14 00:38:35,076 - INFO - Creating model with params: {'num_filters_1': 26, 'num_filters_2': 86, 'num_filters_3': 116, 'kernel_size': (3, 3), 'strides': 1, 'l1_ratio': 4.1799514105794364e-05, 'l2_ratio': 4.495510384731234e-05, 'learning_rate': 0.002769034025464772}
2024-06-14 00:38:35,389 - INFO - Training the model
2024-06-14 00:41:50,131 - INFO - Evaluating the model
2024-06-14 00:41:51,788 - INFO - Model accuracy: 1.0
[I 2024-06-14 00:41:51,791] Trial 42 finished with value: 1.0 and parameters: {'num_filters_1': 26, 'num_filters_2': 86, 'num_filters_3': 116, 'kernel_size': (3, 3), 'strides': 1, 'l1_ratio': 4.1799514105794364e-05, 'l2_ratio': 4.495510384731234e-05, 'learning_rate': 0.002769034025464772}. Best is trial 0 with value: 1.0.
2024-06-14 00:41:51,799 - INFO - Creating model with params: {'num_filters_1': 27, 'num_filters_2': 47, 'num_filters_3': 110, 'kernel_size': (3, 3), 'strides': 1, 'l1_ratio': 0.00028527522378244574, 'l2_ratio': 0.0015075460608668322, 'learning_rate': 0.0021832262210807574}
2024-06-14 00:41:52,111 - INFO - Training the model
2024-06-14 00:44:35,057 - INFO - Evaluating the model
2024-06-14 00:44:36,455 - INFO - Model accuracy: 1.0
[I 2024-06-14 00:44:36,457] Trial 43 finished with value: 1.0 and parameters: {'num_filters_1': 27, 'num_filters_2': 47, 'num_filters_3': 110, 'kernel_size': (3, 3), 'strides': 1, 'l1_ratio': 0.00028527522378244574, 'l2_ratio': 0.0015075460608668322, 'learning_rate': 0.0021832262210807574}. Best is trial 0 with value: 1.0.
2024-06-14 00:44:36,466 - INFO - Creating model with params: {'num_filters_1': 18, 'num_filters_2': 59, 'num_filters_3': 116, 'kernel_size': (3, 3), 'strides': 1, 'l1_ratio': 1.1498340287371001e-06, 'l2_ratio': 0.007386929439038579, 'learning_rate': 0.00024463910064570065}
2024-06-14 00:44:36,781 - INFO - Training the model
2024-06-14 00:47:03,461 - INFO - Evaluating the model
2024-06-14 00:47:04,722 - INFO - Model accuracy: 1.0
[I 2024-06-14 00:47:04,724] Trial 44 finished with value: 1.0 and parameters: {'num_filters_1': 18, 'num_filters_2': 59, 'num_filters_3': 116, 'kernel_size': (3, 3), 'strides': 1, 'l1_ratio': 1.1498340287371001e-06, 'l2_ratio': 0.007386929439038579, 'learning_rate': 0.00024463910064570065}. Best is trial 0 with value: 1.0.
2024-06-14 00:47:04,733 - INFO - Creating model with params: {'num_filters_1': 16, 'num_filters_2': 43, 'num_filters_3': 109, 'kernel_size': (3, 3), 'strides': 1, 'l1_ratio': 9.949681312316474e-06, 'l2_ratio': 0.00445680024876836, 'learning_rate': 0.004116461735270619}
2024-06-14 00:47:05,044 - INFO - Training the model
2024-06-14 00:49:03,983 - INFO - Evaluating the model
2024-06-14 00:49:05,078 - INFO - Model accuracy: 1.0
[I 2024-06-14 00:49:05,081] Trial 45 finished with value: 1.0 and parameters: {'num_filters_1': 16, 'num_filters_2': 43, 'num_filters_3': 109, 'kernel_size': (3, 3), 'strides': 1, 'l1_ratio': 9.949681312316474e-06, 'l2_ratio': 0.00445680024876836, 'learning_rate': 0.004116461735270619}. Best is trial 0 with value: 1.0.
2024-06-14 00:49:05,089 - INFO - Creating model with params: {'num_filters_1': 20, 'num_filters_2': 50, 'num_filters_3': 91, 'kernel_size': (3, 3), 'strides': 1, 'l1_ratio': 0.00019043437721815514, 'l2_ratio': 2.4366792720471405e-05, 'learning_rate': 0.00020020267026132433}
2024-06-14 00:49:05,397 - INFO - Training the model
2024-06-14 00:51:32,452 - INFO - Evaluating the model
2024-06-14 00:51:33,661 - INFO - Model accuracy: 1.0
[I 2024-06-14 00:51:33,663] Trial 46 finished with value: 1.0 and parameters: {'num_filters_1': 20, 'num_filters_2': 50, 'num_filters_3': 91, 'kernel_size': (3, 3), 'strides': 1, 'l1_ratio': 0.00019043437721815514, 'l2_ratio': 2.4366792720471405e-05, 'learning_rate': 0.00020020267026132433}. Best is trial 0 with value: 1.0.
2024-06-14 00:51:33,672 - INFO - Creating model with params: {'num_filters_1': 24, 'num_filters_2': 32, 'num_filters_3': 98, 'kernel_size': (3, 3), 'strides': 1, 'l1_ratio': 1.7684106188159562e-05, 'l2_ratio': 0.0007350928878525309, 'learning_rate': 0.00010165608660687634}
2024-06-14 00:51:33,983 - INFO - Training the model
2024-06-14 00:53:38,315 - INFO - Evaluating the model
2024-06-14 00:53:39,377 - INFO - Model accuracy: 1.0
[I 2024-06-14 00:53:39,379] Trial 47 finished with value: 1.0 and parameters: {'num_filters_1': 24, 'num_filters_2': 32, 'num_filters_3': 98, 'kernel_size': (3, 3), 'strides': 1, 'l1_ratio': 1.7684106188159562e-05, 'l2_ratio': 0.0007350928878525309, 'learning_rate': 0.00010165608660687634}. Best is trial 0 with value: 1.0.
2024-06-14 00:53:39,388 - INFO - Creating model with params: {'num_filters_1': 37, 'num_filters_2': 43, 'num_filters_3': 85, 'kernel_size': (3, 3), 'strides': 1, 'l1_ratio': 6.926658481139191e-05, 'l2_ratio': 0.005591655304114442, 'learning_rate': 6.704121362517457e-05}
2024-06-14 00:53:39,697 - INFO - Training the model
2024-06-14 00:56:46,223 - INFO - Evaluating the model
2024-06-14 00:56:47,831 - INFO - Model accuracy: 1.0
[I 2024-06-14 00:56:47,834] Trial 48 finished with value: 1.0 and parameters: {'num_filters_1': 37, 'num_filters_2': 43, 'num_filters_3': 85, 'kernel_size': (3, 3), 'strides': 1, 'l1_ratio': 6.926658481139191e-05, 'l2_ratio': 0.005591655304114442, 'learning_rate': 6.704121362517457e-05}. Best is trial 0 with value: 1.0.
2024-06-14 00:56:47,842 - INFO - Creating model with params: {'num_filters_1': 29, 'num_filters_2': 60, 'num_filters_3': 73, 'kernel_size': (3, 3), 'strides': 2, 'l1_ratio': 3.28071540867276e-05, 'l2_ratio': 0.00030677837665757835, 'learning_rate': 0.00033356738912153556}
2024-06-14 00:56:48,135 - INFO - Training the model
2024-06-14 00:57:11,495 - INFO - Evaluating the model
2024-06-14 00:57:11,760 - INFO - Model accuracy: 1.0
[I 2024-06-14 00:57:11,762] Trial 49 finished with value: 1.0 and parameters: {'num_filters_1': 29, 'num_filters_2': 60, 'num_filters_3': 73, 'kernel_size': (3, 3), 'strides': 2, 'l1_ratio': 3.28071540867276e-05, 'l2_ratio': 0.00030677837665757835, 'learning_rate': 0.00033356738912153556}. Best is trial 0 with value: 1.0.
2024-06-14 00:57:11,763 - INFO - Optimal parameters for scenario AM: {'num_filters_1': 17, 'num_filters_2': 93, 'num_filters_3': 106, 'kernel_size': (3, 3), 'strides': 1, 'l1_ratio': 9.299115750707925e-06, 'l2_ratio': 1.2459203031568373e-06, 'learning_rate': 0.0001358195436069012}
2024-06-14 00:57:11,763 - INFO - Starting optimization for scenario: AS
2024-06-14 00:57:11,763 - INFO - Processing: /data/home/ha231431/EvoNet-CNN-Insight/AS/Simulations1
2024-06-14 00:57:45,763 - INFO - Processing: /data/home/ha231431/EvoNet-CNN-Insight/AS/Simulations2
2024-06-14 00:58:20,666 - INFO - Processing: /data/home/ha231431/EvoNet-CNN-Insight/AS/Simulations3
2024-06-14 00:58:56,111 - INFO - Processing: /data/home/ha231431/EvoNet-CNN-Insight/AS/Simulations4
2024-06-14 00:59:31,266 - INFO - Processing: /data/home/ha231431/EvoNet-CNN-Insight/AS/Simulations5
2024-06-14 01:00:06,029 - INFO - Total data shape: (5000, 198, 192, 1)
2024-06-14 01:00:06,029 - INFO - Total targets shape: (5000,)
[I 2024-06-14 01:00:06,033] A new study created in memory with name: no-name-af77fa59-e46e-43ab-96a0-720909fa0f15
2024-06-14 01:00:06,036 - INFO - Creating model with params: {'num_filters_1': 54, 'num_filters_2': 40, 'num_filters_3': 102, 'kernel_size': (5, 5), 'strides': 2, 'l1_ratio': 0.00018717644475867604, 'l2_ratio': 0.002469088212068545, 'learning_rate': 0.000762901446995421}
2024-06-14 01:00:06,333 - INFO - Training the model
2024-06-14 01:00:53,477 - INFO - Evaluating the model
2024-06-14 01:00:53,891 - INFO - Model accuracy: 1.0
