[I 2024-06-14 01:00:53,893] Trial 0 finished with value: 1.0 and parameters: {'num_filters_1': 54, 'num_filters_2': 40, 'num_filters_3': 102, 'kernel_size': (5, 5), 'strides': 2, 'l1_ratio': 0.00018717644475867604, 'l2_ratio': 0.002469088212068545, 'learning_rate': 0.000762901446995421}. Best is trial 0 with value: 1.0.
2024-06-14 01:00:53,894 - INFO - Creating model with params: {'num_filters_1': 42, 'num_filters_2': 88, 'num_filters_3': 122, 'kernel_size': (5, 5), 'strides': 2, 'l1_ratio': 0.0008140503858764635, 'l2_ratio': 5.072068364716146e-05, 'learning_rate': 6.517460559593215e-05}
2024-06-14 01:00:54,186 - INFO - Training the model
2024-06-14 01:01:38,920 - INFO - Evaluating the model
2024-06-14 01:01:39,323 - INFO - Model accuracy: 1.0
[I 2024-06-14 01:01:39,325] Trial 1 finished with value: 1.0 and parameters: {'num_filters_1': 42, 'num_filters_2': 88, 'num_filters_3': 122, 'kernel_size': (5, 5), 'strides': 2, 'l1_ratio': 0.0008140503858764635, 'l2_ratio': 5.072068364716146e-05, 'learning_rate': 6.517460559593215e-05}. Best is trial 0 with value: 1.0.
2024-06-14 01:01:39,327 - INFO - Creating model with params: {'num_filters_1': 55, 'num_filters_2': 41, 'num_filters_3': 112, 'kernel_size': (5, 5), 'strides': 1, 'l1_ratio': 1.7826937143444306e-05, 'l2_ratio': 0.00022614890109440538, 'learning_rate': 1.5280464562404604e-05}
2024-06-14 01:01:39,629 - INFO - Training the model
2024-06-14 01:09:45,668 - INFO - Evaluating the model
2024-06-14 01:09:48,939 - INFO - Model accuracy: 1.0
[I 2024-06-14 01:09:48,941] Trial 2 finished with value: 1.0 and parameters: {'num_filters_1': 55, 'num_filters_2': 41, 'num_filters_3': 112, 'kernel_size': (5, 5), 'strides': 1, 'l1_ratio': 1.7826937143444306e-05, 'l2_ratio': 0.00022614890109440538, 'learning_rate': 1.5280464562404604e-05}. Best is trial 0 with value: 1.0.
2024-06-14 01:09:48,942 - INFO - Creating model with params: {'num_filters_1': 51, 'num_filters_2': 88, 'num_filters_3': 60, 'kernel_size': (5, 5), 'strides': 1, 'l1_ratio': 5.686527800890689e-05, 'l2_ratio': 3.035142032392408e-06, 'learning_rate': 0.0018130167154341889}
2024-06-14 01:09:49,251 - INFO - Training the model
2024-06-14 01:18:21,848 - INFO - Evaluating the model
2024-06-14 01:18:25,259 - INFO - Model accuracy: 1.0
[I 2024-06-14 01:18:25,262] Trial 3 finished with value: 1.0 and parameters: {'num_filters_1': 51, 'num_filters_2': 88, 'num_filters_3': 60, 'kernel_size': (5, 5), 'strides': 1, 'l1_ratio': 5.686527800890689e-05, 'l2_ratio': 3.035142032392408e-06, 'learning_rate': 0.0018130167154341889}. Best is trial 0 with value: 1.0.
2024-06-14 01:18:25,263 - INFO - Creating model with params: {'num_filters_1': 63, 'num_filters_2': 111, 'num_filters_3': 61, 'kernel_size': (3, 3), 'strides': 1, 'l1_ratio': 0.006997731133691809, 'l2_ratio': 0.003932036347820022, 'learning_rate': 0.005642802171432284}
2024-06-14 01:18:25,570 - INFO - Training the model
2024-06-14 01:24:15,278 - INFO - Evaluating the model
2024-06-14 01:24:18,016 - INFO - Model accuracy: 1.0
[I 2024-06-14 01:24:18,019] Trial 4 finished with value: 1.0 and parameters: {'num_filters_1': 63, 'num_filters_2': 111, 'num_filters_3': 61, 'kernel_size': (3, 3), 'strides': 1, 'l1_ratio': 0.006997731133691809, 'l2_ratio': 0.003932036347820022, 'learning_rate': 0.005642802171432284}. Best is trial 0 with value: 1.0.
2024-06-14 01:24:18,021 - INFO - Creating model with params: {'num_filters_1': 20, 'num_filters_2': 58, 'num_filters_3': 113, 'kernel_size': (5, 5), 'strides': 1, 'l1_ratio': 0.00010592117462847033, 'l2_ratio': 1.787771255637175e-05, 'learning_rate': 0.00390229787225423}
2024-06-14 01:24:18,333 - INFO - Training the model
2024-06-14 01:28:27,671 - INFO - Evaluating the model
2024-06-14 01:28:29,678 - INFO - Model accuracy: 1.0
[I 2024-06-14 01:28:29,680] Trial 5 finished with value: 1.0 and parameters: {'num_filters_1': 20, 'num_filters_2': 58, 'num_filters_3': 113, 'kernel_size': (5, 5), 'strides': 1, 'l1_ratio': 0.00010592117462847033, 'l2_ratio': 1.787771255637175e-05, 'learning_rate': 0.00390229787225423}. Best is trial 0 with value: 1.0.
2024-06-14 01:28:29,682 - INFO - Creating model with params: {'num_filters_1': 37, 'num_filters_2': 108, 'num_filters_3': 39, 'kernel_size': (5, 5), 'strides': 2, 'l1_ratio': 1.6998721914911726e-06, 'l2_ratio': 0.0020026754181223182, 'learning_rate': 0.00022612652377175407}
2024-06-14 01:28:29,968 - INFO - Training the model
2024-06-14 01:29:12,081 - INFO - Evaluating the model
2024-06-14 01:29:12,498 - INFO - Model accuracy: 1.0
[I 2024-06-14 01:29:12,500] Trial 6 finished with value: 1.0 and parameters: {'num_filters_1': 37, 'num_filters_2': 108, 'num_filters_3': 39, 'kernel_size': (5, 5), 'strides': 2, 'l1_ratio': 1.6998721914911726e-06, 'l2_ratio': 0.0020026754181223182, 'learning_rate': 0.00022612652377175407}. Best is trial 0 with value: 1.0.
2024-06-14 01:29:12,502 - INFO - Creating model with params: {'num_filters_1': 39, 'num_filters_2': 93, 'num_filters_3': 92, 'kernel_size': (3, 3), 'strides': 2, 'l1_ratio': 0.009197334833934919, 'l2_ratio': 1.756399886167236e-06, 'learning_rate': 1.5047552428590033e-05}
2024-06-14 01:29:12,795 - INFO - Training the model
2024-06-14 01:29:43,110 - INFO - Evaluating the model
2024-06-14 01:29:43,413 - INFO - Model accuracy: 1.0
[I 2024-06-14 01:29:43,415] Trial 7 finished with value: 1.0 and parameters: {'num_filters_1': 39, 'num_filters_2': 93, 'num_filters_3': 92, 'kernel_size': (3, 3), 'strides': 2, 'l1_ratio': 0.009197334833934919, 'l2_ratio': 1.756399886167236e-06, 'learning_rate': 1.5047552428590033e-05}. Best is trial 0 with value: 1.0.
2024-06-14 01:29:43,417 - INFO - Creating model with params: {'num_filters_1': 39, 'num_filters_2': 116, 'num_filters_3': 124, 'kernel_size': (5, 5), 'strides': 1, 'l1_ratio': 0.0016680318045919644, 'l2_ratio': 3.0911642512964333e-06, 'learning_rate': 0.0010262853894885096}
2024-06-14 01:29:43,720 - INFO - Training the model
2024-06-14 01:38:39,776 - INFO - Evaluating the model
2024-06-14 01:38:43,723 - INFO - Model accuracy: 1.0
[I 2024-06-14 01:38:43,725] Trial 8 finished with value: 1.0 and parameters: {'num_filters_1': 39, 'num_filters_2': 116, 'num_filters_3': 124, 'kernel_size': (5, 5), 'strides': 1, 'l1_ratio': 0.0016680318045919644, 'l2_ratio': 3.0911642512964333e-06, 'learning_rate': 0.0010262853894885096}. Best is trial 0 with value: 1.0.
2024-06-14 01:38:43,727 - INFO - Creating model with params: {'num_filters_1': 34, 'num_filters_2': 86, 'num_filters_3': 40, 'kernel_size': (3, 3), 'strides': 1, 'l1_ratio': 2.1362133554345625e-06, 'l2_ratio': 0.0004015965282275888, 'learning_rate': 3.3976896427836944e-05}
2024-06-14 01:38:44,030 - INFO - Training the model
2024-06-14 01:42:04,568 - INFO - Evaluating the model
2024-06-14 01:42:06,186 - INFO - Model accuracy: 1.0
[I 2024-06-14 01:42:06,188] Trial 9 finished with value: 1.0 and parameters: {'num_filters_1': 34, 'num_filters_2': 86, 'num_filters_3': 40, 'kernel_size': (3, 3), 'strides': 1, 'l1_ratio': 2.1362133554345625e-06, 'l2_ratio': 0.0004015965282275888, 'learning_rate': 3.3976896427836944e-05}. Best is trial 0 with value: 1.0.
2024-06-14 01:42:06,195 - INFO - Creating model with params: {'num_filters_1': 61, 'num_filters_2': 34, 'num_filters_3': 95, 'kernel_size': (5, 5), 'strides': 2, 'l1_ratio': 0.0005005611151373409, 'l2_ratio': 0.00810441257578135, 'learning_rate': 0.00035017856565766186}
2024-06-14 01:42:06,486 - INFO - Training the model
2024-06-14 01:42:59,550 - INFO - Evaluating the model
2024-06-14 01:43:00,036 - INFO - Model accuracy: 1.0
[I 2024-06-14 01:43:00,039] Trial 10 finished with value: 1.0 and parameters: {'num_filters_1': 61, 'num_filters_2': 34, 'num_filters_3': 95, 'kernel_size': (5, 5), 'strides': 2, 'l1_ratio': 0.0005005611151373409, 'l2_ratio': 0.00810441257578135, 'learning_rate': 0.00035017856565766186}. Best is trial 0 with value: 1.0.
2024-06-14 01:43:00,045 - INFO - Creating model with params: {'num_filters_1': 50, 'num_filters_2': 66, 'num_filters_3': 126, 'kernel_size': (5, 5), 'strides': 2, 'l1_ratio': 0.0005472657830518892, 'l2_ratio': 2.8151754030746962e-05, 'learning_rate': 8.869086938774212e-05}
2024-06-14 01:43:00,344 - INFO - Training the model
2024-06-14 01:43:47,891 - INFO - Evaluating the model
2024-06-14 01:43:48,341 - INFO - Model accuracy: 1.0
[I 2024-06-14 01:43:48,343] Trial 11 finished with value: 1.0 and parameters: {'num_filters_1': 50, 'num_filters_2': 66, 'num_filters_3': 126, 'kernel_size': (5, 5), 'strides': 2, 'l1_ratio': 0.0005472657830518892, 'l2_ratio': 2.8151754030746962e-05, 'learning_rate': 8.869086938774212e-05}. Best is trial 0 with value: 1.0.
2024-06-14 01:43:48,350 - INFO - Creating model with params: {'num_filters_1': 47, 'num_filters_2': 67, 'num_filters_3': 102, 'kernel_size': (5, 5), 'strides': 2, 'l1_ratio': 0.00022309822578477537, 'l2_ratio': 4.600111281228187e-05, 'learning_rate': 0.0003513383282140859}
2024-06-14 01:43:48,648 - INFO - Training the model
2024-06-14 01:44:34,980 - INFO - Evaluating the model
2024-06-14 01:44:35,389 - INFO - Model accuracy: 1.0
[I 2024-06-14 01:44:35,391] Trial 12 finished with value: 1.0 and parameters: {'num_filters_1': 47, 'num_filters_2': 67, 'num_filters_3': 102, 'kernel_size': (5, 5), 'strides': 2, 'l1_ratio': 0.00022309822578477537, 'l2_ratio': 4.600111281228187e-05, 'learning_rate': 0.0003513383282140859}. Best is trial 0 with value: 1.0.
2024-06-14 01:44:35,398 - INFO - Creating model with params: {'num_filters_1': 27, 'num_filters_2': 48, 'num_filters_3': 79, 'kernel_size': (5, 5), 'strides': 2, 'l1_ratio': 1.1543052261933916e-05, 'l2_ratio': 0.0006854497539796636, 'learning_rate': 6.583789604517915e-05}
2024-06-14 01:44:35,687 - INFO - Training the model
2024-06-14 01:45:07,275 - INFO - Evaluating the model
2024-06-14 01:45:07,567 - INFO - Model accuracy: 1.0
[I 2024-06-14 01:45:07,569] Trial 13 finished with value: 1.0 and parameters: {'num_filters_1': 27, 'num_filters_2': 48, 'num_filters_3': 79, 'kernel_size': (5, 5), 'strides': 2, 'l1_ratio': 1.1543052261933916e-05, 'l2_ratio': 0.0006854497539796636, 'learning_rate': 6.583789604517915e-05}. Best is trial 0 with value: 1.0.
2024-06-14 01:45:07,575 - INFO - Creating model with params: {'num_filters_1': 45, 'num_filters_2': 75, 'num_filters_3': 128, 'kernel_size': (5, 5), 'strides': 2, 'l1_ratio': 0.0023668087096425637, 'l2_ratio': 7.496626114867442e-05, 'learning_rate': 0.000881982771347826}
2024-06-14 01:45:07,869 - INFO - Training the model
2024-06-14 01:45:54,886 - INFO - Evaluating the model
2024-06-14 01:45:55,286 - INFO - Model accuracy: 1.0
[I 2024-06-14 01:45:55,288] Trial 14 finished with value: 1.0 and parameters: {'num_filters_1': 45, 'num_filters_2': 75, 'num_filters_3': 128, 'kernel_size': (5, 5), 'strides': 2, 'l1_ratio': 0.0023668087096425637, 'l2_ratio': 7.496626114867442e-05, 'learning_rate': 0.000881982771347826}. Best is trial 0 with value: 1.0.
2024-06-14 01:45:55,295 - INFO - Creating model with params: {'num_filters_1': 55, 'num_filters_2': 101, 'num_filters_3': 113, 'kernel_size': (5, 5), 'strides': 2, 'l1_ratio': 0.0014251068227093787, 'l2_ratio': 9.754002602879324e-06, 'learning_rate': 0.0001374430792447771}
2024-06-14 01:45:55,593 - INFO - Training the model
2024-06-14 01:46:53,366 - INFO - Evaluating the model
2024-06-14 01:46:53,891 - INFO - Model accuracy: 1.0
[I 2024-06-14 01:46:53,894] Trial 15 finished with value: 1.0 and parameters: {'num_filters_1': 55, 'num_filters_2': 101, 'num_filters_3': 113, 'kernel_size': (5, 5), 'strides': 2, 'l1_ratio': 0.0014251068227093787, 'l2_ratio': 9.754002602879324e-06, 'learning_rate': 0.0001374430792447771}. Best is trial 0 with value: 1.0.
2024-06-14 01:46:53,901 - INFO - Creating model with params: {'num_filters_1': 30, 'num_filters_2': 124, 'num_filters_3': 87, 'kernel_size': (5, 5), 'strides': 2, 'l1_ratio': 0.0001033401296660981, 'l2_ratio': 0.0001717923814273306, 'learning_rate': 4.2498845480987486e-05}
2024-06-14 01:46:54,198 - INFO - Training the model
2024-06-14 01:47:33,806 - INFO - Evaluating the model
2024-06-14 01:47:34,170 - INFO - Model accuracy: 1.0
[I 2024-06-14 01:47:34,173] Trial 16 finished with value: 1.0 and parameters: {'num_filters_1': 30, 'num_filters_2': 124, 'num_filters_3': 87, 'kernel_size': (5, 5), 'strides': 2, 'l1_ratio': 0.0001033401296660981, 'l2_ratio': 0.0001717923814273306, 'learning_rate': 4.2498845480987486e-05}. Best is trial 0 with value: 1.0.
2024-06-14 01:47:34,180 - INFO - Creating model with params: {'num_filters_1': 46, 'num_filters_2': 71, 'num_filters_3': 77, 'kernel_size': (3, 3), 'strides': 2, 'l1_ratio': 0.0029448982767817235, 'l2_ratio': 0.0011938133567136325, 'learning_rate': 0.0009580039681057696}
2024-06-14 01:47:34,468 - INFO - Training the model
2024-06-14 01:48:05,704 - INFO - Evaluating the model
2024-06-14 01:48:06,028 - INFO - Model accuracy: 1.0
[I 2024-06-14 01:48:06,031] Trial 17 finished with value: 1.0 and parameters: {'num_filters_1': 46, 'num_filters_2': 71, 'num_filters_3': 77, 'kernel_size': (3, 3), 'strides': 2, 'l1_ratio': 0.0029448982767817235, 'l2_ratio': 0.0011938133567136325, 'learning_rate': 0.0009580039681057696}. Best is trial 0 with value: 1.0.
2024-06-14 01:48:06,038 - INFO - Creating model with params: {'num_filters_1': 57, 'num_filters_2': 97, 'num_filters_3': 107, 'kernel_size': (5, 5), 'strides': 2, 'l1_ratio': 2.7953614811024422e-05, 'l2_ratio': 5.988393728779343e-06, 'learning_rate': 0.0001838823034777449}
2024-06-14 01:48:06,333 - INFO - Training the model
2024-06-14 01:49:03,182 - INFO - Evaluating the model
2024-06-14 01:49:03,693 - INFO - Model accuracy: 1.0
[I 2024-06-14 01:49:03,695] Trial 18 finished with value: 1.0 and parameters: {'num_filters_1': 57, 'num_filters_2': 97, 'num_filters_3': 107, 'kernel_size': (5, 5), 'strides': 2, 'l1_ratio': 2.7953614811024422e-05, 'l2_ratio': 5.988393728779343e-06, 'learning_rate': 0.0001838823034777449}. Best is trial 0 with value: 1.0.
2024-06-14 01:49:03,702 - INFO - Creating model with params: {'num_filters_1': 28, 'num_filters_2': 125, 'num_filters_3': 90, 'kernel_size': (5, 5), 'strides': 2, 'l1_ratio': 5.61648202005187e-06, 'l2_ratio': 0.008501069814427801, 'learning_rate': 3.2477803823191786e-05}
2024-06-14 01:49:03,991 - INFO - Training the model
2024-06-14 01:49:42,217 - INFO - Evaluating the model
2024-06-14 01:49:42,565 - INFO - Model accuracy: 1.0
[I 2024-06-14 01:49:42,567] Trial 19 finished with value: 1.0 and parameters: {'num_filters_1': 28, 'num_filters_2': 125, 'num_filters_3': 90, 'kernel_size': (5, 5), 'strides': 2, 'l1_ratio': 5.61648202005187e-06, 'l2_ratio': 0.008501069814427801, 'learning_rate': 3.2477803823191786e-05}. Best is trial 0 with value: 1.0.
2024-06-14 01:49:42,573 - INFO - Creating model with params: {'num_filters_1': 50, 'num_filters_2': 54, 'num_filters_3': 76, 'kernel_size': (3, 3), 'strides': 2, 'l1_ratio': 0.003406894297188666, 'l2_ratio': 0.0012405527284196035, 'learning_rate': 0.0006345555787065288}
2024-06-14 01:49:42,864 - INFO - Training the model
2024-06-14 01:50:15,796 - INFO - Evaluating the model
2024-06-14 01:50:16,137 - INFO - Model accuracy: 1.0
[I 2024-06-14 01:50:16,140] Trial 20 finished with value: 1.0 and parameters: {'num_filters_1': 50, 'num_filters_2': 54, 'num_filters_3': 76, 'kernel_size': (3, 3), 'strides': 2, 'l1_ratio': 0.003406894297188666, 'l2_ratio': 0.0012405527284196035, 'learning_rate': 0.0006345555787065288}. Best is trial 0 with value: 1.0.
2024-06-14 01:50:16,148 - INFO - Creating model with params: {'num_filters_1': 59, 'num_filters_2': 99, 'num_filters_3': 72, 'kernel_size': (3, 3), 'strides': 2, 'l1_ratio': 3.1029138315721314e-05, 'l2_ratio': 0.002195813315069745, 'learning_rate': 0.0004938819079249607}
2024-06-14 01:50:16,445 - INFO - Training the model
2024-06-14 01:50:57,238 - INFO - Evaluating the model
2024-06-14 01:50:57,648 - INFO - Model accuracy: 1.0
[I 2024-06-14 01:50:57,651] Trial 21 finished with value: 1.0 and parameters: {'num_filters_1': 59, 'num_filters_2': 99, 'num_filters_3': 72, 'kernel_size': (3, 3), 'strides': 2, 'l1_ratio': 3.1029138315721314e-05, 'l2_ratio': 0.002195813315069745, 'learning_rate': 0.0004938819079249607}. Best is trial 0 with value: 1.0.
2024-06-14 01:50:57,657 - INFO - Creating model with params: {'num_filters_1': 18, 'num_filters_2': 128, 'num_filters_3': 106, 'kernel_size': (5, 5), 'strides': 2, 'l1_ratio': 4.241208368128617e-06, 'l2_ratio': 0.008092423155097084, 'learning_rate': 0.00016297539296860497}
2024-06-14 01:50:57,954 - INFO - Training the model
2024-06-14 01:51:28,977 - INFO - Evaluating the model
2024-06-14 01:51:29,275 - INFO - Model accuracy: 1.0
[I 2024-06-14 01:51:29,278] Trial 22 finished with value: 1.0 and parameters: {'num_filters_1': 18, 'num_filters_2': 128, 'num_filters_3': 106, 'kernel_size': (5, 5), 'strides': 2, 'l1_ratio': 4.241208368128617e-06, 'l2_ratio': 0.008092423155097084, 'learning_rate': 0.00016297539296860497}. Best is trial 0 with value: 1.0.
2024-06-14 01:51:29,285 - INFO - Creating model with params: {'num_filters_1': 23, 'num_filters_2': 55, 'num_filters_3': 64, 'kernel_size': (3, 3), 'strides': 2, 'l1_ratio': 7.303855306871114e-06, 'l2_ratio': 0.009308257036055196, 'learning_rate': 0.003173104614878738}
2024-06-14 01:51:29,575 - INFO - Training the model
2024-06-14 01:51:49,723 - INFO - Evaluating the model
2024-06-14 01:51:49,978 - INFO - Model accuracy: 1.0
[I 2024-06-14 01:51:49,981] Trial 23 finished with value: 1.0 and parameters: {'num_filters_1': 23, 'num_filters_2': 55, 'num_filters_3': 64, 'kernel_size': (3, 3), 'strides': 2, 'l1_ratio': 7.303855306871114e-06, 'l2_ratio': 0.009308257036055196, 'learning_rate': 0.003173104614878738}. Best is trial 0 with value: 1.0.
2024-06-14 01:51:49,988 - INFO - Creating model with params: {'num_filters_1': 60, 'num_filters_2': 35, 'num_filters_3': 71, 'kernel_size': (3, 3), 'strides': 2, 'l1_ratio': 4.180542790844871e-05, 'l2_ratio': 0.0027044373318877357, 'learning_rate': 0.0005412393968468799}
2024-06-14 01:51:50,278 - INFO - Training the model
2024-06-14 01:52:28,039 - INFO - Evaluating the model
2024-06-14 01:52:28,401 - INFO - Model accuracy: 1.0
[I 2024-06-14 01:52:28,404] Trial 24 finished with value: 1.0 and parameters: {'num_filters_1': 60, 'num_filters_2': 35, 'num_filters_3': 71, 'kernel_size': (3, 3), 'strides': 2, 'l1_ratio': 4.180542790844871e-05, 'l2_ratio': 0.0027044373318877357, 'learning_rate': 0.0005412393968468799}. Best is trial 0 with value: 1.0.
2024-06-14 01:52:28,411 - INFO - Creating model with params: {'num_filters_1': 16, 'num_filters_2': 119, 'num_filters_3': 100, 'kernel_size': (3, 3), 'strides': 2, 'l1_ratio': 3.518926421509752e-06, 'l2_ratio': 0.004189221607347595, 'learning_rate': 0.0015867164220562243}
2024-06-14 01:52:28,704 - INFO - Training the model
2024-06-14 01:52:45,779 - INFO - Evaluating the model
2024-06-14 01:52:46,008 - INFO - Model accuracy: 1.0
[I 2024-06-14 01:52:46,010] Trial 25 finished with value: 1.0 and parameters: {'num_filters_1': 16, 'num_filters_2': 119, 'num_filters_3': 100, 'kernel_size': (3, 3), 'strides': 2, 'l1_ratio': 3.518926421509752e-06, 'l2_ratio': 0.004189221607347595, 'learning_rate': 0.0015867164220562243}. Best is trial 0 with value: 1.0.
2024-06-14 01:52:46,016 - INFO - Creating model with params: {'num_filters_1': 22, 'num_filters_2': 43, 'num_filters_3': 67, 'kernel_size': (3, 3), 'strides': 2, 'l1_ratio': 7.642249939816582e-06, 'l2_ratio': 0.004224105470851496, 'learning_rate': 0.0028940264764281934}
2024-06-14 01:52:46,314 - INFO - Training the model
2024-06-14 01:53:05,291 - INFO - Evaluating the model
2024-06-14 01:53:05,535 - INFO - Model accuracy: 1.0
[I 2024-06-14 01:53:05,537] Trial 26 finished with value: 1.0 and parameters: {'num_filters_1': 22, 'num_filters_2': 43, 'num_filters_3': 67, 'kernel_size': (3, 3), 'strides': 2, 'l1_ratio': 7.642249939816582e-06, 'l2_ratio': 0.004224105470851496, 'learning_rate': 0.0028940264764281934}. Best is trial 0 with value: 1.0.
2024-06-14 01:53:05,544 - INFO - Creating model with params: {'num_filters_1': 54, 'num_filters_2': 33, 'num_filters_3': 51, 'kernel_size': (3, 3), 'strides': 2, 'l1_ratio': 0.00020033307662712527, 'l2_ratio': 0.0005082760848899861, 'learning_rate': 0.00944667554806048}
2024-06-14 01:53:05,832 - INFO - Training the model
2024-06-14 01:53:40,065 - INFO - Evaluating the model
2024-06-14 01:53:40,431 - INFO - Model accuracy: 1.0
[I 2024-06-14 01:53:40,433] Trial 27 finished with value: 1.0 and parameters: {'num_filters_1': 54, 'num_filters_2': 33, 'num_filters_3': 51, 'kernel_size': (3, 3), 'strides': 2, 'l1_ratio': 0.00020033307662712527, 'l2_ratio': 0.0005082760848899861, 'learning_rate': 0.00944667554806048}. Best is trial 0 with value: 1.0.
2024-06-14 01:53:40,440 - INFO - Creating model with params: {'num_filters_1': 61, 'num_filters_2': 37, 'num_filters_3': 85, 'kernel_size': (3, 3), 'strides': 2, 'l1_ratio': 5.577067534222044e-05, 'l2_ratio': 0.003398669249338009, 'learning_rate': 0.0012443556838906702}
2024-06-14 01:53:40,727 - INFO - Training the model
2024-06-14 01:54:19,924 - INFO - Evaluating the model
2024-06-14 01:54:20,340 - INFO - Model accuracy: 1.0
[I 2024-06-14 01:54:20,343] Trial 28 finished with value: 1.0 and parameters: {'num_filters_1': 61, 'num_filters_2': 37, 'num_filters_3': 85, 'kernel_size': (3, 3), 'strides': 2, 'l1_ratio': 5.577067534222044e-05, 'l2_ratio': 0.003398669249338009, 'learning_rate': 0.0012443556838906702}. Best is trial 0 with value: 1.0.
2024-06-14 01:54:20,351 - INFO - Creating model with params: {'num_filters_1': 16, 'num_filters_2': 45, 'num_filters_3': 99, 'kernel_size': (3, 3), 'strides': 2, 'l1_ratio': 1.2103975115994197e-06, 'l2_ratio': 0.00499145560306543, 'learning_rate': 0.0021213777590381603}
2024-06-14 01:54:20,639 - INFO - Training the model
2024-06-14 01:54:35,354 - INFO - Evaluating the model
2024-06-14 01:54:35,580 - INFO - Model accuracy: 1.0
