[I 2024-06-14 07:35:10,331] Trial 12 finished with value: 1.0 and parameters: {'num_filters_1': 40, 'num_filters_2': 54, 'num_filters_3': 114, 'kernel_size': (3, 3), 'strides': 1, 'l1_ratio': 2.8966572029396836e-06, 'l2_ratio': 0.0015339299939185831, 'learning_rate': 5.320916426970277e-05}. Best is trial 0 with value: 1.0.
2024-06-14 07:35:10,338 - INFO - Creating model with params: {'num_filters_1': 25, 'num_filters_2': 126, 'num_filters_3': 63, 'kernel_size': (3, 3), 'strides': 2, 'l1_ratio': 1.0100010506218387e-06, 'l2_ratio': 0.002525035962820812, 'learning_rate': 2.8412650435984277e-05}
2024-06-14 07:35:10,628 - INFO - Training the model
2024-06-14 07:35:33,273 - INFO - Evaluating the model
2024-06-14 07:35:33,526 - INFO - Model accuracy: 1.0
[I 2024-06-14 07:35:33,528] Trial 13 finished with value: 1.0 and parameters: {'num_filters_1': 25, 'num_filters_2': 126, 'num_filters_3': 63, 'kernel_size': (3, 3), 'strides': 2, 'l1_ratio': 1.0100010506218387e-06, 'l2_ratio': 0.002525035962820812, 'learning_rate': 2.8412650435984277e-05}. Best is trial 0 with value: 1.0.
2024-06-14 07:35:33,535 - INFO - Creating model with params: {'num_filters_1': 16, 'num_filters_2': 63, 'num_filters_3': 32, 'kernel_size': (3, 3), 'strides': 2, 'l1_ratio': 0.000816123575675196, 'l2_ratio': 0.0004738337107667273, 'learning_rate': 0.00860405624929616}
2024-06-14 07:35:33,820 - INFO - Training the model
2024-06-14 07:35:49,123 - INFO - Evaluating the model
2024-06-14 07:35:49,328 - INFO - Model accuracy: 1.0
[I 2024-06-14 07:35:49,330] Trial 14 finished with value: 1.0 and parameters: {'num_filters_1': 16, 'num_filters_2': 63, 'num_filters_3': 32, 'kernel_size': (3, 3), 'strides': 2, 'l1_ratio': 0.000816123575675196, 'l2_ratio': 0.0004738337107667273, 'learning_rate': 0.00860405624929616}. Best is trial 0 with value: 1.0.
2024-06-14 07:35:49,336 - INFO - Creating model with params: {'num_filters_1': 37, 'num_filters_2': 93, 'num_filters_3': 69, 'kernel_size': (5, 5), 'strides': 1, 'l1_ratio': 4.75607729327579e-06, 'l2_ratio': 4.498386377063805e-05, 'learning_rate': 0.00012426274120313339}
2024-06-14 07:35:49,634 - INFO - Training the model
2024-06-14 07:43:17,416 - INFO - Evaluating the model
2024-06-14 07:43:20,664 - INFO - Model accuracy: 1.0
[I 2024-06-14 07:43:20,667] Trial 15 finished with value: 1.0 and parameters: {'num_filters_1': 37, 'num_filters_2': 93, 'num_filters_3': 69, 'kernel_size': (5, 5), 'strides': 1, 'l1_ratio': 4.75607729327579e-06, 'l2_ratio': 4.498386377063805e-05, 'learning_rate': 0.00012426274120313339}. Best is trial 0 with value: 1.0.
2024-06-14 07:43:20,674 - INFO - Creating model with params: {'num_filters_1': 42, 'num_filters_2': 114, 'num_filters_3': 45, 'kernel_size': (5, 5), 'strides': 1, 'l1_ratio': 1.4659980757463627e-05, 'l2_ratio': 0.009053835080007767, 'learning_rate': 0.00042362580226913796}
2024-06-14 07:43:20,980 - INFO - Training the model
2024-06-14 07:51:53,988 - INFO - Evaluating the model
2024-06-14 07:51:57,571 - INFO - Model accuracy: 1.0
[I 2024-06-14 07:51:57,573] Trial 16 finished with value: 1.0 and parameters: {'num_filters_1': 42, 'num_filters_2': 114, 'num_filters_3': 45, 'kernel_size': (5, 5), 'strides': 1, 'l1_ratio': 1.4659980757463627e-05, 'l2_ratio': 0.009053835080007767, 'learning_rate': 0.00042362580226913796}. Best is trial 0 with value: 1.0.
2024-06-14 07:51:57,580 - INFO - Creating model with params: {'num_filters_1': 16, 'num_filters_2': 62, 'num_filters_3': 35, 'kernel_size': (3, 3), 'strides': 2, 'l1_ratio': 0.0018127346418919121, 'l2_ratio': 0.00034028902358306407, 'learning_rate': 0.00814026047699967}
2024-06-14 07:51:57,868 - INFO - Training the model
2024-06-14 07:52:13,238 - INFO - Evaluating the model
2024-06-14 07:52:13,442 - INFO - Model accuracy: 1.0
[I 2024-06-14 07:52:13,444] Trial 17 finished with value: 1.0 and parameters: {'num_filters_1': 16, 'num_filters_2': 62, 'num_filters_3': 35, 'kernel_size': (3, 3), 'strides': 2, 'l1_ratio': 0.0018127346418919121, 'l2_ratio': 0.00034028902358306407, 'learning_rate': 0.00814026047699967}. Best is trial 0 with value: 1.0.
2024-06-14 07:52:13,450 - INFO - Creating model with params: {'num_filters_1': 35, 'num_filters_2': 90, 'num_filters_3': 64, 'kernel_size': (3, 3), 'strides': 2, 'l1_ratio': 4.20595161144503e-06, 'l2_ratio': 4.682533271503177e-05, 'learning_rate': 0.00013315643541851626}
2024-06-14 07:52:13,754 - INFO - Training the model
2024-06-14 07:52:40,395 - INFO - Evaluating the model
2024-06-14 07:52:40,682 - INFO - Model accuracy: 1.0
[I 2024-06-14 07:52:40,684] Trial 18 finished with value: 1.0 and parameters: {'num_filters_1': 35, 'num_filters_2': 90, 'num_filters_3': 64, 'kernel_size': (3, 3), 'strides': 2, 'l1_ratio': 4.20595161144503e-06, 'l2_ratio': 4.682533271503177e-05, 'learning_rate': 0.00013315643541851626}. Best is trial 0 with value: 1.0.
2024-06-14 07:52:40,691 - INFO - Creating model with params: {'num_filters_1': 44, 'num_filters_2': 43, 'num_filters_3': 46, 'kernel_size': (5, 5), 'strides': 1, 'l1_ratio': 1.917095320373058e-05, 'l2_ratio': 0.009953165769782444, 'learning_rate': 0.0004396091519496946}
2024-06-14 07:52:40,987 - INFO - Training the model
2024-06-14 07:58:41,425 - INFO - Evaluating the model
2024-06-14 07:58:43,894 - INFO - Model accuracy: 1.0
[I 2024-06-14 07:58:43,897] Trial 19 finished with value: 1.0 and parameters: {'num_filters_1': 44, 'num_filters_2': 43, 'num_filters_3': 46, 'kernel_size': (5, 5), 'strides': 1, 'l1_ratio': 1.917095320373058e-05, 'l2_ratio': 0.009953165769782444, 'learning_rate': 0.0004396091519496946}. Best is trial 0 with value: 1.0.
2024-06-14 07:58:43,904 - INFO - Creating model with params: {'num_filters_1': 16, 'num_filters_2': 32, 'num_filters_3': 33, 'kernel_size': (3, 3), 'strides': 2, 'l1_ratio': 0.007407262880758257, 'l2_ratio': 7.896177355052984e-06, 'learning_rate': 0.008891365353237049}
2024-06-14 07:58:44,196 - INFO - Training the model
2024-06-14 07:58:58,352 - INFO - Evaluating the model
2024-06-14 07:58:58,560 - INFO - Model accuracy: 1.0
[I 2024-06-14 07:58:58,563] Trial 20 finished with value: 1.0 and parameters: {'num_filters_1': 16, 'num_filters_2': 32, 'num_filters_3': 33, 'kernel_size': (3, 3), 'strides': 2, 'l1_ratio': 0.007407262880758257, 'l2_ratio': 7.896177355052984e-06, 'learning_rate': 0.008891365353237049}. Best is trial 0 with value: 1.0.
2024-06-14 07:58:58,570 - INFO - Creating model with params: {'num_filters_1': 21, 'num_filters_2': 69, 'num_filters_3': 54, 'kernel_size': (3, 3), 'strides': 2, 'l1_ratio': 0.0014911713000072932, 'l2_ratio': 7.732776469983512e-05, 'learning_rate': 0.00492014223715247}
2024-06-14 07:58:58,865 - INFO - Training the model
2024-06-14 07:59:18,675 - INFO - Evaluating the model
2024-06-14 07:59:18,911 - INFO - Model accuracy: 1.0
[I 2024-06-14 07:59:18,913] Trial 21 finished with value: 1.0 and parameters: {'num_filters_1': 21, 'num_filters_2': 69, 'num_filters_3': 54, 'kernel_size': (3, 3), 'strides': 2, 'l1_ratio': 0.0014911713000072932, 'l2_ratio': 7.732776469983512e-05, 'learning_rate': 0.00492014223715247}. Best is trial 0 with value: 1.0.
2024-06-14 07:59:18,920 - INFO - Creating model with params: {'num_filters_1': 46, 'num_filters_2': 47, 'num_filters_3': 44, 'kernel_size': (3, 3), 'strides': 2, 'l1_ratio': 2.492913505987222e-05, 'l2_ratio': 2.250505164796133e-06, 'learning_rate': 0.0003110766265682429}
2024-06-14 07:59:19,207 - INFO - Training the model
2024-06-14 07:59:49,495 - INFO - Evaluating the model
2024-06-14 07:59:49,803 - INFO - Model accuracy: 1.0
[I 2024-06-14 07:59:49,805] Trial 22 finished with value: 1.0 and parameters: {'num_filters_1': 46, 'num_filters_2': 47, 'num_filters_3': 44, 'kernel_size': (3, 3), 'strides': 2, 'l1_ratio': 2.492913505987222e-05, 'l2_ratio': 2.250505164796133e-06, 'learning_rate': 0.0003110766265682429}. Best is trial 0 with value: 1.0.
2024-06-14 07:59:49,813 - INFO - Creating model with params: {'num_filters_1': 56, 'num_filters_2': 32, 'num_filters_3': 42, 'kernel_size': (3, 3), 'strides': 2, 'l1_ratio': 0.008381217863939213, 'l2_ratio': 4.46634033726539e-06, 'learning_rate': 0.0022861188502018262}
2024-06-14 07:59:50,105 - INFO - Training the model
2024-06-14 08:00:22,703 - INFO - Evaluating the model
2024-06-14 08:00:23,034 - INFO - Model accuracy: 1.0
[I 2024-06-14 08:00:23,037] Trial 23 finished with value: 1.0 and parameters: {'num_filters_1': 56, 'num_filters_2': 32, 'num_filters_3': 42, 'kernel_size': (3, 3), 'strides': 2, 'l1_ratio': 0.008381217863939213, 'l2_ratio': 4.46634033726539e-06, 'learning_rate': 0.0022861188502018262}. Best is trial 0 with value: 1.0.
2024-06-14 08:00:23,043 - INFO - Creating model with params: {'num_filters_1': 21, 'num_filters_2': 70, 'num_filters_3': 55, 'kernel_size': (3, 3), 'strides': 2, 'l1_ratio': 0.009478136029864161, 'l2_ratio': 8.032946824949417e-06, 'learning_rate': 0.0040494152389793925}
2024-06-14 08:00:23,333 - INFO - Training the model
2024-06-14 08:00:42,787 - INFO - Evaluating the model
2024-06-14 08:00:43,028 - INFO - Model accuracy: 1.0
[I 2024-06-14 08:00:43,030] Trial 24 finished with value: 1.0 and parameters: {'num_filters_1': 21, 'num_filters_2': 70, 'num_filters_3': 55, 'kernel_size': (3, 3), 'strides': 2, 'l1_ratio': 0.009478136029864161, 'l2_ratio': 8.032946824949417e-06, 'learning_rate': 0.0040494152389793925}. Best is trial 0 with value: 1.0.
2024-06-14 08:00:43,037 - INFO - Creating model with params: {'num_filters_1': 47, 'num_filters_2': 48, 'num_filters_3': 56, 'kernel_size': (3, 3), 'strides': 2, 'l1_ratio': 0.00044412350237889585, 'l2_ratio': 1.0762108557731294e-06, 'learning_rate': 0.0006329422144201781}
2024-06-14 08:00:43,323 - INFO - Training the model
2024-06-14 08:01:13,847 - INFO - Evaluating the model
2024-06-14 08:01:14,179 - INFO - Model accuracy: 1.0
[I 2024-06-14 08:01:14,181] Trial 25 finished with value: 1.0 and parameters: {'num_filters_1': 47, 'num_filters_2': 48, 'num_filters_3': 56, 'kernel_size': (3, 3), 'strides': 2, 'l1_ratio': 0.00044412350237889585, 'l2_ratio': 1.0762108557731294e-06, 'learning_rate': 0.0006329422144201781}. Best is trial 0 with value: 1.0.
2024-06-14 08:01:14,189 - INFO - Creating model with params: {'num_filters_1': 54, 'num_filters_2': 37, 'num_filters_3': 41, 'kernel_size': (3, 3), 'strides': 2, 'l1_ratio': 7.149121507339518e-05, 'l2_ratio': 2.9794585713611932e-06, 'learning_rate': 0.0023631512589947267}
2024-06-14 08:01:14,476 - INFO - Training the model
2024-06-14 08:01:49,269 - INFO - Evaluating the model
2024-06-14 08:01:49,635 - INFO - Model accuracy: 1.0
[I 2024-06-14 08:01:49,637] Trial 26 finished with value: 1.0 and parameters: {'num_filters_1': 54, 'num_filters_2': 37, 'num_filters_3': 41, 'kernel_size': (3, 3), 'strides': 2, 'l1_ratio': 7.149121507339518e-05, 'l2_ratio': 2.9794585713611932e-06, 'learning_rate': 0.0023631512589947267}. Best is trial 0 with value: 1.0.
2024-06-14 08:01:49,644 - INFO - Creating model with params: {'num_filters_1': 29, 'num_filters_2': 52, 'num_filters_3': 50, 'kernel_size': (3, 3), 'strides': 2, 'l1_ratio': 0.005293724809734445, 'l2_ratio': 8.244985350286964e-06, 'learning_rate': 0.004627725232541722}
2024-06-14 08:01:49,931 - INFO - Training the model
2024-06-14 08:02:12,802 - INFO - Evaluating the model
2024-06-14 08:02:13,079 - INFO - Model accuracy: 1.0
[I 2024-06-14 08:02:13,082] Trial 27 finished with value: 1.0 and parameters: {'num_filters_1': 29, 'num_filters_2': 52, 'num_filters_3': 50, 'kernel_size': (3, 3), 'strides': 2, 'l1_ratio': 0.005293724809734445, 'l2_ratio': 8.244985350286964e-06, 'learning_rate': 0.004627725232541722}. Best is trial 0 with value: 1.0.
2024-06-14 08:02:13,089 - INFO - Creating model with params: {'num_filters_1': 38, 'num_filters_2': 72, 'num_filters_3': 58, 'kernel_size': (3, 3), 'strides': 2, 'l1_ratio': 0.0004376293488219635, 'l2_ratio': 1.3720305738754204e-06, 'learning_rate': 0.0006584588054968332}
2024-06-14 08:02:13,374 - INFO - Training the model
2024-06-14 08:02:40,201 - INFO - Evaluating the model
2024-06-14 08:02:40,471 - INFO - Model accuracy: 1.0
[I 2024-06-14 08:02:40,474] Trial 28 finished with value: 1.0 and parameters: {'num_filters_1': 38, 'num_filters_2': 72, 'num_filters_3': 58, 'kernel_size': (3, 3), 'strides': 2, 'l1_ratio': 0.0004376293488219635, 'l2_ratio': 1.3720305738754204e-06, 'learning_rate': 0.0006584588054968332}. Best is trial 0 with value: 1.0.
2024-06-14 08:02:40,481 - INFO - Creating model with params: {'num_filters_1': 54, 'num_filters_2': 39, 'num_filters_3': 39, 'kernel_size': (3, 3), 'strides': 2, 'l1_ratio': 7.011156562079199e-05, 'l2_ratio': 2.4440751396632575e-06, 'learning_rate': 0.0007866878277386195}
2024-06-14 08:02:40,767 - INFO - Training the model
2024-06-14 08:03:15,457 - INFO - Evaluating the model
2024-06-14 08:03:15,812 - INFO - Model accuracy: 1.0
[I 2024-06-14 08:03:15,815] Trial 29 finished with value: 1.0 and parameters: {'num_filters_1': 54, 'num_filters_2': 39, 'num_filters_3': 39, 'kernel_size': (3, 3), 'strides': 2, 'l1_ratio': 7.011156562079199e-05, 'l2_ratio': 2.4440751396632575e-06, 'learning_rate': 0.0007866878277386195}. Best is trial 0 with value: 1.0.
2024-06-14 08:03:15,822 - INFO - Creating model with params: {'num_filters_1': 28, 'num_filters_2': 51, 'num_filters_3': 48, 'kernel_size': (3, 3), 'strides': 2, 'l1_ratio': 0.00017891489495609408, 'l2_ratio': 1.4278302809401166e-05, 'learning_rate': 0.0036741525962290136}
2024-06-14 08:03:16,107 - INFO - Training the model
2024-06-14 08:03:37,026 - INFO - Evaluating the model
2024-06-14 08:03:37,272 - INFO - Model accuracy: 1.0
[I 2024-06-14 08:03:37,275] Trial 30 finished with value: 1.0 and parameters: {'num_filters_1': 28, 'num_filters_2': 51, 'num_filters_3': 48, 'kernel_size': (3, 3), 'strides': 2, 'l1_ratio': 0.00017891489495609408, 'l2_ratio': 1.4278302809401166e-05, 'learning_rate': 0.0036741525962290136}. Best is trial 0 with value: 1.0.
2024-06-14 08:03:37,282 - INFO - Creating model with params: {'num_filters_1': 32, 'num_filters_2': 38, 'num_filters_3': 62, 'kernel_size': (3, 3), 'strides': 2, 'l1_ratio': 0.0031427937924626247, 'l2_ratio': 2.2975388386399093e-06, 'learning_rate': 0.0025243370679412344}
2024-06-14 08:03:37,565 - INFO - Training the model
2024-06-14 08:03:58,132 - INFO - Evaluating the model
2024-06-14 08:03:58,379 - INFO - Model accuracy: 1.0
[I 2024-06-14 08:03:58,381] Trial 31 finished with value: 1.0 and parameters: {'num_filters_1': 32, 'num_filters_2': 38, 'num_filters_3': 62, 'kernel_size': (3, 3), 'strides': 2, 'l1_ratio': 0.0031427937924626247, 'l2_ratio': 2.2975388386399093e-06, 'learning_rate': 0.0025243370679412344}. Best is trial 0 with value: 1.0.
2024-06-14 08:03:58,388 - INFO - Creating model with params: {'num_filters_1': 38, 'num_filters_2': 56, 'num_filters_3': 38, 'kernel_size': (3, 3), 'strides': 2, 'l1_ratio': 0.00040363361689739355, 'l2_ratio': 1.378414185410586e-06, 'learning_rate': 0.001206012326746444}
2024-06-14 08:03:58,672 - INFO - Training the model
2024-06-14 08:04:25,400 - INFO - Evaluating the model
2024-06-14 08:04:25,706 - INFO - Model accuracy: 1.0
[I 2024-06-14 08:04:25,709] Trial 32 finished with value: 1.0 and parameters: {'num_filters_1': 38, 'num_filters_2': 56, 'num_filters_3': 38, 'kernel_size': (3, 3), 'strides': 2, 'l1_ratio': 0.00040363361689739355, 'l2_ratio': 1.378414185410586e-06, 'learning_rate': 0.001206012326746444}. Best is trial 0 with value: 1.0.
2024-06-14 08:04:25,717 - INFO - Creating model with params: {'num_filters_1': 27, 'num_filters_2': 43, 'num_filters_3': 49, 'kernel_size': (3, 3), 'strides': 2, 'l1_ratio': 0.0002353077583182341, 'l2_ratio': 4.787944023537914e-06, 'learning_rate': 0.00020876164070828524}
2024-06-14 08:04:26,000 - INFO - Training the model
2024-06-14 08:04:46,740 - INFO - Evaluating the model
2024-06-14 08:04:46,983 - INFO - Model accuracy: 1.0
[I 2024-06-14 08:04:46,985] Trial 33 finished with value: 1.0 and parameters: {'num_filters_1': 27, 'num_filters_2': 43, 'num_filters_3': 49, 'kernel_size': (3, 3), 'strides': 2, 'l1_ratio': 0.0002353077583182341, 'l2_ratio': 4.787944023537914e-06, 'learning_rate': 0.00020876164070828524}. Best is trial 0 with value: 1.0.
2024-06-14 08:04:46,993 - INFO - Creating model with params: {'num_filters_1': 32, 'num_filters_2': 38, 'num_filters_3': 72, 'kernel_size': (3, 3), 'strides': 2, 'l1_ratio': 0.0027598964229496046, 'l2_ratio': 1.2874387690563224e-05, 'learning_rate': 0.0033643270687991767}
2024-06-14 08:04:47,277 - INFO - Training the model
2024-06-14 08:05:07,959 - INFO - Evaluating the model
2024-06-14 08:05:08,207 - INFO - Model accuracy: 1.0
[I 2024-06-14 08:05:08,210] Trial 34 finished with value: 1.0 and parameters: {'num_filters_1': 32, 'num_filters_2': 38, 'num_filters_3': 72, 'kernel_size': (3, 3), 'strides': 2, 'l1_ratio': 0.0027598964229496046, 'l2_ratio': 1.2874387690563224e-05, 'learning_rate': 0.0033643270687991767}. Best is trial 0 with value: 1.0.
2024-06-14 08:05:08,217 - INFO - Creating model with params: {'num_filters_1': 19, 'num_filters_2': 65, 'num_filters_3': 36, 'kernel_size': (5, 5), 'strides': 1, 'l1_ratio': 0.001295476089626931, 'l2_ratio': 0.00010541938645474736, 'learning_rate': 0.006026474469080035}
2024-06-14 08:05:08,517 - INFO - Training the model
2024-06-14 08:09:11,807 - INFO - Evaluating the model
2024-06-14 08:09:13,722 - INFO - Model accuracy: 1.0
[I 2024-06-14 08:09:13,725] Trial 35 finished with value: 1.0 and parameters: {'num_filters_1': 19, 'num_filters_2': 65, 'num_filters_3': 36, 'kernel_size': (5, 5), 'strides': 1, 'l1_ratio': 0.001295476089626931, 'l2_ratio': 0.00010541938645474736, 'learning_rate': 0.006026474469080035}. Best is trial 0 with value: 1.0.
2024-06-14 08:09:13,733 - INFO - Creating model with params: {'num_filters_1': 22, 'num_filters_2': 32, 'num_filters_3': 33, 'kernel_size': (3, 3), 'strides': 2, 'l1_ratio': 0.006923656880973616, 'l2_ratio': 0.000133496169182104, 'learning_rate': 3.432164668463383e-05}
2024-06-14 08:09:14,021 - INFO - Training the model
2024-06-14 08:09:32,209 - INFO - Evaluating the model
2024-06-14 08:09:32,429 - INFO - Model accuracy: 1.0
[I 2024-06-14 08:09:32,431] Trial 36 finished with value: 1.0 and parameters: {'num_filters_1': 22, 'num_filters_2': 32, 'num_filters_3': 33, 'kernel_size': (3, 3), 'strides': 2, 'l1_ratio': 0.006923656880973616, 'l2_ratio': 0.000133496169182104, 'learning_rate': 3.432164668463383e-05}. Best is trial 0 with value: 1.0.
2024-06-14 08:09:32,439 - INFO - Creating model with params: {'num_filters_1': 18, 'num_filters_2': 49, 'num_filters_3': 81, 'kernel_size': (3, 3), 'strides': 2, 'l1_ratio': 0.0009615915304927702, 'l2_ratio': 4.8934988513204576e-05, 'learning_rate': 8.351426312782538e-05}
2024-06-14 08:09:32,723 - INFO - Training the model
2024-06-14 08:09:50,431 - INFO - Evaluating the model
2024-06-14 08:09:50,690 - INFO - Model accuracy: 1.0
[I 2024-06-14 08:09:50,693] Trial 37 finished with value: 1.0 and parameters: {'num_filters_1': 18, 'num_filters_2': 49, 'num_filters_3': 81, 'kernel_size': (3, 3), 'strides': 2, 'l1_ratio': 0.0009615915304927702, 'l2_ratio': 4.8934988513204576e-05, 'learning_rate': 8.351426312782538e-05}. Best is trial 0 with value: 1.0.
2024-06-14 08:09:50,700 - INFO - Creating model with params: {'num_filters_1': 61, 'num_filters_2': 46, 'num_filters_3': 42, 'kernel_size': (3, 3), 'strides': 2, 'l1_ratio': 3.354500879608654e-05, 'l2_ratio': 4.478285272692382e-06, 'learning_rate': 0.0002600304306923032}
2024-06-14 08:09:50,991 - INFO - Training the model
2024-06-14 08:10:29,799 - INFO - Evaluating the model
2024-06-14 08:10:30,187 - INFO - Model accuracy: 1.0
[I 2024-06-14 08:10:30,190] Trial 38 finished with value: 1.0 and parameters: {'num_filters_1': 61, 'num_filters_2': 46, 'num_filters_3': 42, 'kernel_size': (3, 3), 'strides': 2, 'l1_ratio': 3.354500879608654e-05, 'l2_ratio': 4.478285272692382e-06, 'learning_rate': 0.0002600304306923032}. Best is trial 0 with value: 1.0.
2024-06-14 08:10:30,198 - INFO - Creating model with params: {'num_filters_1': 56, 'num_filters_2': 82, 'num_filters_3': 52, 'kernel_size': (3, 3), 'strides': 2, 'l1_ratio': 9.498265875107959e-06, 'l2_ratio': 2.4952833825182922e-05, 'learning_rate': 0.001953859379872617}
2024-06-14 08:10:30,484 - INFO - Training the model
2024-06-14 08:11:06,136 - INFO - Evaluating the model
2024-06-14 08:11:06,497 - INFO - Model accuracy: 1.0
[I 2024-06-14 08:11:06,499] Trial 39 finished with value: 1.0 and parameters: {'num_filters_1': 56, 'num_filters_2': 82, 'num_filters_3': 52, 'kernel_size': (3, 3), 'strides': 2, 'l1_ratio': 9.498265875107959e-06, 'l2_ratio': 2.4952833825182922e-05, 'learning_rate': 0.001953859379872617}. Best is trial 0 with value: 1.0.
2024-06-14 08:11:06,507 - INFO - Creating model with params: {'num_filters_1': 48, 'num_filters_2': 70, 'num_filters_3': 44, 'kernel_size': (3, 3), 'strides': 2, 'l1_ratio': 0.009434761973346929, 'l2_ratio': 6.839867818331475e-06, 'learning_rate': 0.00039971163016416377}
2024-06-14 08:11:06,800 - INFO - Training the model
2024-06-14 08:11:36,002 - INFO - Evaluating the model
2024-06-14 08:11:36,318 - INFO - Model accuracy: 1.0
[I 2024-06-14 08:11:36,320] Trial 40 finished with value: 1.0 and parameters: {'num_filters_1': 48, 'num_filters_2': 70, 'num_filters_3': 44, 'kernel_size': (3, 3), 'strides': 2, 'l1_ratio': 0.009434761973346929, 'l2_ratio': 6.839867818331475e-06, 'learning_rate': 0.00039971163016416377}. Best is trial 0 with value: 1.0.
2024-06-14 08:11:36,328 - INFO - Creating model with params: {'num_filters_1': 46, 'num_filters_2': 47, 'num_filters_3': 56, 'kernel_size': (3, 3), 'strides': 2, 'l1_ratio': 0.009906782978877843, 'l2_ratio': 1.0703409893733102e-06, 'learning_rate': 0.001119337965909718}
2024-06-14 08:11:36,618 - INFO - Training the model
2024-06-14 08:12:06,376 - INFO - Evaluating the model
2024-06-14 08:12:06,700 - INFO - Model accuracy: 1.0
