[ha231431@frontend11 EvoNet-CNN-Insight]$ ls
AM  bayesian_optimization.py  error.txt  IS              Model_training_2  optimal_params.pkl  README.md  RW                      venv
AS  Datasets                  IM         model_training  Model_training_3  output.txt          RM         submit_optimization.sh
[ha231431@frontend11 EvoNet-CNN-Insight]$ clear
[ha231431@frontend11 EvoNet-CNN-Insight]$ cat error.txt
/data/home/ha231431/.bash_profile: line 2: conda: command not found
/data/home/ha231431/.bash_profile: line 4: conda: command not found
/data/home/ha231431/.bash_profile: line 6: conda: command not found
Variable OMP_NUM_THREADS has been set to 4
2024-06-13 22:00:09.391078: W tensorflow/stream_executor/platform/default/dso_loader.cc:64] Could not load dynamic library 'libcudart.so.11.0'; dlerror: libcudart.so.11.0: cannot open shared object file: No such file or directory; LD_LIBRARY_PATH: /share/apps/centos7/python/gcc/4.8.5/3.8.5/lib
2024-06-13 22:00:09.394188: I tensorflow/stream_executor/cuda/cudart_stub.cc:29] Ignore above cudart dlerror if you do not have a GPU set up on your machine.
2024-06-13 22:00:38,869 - INFO - Started bayesian_optimization.py script
2024-06-13 22:00:38,897 - INFO - Starting optimization for scenario: AM
2024-06-13 22:00:38,897 - INFO - Processing: /data/home/ha231431/EvoNet-CNN-Insight/AM/Simulations1
2024-06-13 22:01:14,022 - INFO - Processing: /data/home/ha231431/EvoNet-CNN-Insight/AM/Simulations2
2024-06-13 22:01:48,516 - INFO - Processing: /data/home/ha231431/EvoNet-CNN-Insight/AM/Simulations3
2024-06-13 22:02:23,078 - INFO - Processing: /data/home/ha231431/EvoNet-CNN-Insight/AM/Simulations4
2024-06-13 22:02:57,804 - INFO - Processing: /data/home/ha231431/EvoNet-CNN-Insight/AM/Simulations5
2024-06-13 22:03:32,160 - INFO - Total data shape: (5000, 198, 192, 1)
2024-06-13 22:03:32,163 - INFO - Total targets shape: (5000,)
[I 2024-06-13 22:03:32,165] A new study created in memory with name: no-name-fc9229f1-6009-4886-a445-a865e7f7d043
2024-06-13 22:03:32,196 - INFO - Creating model with params: {'num_filters_1': 17, 'num_filters_2': 93, 'num_filters_3': 106, 'kernel_size': (3, 3), 'strides': 1, 'l1_ratio': 9.299115750707925e-06, 'l2_ratio': 1.2459203031568373e-06, 'learning_rate': 0.0001358195436069012}
2024-06-13 22:03:32.244170: W tensorflow/stream_executor/platform/default/dso_loader.cc:64] Could not load dynamic library 'libcuda.so.1'; dlerror: libcuda.so.1: cannot open shared object file: No such file or directory; LD_LIBRARY_PATH: /share/apps/centos7/python/gcc/4.8.5/3.8.5/lib
2024-06-13 22:03:32.244237: W tensorflow/stream_executor/cuda/cuda_driver.cc:326] failed call to cuInit: UNKNOWN ERROR (303)
2024-06-13 22:03:32.244270: I tensorflow/stream_executor/cuda/cuda_diagnostics.cc:156] kernel driver does not appear to be running on this host (ddy46): /proc/driver/nvidia/version does not exist
2024-06-13 22:03:32.244739: I tensorflow/core/platform/cpu_feature_guard.cc:142] This TensorFlow binary is optimized with oneAPI Deep Neural Network Library (oneDNN) to use the following CPU instructions in performance-critical operations:  AVX2 AVX512F FMA
To enable them in other operations, rebuild TensorFlow with the appropriate compiler flags.
2024-06-13 22:03:32,599 - INFO - Training the model
2024-06-13 22:03:32.961389: I tensorflow/compiler/mlir/mlir_graph_optimization_pass.cc:176] None of the MLIR Optimization Passes are enabled (registered 2)
2024-06-13 22:03:32.962196: I tensorflow/core/platform/profile_utils/cpu_utils.cc:114] CPU Frequency: 2900000000 Hz
2024-06-13 22:06:42,330 - INFO - Evaluating the model
2024-06-13 22:06:43,918 - INFO - Model accuracy: 1.0
/data/home/ha231431/EvoNet-CNN-Insight/venv/lib/python3.8/site-packages/optuna/distributions.py:427: UserWarning: Choices for a categorical distribution should be a tuple of None, bool, int, float and str for persistent storage but contains (3, 3) which is of type tuple.
  warnings.warn(message)
/data/home/ha231431/EvoNet-CNN-Insight/venv/lib/python3.8/site-packages/optuna/distributions.py:427: UserWarning: Choices for a categorical distribution should be a tuple of None, bool, int, float and str for persistent storage but contains (5, 5) which is of type tuple.
  warnings.warn(message)
[I 2024-06-13 22:06:43,921] Trial 0 finished with value: 1.0 and parameters: {'num_filters_1': 17, 'num_filters_2': 93, 'num_filters_3': 106, 'kernel_size': (3, 3), 'strides': 1, 'l1_ratio': 9.299115750707925e-06, 'l2_ratio': 1.2459203031568373e-06, 'learning_rate': 0.0001358195436069012}. Best is trial 0 with value: 1.0.
2024-06-13 22:06:43,926 - INFO - Creating model with params: {'num_filters_1': 38, 'num_filters_2': 115, 'num_filters_3': 65, 'kernel_size': (5, 5), 'strides': 1, 'l1_ratio': 0.005042030878982417, 'l2_ratio': 1.2312563273793006e-05, 'learning_rate': 0.007725581428664291}
2024-06-13 22:06:44,240 - INFO - Training the model
2024-06-13 22:15:29,025 - INFO - Evaluating the model
2024-06-13 22:15:32,854 - INFO - Model accuracy: 1.0
[I 2024-06-13 22:15:32,857] Trial 1 finished with value: 1.0 and parameters: {'num_filters_1': 38, 'num_filters_2': 115, 'num_filters_3': 65, 'kernel_size': (5, 5), 'strides': 1, 'l1_ratio': 0.005042030878982417, 'l2_ratio': 1.2312563273793006e-05, 'learning_rate': 0.007725581428664291}. Best is trial 0 with value: 1.0.
2024-06-13 22:15:32,858 - INFO - Creating model with params: {'num_filters_1': 38, 'num_filters_2': 43, 'num_filters_3': 42, 'kernel_size': (5, 5), 'strides': 1, 'l1_ratio': 3.52355563019829e-05, 'l2_ratio': 3.614162537747293e-05, 'learning_rate': 7.957428823727635e-05}
2024-06-13 22:15:33,167 - INFO - Training the model
2024-06-13 22:21:24,660 - INFO - Evaluating the model
2024-06-13 22:21:26,954 - INFO - Model accuracy: 1.0
[I 2024-06-13 22:21:26,957] Trial 2 finished with value: 1.0 and parameters: {'num_filters_1': 38, 'num_filters_2': 43, 'num_filters_3': 42, 'kernel_size': (5, 5), 'strides': 1, 'l1_ratio': 3.52355563019829e-05, 'l2_ratio': 3.614162537747293e-05, 'learning_rate': 7.957428823727635e-05}. Best is trial 0 with value: 1.0.
2024-06-13 22:21:26,958 - INFO - Creating model with params: {'num_filters_1': 43, 'num_filters_2': 125, 'num_filters_3': 65, 'kernel_size': (3, 3), 'strides': 2, 'l1_ratio': 1.6626375143590705e-05, 'l2_ratio': 0.0006879106075521378, 'learning_rate': 0.00018329170002025035}
2024-06-13 22:21:27,269 - INFO - Training the model
2024-06-13 22:22:01,988 - INFO - Evaluating the model
2024-06-13 22:22:02,350 - INFO - Model accuracy: 1.0
[I 2024-06-13 22:22:02,353] Trial 3 finished with value: 1.0 and parameters: {'num_filters_1': 43, 'num_filters_2': 125, 'num_filters_3': 65, 'kernel_size': (3, 3), 'strides': 2, 'l1_ratio': 1.6626375143590705e-05, 'l2_ratio': 0.0006879106075521378, 'learning_rate': 0.00018329170002025035}. Best is trial 0 with value: 1.0.
2024-06-13 22:22:02,355 - INFO - Creating model with params: {'num_filters_1': 22, 'num_filters_2': 45, 'num_filters_3': 119, 'kernel_size': (5, 5), 'strides': 2, 'l1_ratio': 3.674282243229045e-05, 'l2_ratio': 0.0009671418837476178, 'learning_rate': 0.004495541520470547}
2024-06-13 22:22:02,652 - INFO - Training the model
2024-06-13 22:22:31,529 - INFO - Evaluating the model
2024-06-13 22:22:31,860 - INFO - Model accuracy: 1.0
[I 2024-06-13 22:22:31,864] Trial 4 finished with value: 1.0 and parameters: {'num_filters_1': 22, 'num_filters_2': 45, 'num_filters_3': 119, 'kernel_size': (5, 5), 'strides': 2, 'l1_ratio': 3.674282243229045e-05, 'l2_ratio': 0.0009671418837476178, 'learning_rate': 0.004495541520470547}. Best is trial 0 with value: 1.0.
2024-06-13 22:22:31,865 - INFO - Creating model with params: {'num_filters_1': 64, 'num_filters_2': 78, 'num_filters_3': 33, 'kernel_size': (3, 3), 'strides': 2, 'l1_ratio': 2.360437393866717e-05, 'l2_ratio': 0.002677415180042016, 'learning_rate': 0.00037613035307351104}
2024-06-13 22:22:32,162 - INFO - Training the model
2024-06-13 22:23:12,307 - INFO - Evaluating the model
2024-06-13 22:23:12,743 - INFO - Model accuracy: 1.0
[I 2024-06-13 22:23:12,745] Trial 5 finished with value: 1.0 and parameters: {'num_filters_1': 64, 'num_filters_2': 78, 'num_filters_3': 33, 'kernel_size': (3, 3), 'strides': 2, 'l1_ratio': 2.360437393866717e-05, 'l2_ratio': 0.002677415180042016, 'learning_rate': 0.00037613035307351104}. Best is trial 0 with value: 1.0.
2024-06-13 22:23:12,747 - INFO - Creating model with params: {'num_filters_1': 37, 'num_filters_2': 121, 'num_filters_3': 62, 'kernel_size': (3, 3), 'strides': 2, 'l1_ratio': 0.0011605718229001554, 'l2_ratio': 0.0003583935982851334, 'learning_rate': 0.00012190403163164486}
2024-06-13 22:23:13,045 - INFO - Training the model
2024-06-13 22:23:44,994 - INFO - Evaluating the model
2024-06-13 22:23:45,341 - INFO - Model accuracy: 1.0
[I 2024-06-13 22:23:45,343] Trial 6 finished with value: 1.0 and parameters: {'num_filters_1': 37, 'num_filters_2': 121, 'num_filters_3': 62, 'kernel_size': (3, 3), 'strides': 2, 'l1_ratio': 0.0011605718229001554, 'l2_ratio': 0.0003583935982851334, 'learning_rate': 0.00012190403163164486}. Best is trial 0 with value: 1.0.
2024-06-13 22:23:45,345 - INFO - Creating model with params: {'num_filters_1': 62, 'num_filters_2': 106, 'num_filters_3': 38, 'kernel_size': (3, 3), 'strides': 1, 'l1_ratio': 1.3666490597423076e-05, 'l2_ratio': 0.0011090332707333376, 'learning_rate': 0.00023144290996056198}
2024-06-13 22:23:45,665 - INFO - Training the model
2024-06-13 22:29:20,332 - INFO - Evaluating the model
2024-06-13 22:29:22,981 - INFO - Model accuracy: 1.0
[I 2024-06-13 22:29:22,984] Trial 7 finished with value: 1.0 and parameters: {'num_filters_1': 62, 'num_filters_2': 106, 'num_filters_3': 38, 'kernel_size': (3, 3), 'strides': 1, 'l1_ratio': 1.3666490597423076e-05, 'l2_ratio': 0.0011090332707333376, 'learning_rate': 0.00023144290996056198}. Best is trial 0 with value: 1.0.
2024-06-13 22:29:22,985 - INFO - Creating model with params: {'num_filters_1': 46, 'num_filters_2': 82, 'num_filters_3': 63, 'kernel_size': (3, 3), 'strides': 1, 'l1_ratio': 0.0026609670867958077, 'l2_ratio': 2.295677799294745e-06, 'learning_rate': 0.005741957019804012}
2024-06-13 22:29:23,313 - INFO - Training the model
2024-06-13 22:33:31,735 - INFO - Evaluating the model
2024-06-13 22:33:33,790 - INFO - Model accuracy: 1.0
[I 2024-06-13 22:33:33,793] Trial 8 finished with value: 1.0 and parameters: {'num_filters_1': 46, 'num_filters_2': 82, 'num_filters_3': 63, 'kernel_size': (3, 3), 'strides': 1, 'l1_ratio': 0.0026609670867958077, 'l2_ratio': 2.295677799294745e-06, 'learning_rate': 0.005741957019804012}. Best is trial 0 with value: 1.0.
2024-06-13 22:33:33,795 - INFO - Creating model with params: {'num_filters_1': 57, 'num_filters_2': 89, 'num_filters_3': 42, 'kernel_size': (3, 3), 'strides': 2, 'l1_ratio': 1.6928757319867587e-06, 'l2_ratio': 0.0006468723838006668, 'learning_rate': 0.002747119101978933}
2024-06-13 22:33:34,104 - INFO - Training the model
2024-06-13 22:34:14,639 - INFO - Evaluating the model
2024-06-13 22:34:15,097 - INFO - Model accuracy: 1.0
[I 2024-06-13 22:34:15,100] Trial 9 finished with value: 1.0 and parameters: {'num_filters_1': 57, 'num_filters_2': 89, 'num_filters_3': 42, 'kernel_size': (3, 3), 'strides': 2, 'l1_ratio': 1.6928757319867587e-06, 'l2_ratio': 0.0006468723838006668, 'learning_rate': 0.002747119101978933}. Best is trial 0 with value: 1.0.
2024-06-13 22:34:15,107 - INFO - Creating model with params: {'num_filters_1': 17, 'num_filters_2': 63, 'num_filters_3': 114, 'kernel_size': (3, 3), 'strides': 1, 'l1_ratio': 1.972633177970077e-06, 'l2_ratio': 2.05408655021146e-06, 'learning_rate': 1.0268172954989164e-05}
2024-06-13 22:34:15,433 - INFO - Training the model
2024-06-13 22:36:51,682 - INFO - Evaluating the model
2024-06-13 22:36:53,032 - INFO - Model accuracy: 1.0
[I 2024-06-13 22:36:53,035] Trial 10 finished with value: 1.0 and parameters: {'num_filters_1': 17, 'num_filters_2': 63, 'num_filters_3': 114, 'kernel_size': (3, 3), 'strides': 1, 'l1_ratio': 1.972633177970077e-06, 'l2_ratio': 2.05408655021146e-06, 'learning_rate': 1.0268172954989164e-05}. Best is trial 0 with value: 1.0.
2024-06-13 22:36:53,042 - INFO - Creating model with params: {'num_filters_1': 27, 'num_filters_2': 105, 'num_filters_3': 96, 'kernel_size': (5, 5), 'strides': 1, 'l1_ratio': 0.00038678684993963855, 'l2_ratio': 1.3285751451048502e-05, 'learning_rate': 0.0008134749757362565}
2024-06-13 22:36:53,359 - INFO - Training the model
2024-06-13 22:43:51,054 - INFO - Evaluating the model
2024-06-13 22:43:54,118 - INFO - Model accuracy: 1.0
[I 2024-06-13 22:43:54,120] Trial 11 finished with value: 1.0 and parameters: {'num_filters_1': 27, 'num_filters_2': 105, 'num_filters_3': 96, 'kernel_size': (5, 5), 'strides': 1, 'l1_ratio': 0.00038678684993963855, 'l2_ratio': 1.3285751451048502e-05, 'learning_rate': 0.0008134749757362565}. Best is trial 0 with value: 1.0.
2024-06-13 22:43:54,127 - INFO - Creating model with params: {'num_filters_1': 29, 'num_filters_2': 105, 'num_filters_3': 92, 'kernel_size': (5, 5), 'strides': 1, 'l1_ratio': 0.00023346695871165462, 'l2_ratio': 7.543768691808098e-06, 'learning_rate': 3.137194587492898e-05}
2024-06-13 22:43:54,453 - INFO - Training the model
2024-06-13 22:51:14,188 - INFO - Evaluating the model
2024-06-13 22:51:17,347 - INFO - Model accuracy: 1.0
[I 2024-06-13 22:51:17,350] Trial 12 finished with value: 1.0 and parameters: {'num_filters_1': 29, 'num_filters_2': 105, 'num_filters_3': 92, 'kernel_size': (5, 5), 'strides': 1, 'l1_ratio': 0.00023346695871165462, 'l2_ratio': 7.543768691808098e-06, 'learning_rate': 3.137194587492898e-05}. Best is trial 0 with value: 1.0.
2024-06-13 22:51:17,357 - INFO - Creating model with params: {'num_filters_1': 51, 'num_filters_2': 115, 'num_filters_3': 82, 'kernel_size': (5, 5), 'strides': 1, 'l1_ratio': 5.020329823690426e-06, 'l2_ratio': 1.019590749329592e-06, 'learning_rate': 0.0012518258325657462}
2024-06-13 22:51:17,671 - INFO - Training the model
2024-06-13 23:02:26,962 - INFO - Evaluating the model
2024-06-13 23:02:31,685 - INFO - Model accuracy: 1.0
[I 2024-06-13 23:02:31,687] Trial 13 finished with value: 1.0 and parameters: {'num_filters_1': 51, 'num_filters_2': 115, 'num_filters_3': 82, 'kernel_size': (5, 5), 'strides': 1, 'l1_ratio': 5.020329823690426e-06, 'l2_ratio': 1.019590749329592e-06, 'learning_rate': 0.0012518258325657462}. Best is trial 0 with value: 1.0.
2024-06-13 23:02:31,694 - INFO - Creating model with params: {'num_filters_1': 32, 'num_filters_2': 94, 'num_filters_3': 105, 'kernel_size': (5, 5), 'strides': 1, 'l1_ratio': 0.006921666351149425, 'l2_ratio': 8.844279107584143e-05, 'learning_rate': 4.857837436468552e-05}
2024-06-13 23:02:32,009 - INFO - Training the model
2024-06-13 23:09:03,313 - INFO - Evaluating the model
2024-06-13 23:09:06,265 - INFO - Model accuracy: 1.0
[I 2024-06-13 23:09:06,268] Trial 14 finished with value: 1.0 and parameters: {'num_filters_1': 32, 'num_filters_2': 94, 'num_filters_3': 105, 'kernel_size': (5, 5), 'strides': 1, 'l1_ratio': 0.006921666351149425, 'l2_ratio': 8.844279107584143e-05, 'learning_rate': 4.857837436468552e-05}. Best is trial 0 with value: 1.0.
2024-06-13 23:09:06,275 - INFO - Creating model with params: {'num_filters_1': 18, 'num_filters_2': 66, 'num_filters_3': 77, 'kernel_size': (5, 5), 'strides': 1, 'l1_ratio': 0.008875547342377416, 'l2_ratio': 8.037783083565143e-06, 'learning_rate': 1.8754521828867915e-05}
2024-06-13 23:09:06,581 - INFO - Training the model
2024-06-13 23:13:22,754 - INFO - Evaluating the model
2024-06-13 23:13:24,719 - INFO - Model accuracy: 1.0
[I 2024-06-13 23:13:24,721] Trial 15 finished with value: 1.0 and parameters: {'num_filters_1': 18, 'num_filters_2': 66, 'num_filters_3': 77, 'kernel_size': (5, 5), 'strides': 1, 'l1_ratio': 0.008875547342377416, 'l2_ratio': 8.037783083565143e-06, 'learning_rate': 1.8754521828867915e-05}. Best is trial 0 with value: 1.0.
2024-06-13 23:13:24,729 - INFO - Creating model with params: {'num_filters_1': 24, 'num_filters_2': 99, 'num_filters_3': 54, 'kernel_size': (3, 3), 'strides': 1, 'l1_ratio': 0.00012330607436904556, 'l2_ratio': 1.300449747375281e-06, 'learning_rate': 0.009747944930723819}
2024-06-13 23:13:25,038 - INFO - Training the model
2024-06-13 23:16:31,295 - INFO - Evaluating the model
2024-06-13 23:16:32,913 - INFO - Model accuracy: 1.0
[I 2024-06-13 23:16:32,916] Trial 16 finished with value: 1.0 and parameters: {'num_filters_1': 24, 'num_filters_2': 99, 'num_filters_3': 54, 'kernel_size': (3, 3), 'strides': 1, 'l1_ratio': 0.00012330607436904556, 'l2_ratio': 1.300449747375281e-06, 'learning_rate': 0.009747944930723819}. Best is trial 0 with value: 1.0.
2024-06-13 23:16:32,923 - INFO - Creating model with params: {'num_filters_1': 32, 'num_filters_2': 91, 'num_filters_3': 106, 'kernel_size': (5, 5), 'strides': 1, 'l1_ratio': 3.975186193618553e-06, 'l2_ratio': 0.00011774145105159842, 'learning_rate': 4.7681916677466125e-05}
2024-06-13 23:16:33,245 - INFO - Training the model
2024-06-13 23:23:17,474 - INFO - Evaluating the model
2024-06-13 23:23:20,580 - INFO - Model accuracy: 1.0
[I 2024-06-13 23:23:20,583] Trial 17 finished with value: 1.0 and parameters: {'num_filters_1': 32, 'num_filters_2': 91, 'num_filters_3': 106, 'kernel_size': (5, 5), 'strides': 1, 'l1_ratio': 3.975186193618553e-06, 'l2_ratio': 0.00011774145105159842, 'learning_rate': 4.7681916677466125e-05}. Best is trial 0 with value: 1.0.
2024-06-13 23:23:20,590 - INFO - Creating model with params: {'num_filters_1': 16, 'num_filters_2': 67, 'num_filters_3': 80, 'kernel_size': (3, 3), 'strides': 1, 'l1_ratio': 0.0008863779432851246, 'l2_ratio': 4.117081875994908e-06, 'learning_rate': 1.0016346533939143e-05}
2024-06-13 23:23:20,907 - INFO - Training the model
2024-06-13 23:25:38,468 - INFO - Evaluating the model
2024-06-13 23:25:39,688 - INFO - Model accuracy: 1.0
[I 2024-06-13 23:25:39,690] Trial 18 finished with value: 1.0 and parameters: {'num_filters_1': 16, 'num_filters_2': 67, 'num_filters_3': 80, 'kernel_size': (3, 3), 'strides': 1, 'l1_ratio': 0.0008863779432851246, 'l2_ratio': 4.117081875994908e-06, 'learning_rate': 1.0016346533939143e-05}. Best is trial 0 with value: 1.0.
2024-06-13 23:25:39,698 - INFO - Creating model with params: {'num_filters_1': 22, 'num_filters_2': 98, 'num_filters_3': 128, 'kernel_size': (3, 3), 'strides': 1, 'l1_ratio': 0.00011181941876685472, 'l2_ratio': 1.017322225369593e-06, 'learning_rate': 0.0005179580463386912}
2024-06-13 23:25:40,020 - INFO - Training the model
2024-06-13 23:29:09,695 - INFO - Evaluating the model
2024-06-13 23:29:11,455 - INFO - Model accuracy: 1.0
[I 2024-06-13 23:29:11,458] Trial 19 finished with value: 1.0 and parameters: {'num_filters_1': 22, 'num_filters_2': 98, 'num_filters_3': 128, 'kernel_size': (3, 3), 'strides': 1, 'l1_ratio': 0.00011181941876685472, 'l2_ratio': 1.017322225369593e-06, 'learning_rate': 0.0005179580463386912}. Best is trial 0 with value: 1.0.
2024-06-13 23:29:11,466 - INFO - Creating model with params: {'num_filters_1': 33, 'num_filters_2': 79, 'num_filters_3': 128, 'kernel_size': (5, 5), 'strides': 1, 'l1_ratio': 5.261613598667841e-06, 'l2_ratio': 0.00013165334786604404, 'learning_rate': 2.7525721712994734e-05}
2024-06-13 23:29:11,786 - INFO - Training the model
2024-06-13 23:36:14,185 - INFO - Evaluating the model
2024-06-13 23:36:17,160 - INFO - Model accuracy: 1.0
[I 2024-06-13 23:36:17,162] Trial 20 finished with value: 1.0 and parameters: {'num_filters_1': 33, 'num_filters_2': 79, 'num_filters_3': 128, 'kernel_size': (5, 5), 'strides': 1, 'l1_ratio': 5.261613598667841e-06, 'l2_ratio': 0.00013165334786604404, 'learning_rate': 2.7525721712994734e-05}. Best is trial 0 with value: 1.0.
2024-06-13 23:36:17,170 - INFO - Creating model with params: {'num_filters_1': 16, 'num_filters_2': 65, 'num_filters_3': 104, 'kernel_size': (3, 3), 'strides': 1, 'l1_ratio': 5.1541993834182315e-06, 'l2_ratio': 4.1602005869458964e-05, 'learning_rate': 1.0751851243942618e-05}
2024-06-13 23:36:17,487 - INFO - Training the model
2024-06-13 23:38:39,556 - INFO - Evaluating the model
2024-06-13 23:38:40,819 - INFO - Model accuracy: 1.0
[I 2024-06-13 23:38:40,822] Trial 21 finished with value: 1.0 and parameters: {'num_filters_1': 16, 'num_filters_2': 65, 'num_filters_3': 104, 'kernel_size': (3, 3), 'strides': 1, 'l1_ratio': 5.1541993834182315e-06, 'l2_ratio': 4.1602005869458964e-05, 'learning_rate': 1.0751851243942618e-05}. Best is trial 0 with value: 1.0.
2024-06-13 23:38:40,829 - INFO - Creating model with params: {'num_filters_1': 21, 'num_filters_2': 71, 'num_filters_3': 127, 'kernel_size': (3, 3), 'strides': 1, 'l1_ratio': 0.0006467159849774111, 'l2_ratio': 3.2081167318857877e-06, 'learning_rate': 0.0005112867220874011}
2024-06-13 23:38:41,150 - INFO - Training the model
2024-06-13 23:41:47,143 - INFO - Evaluating the model
2024-06-13 23:41:48,685 - INFO - Model accuracy: 1.0
[I 2024-06-13 23:41:48,688] Trial 22 finished with value: 1.0 and parameters: {'num_filters_1': 21, 'num_filters_2': 71, 'num_filters_3': 127, 'kernel_size': (3, 3), 'strides': 1, 'l1_ratio': 0.0006467159849774111, 'l2_ratio': 3.2081167318857877e-06, 'learning_rate': 0.0005112867220874011}. Best is trial 0 with value: 1.0.
2024-06-13 23:41:48,696 - INFO - Creating model with params: {'num_filters_1': 26, 'num_filters_2': 82, 'num_filters_3': 125, 'kernel_size': (3, 3), 'strides': 1, 'l1_ratio': 8.096670377086945e-05, 'l2_ratio': 0.009429159680653615, 'learning_rate': 0.0014801816690427421}
2024-06-13 23:41:49,019 - INFO - Training the model
2024-06-13 23:45:11,719 - INFO - Evaluating the model
2024-06-13 23:45:13,420 - INFO - Model accuracy: 1.0
